2023-02-01 12:04:17.179 [main] INFO  o.s.b.t.context.SpringBootTestContextBootstrapper - Neither @ContextConfiguration nor @ContextHierarchy found for test class [net.syl.dandelion.handler.TestHandlerApplication], using SpringBootContextLoader
2023-02-01 12:04:17.192 [main] INFO  o.s.test.context.support.AbstractContextLoader - Could not detect default resource locations for test class [net.syl.dandelion.handler.TestHandlerApplication]: no resource found for suffixes {-context.xml, Context.groovy}.
2023-02-01 12:04:17.495 [main] INFO  o.s.b.t.context.SpringBootTestContextBootstrapper - Loaded default TestExecutionListener class names from location [META-INF/spring.factories]: [org.springframework.boot.test.mock.mockito.MockitoTestExecutionListener, org.springframework.boot.test.mock.mockito.ResetMocksTestExecutionListener, org.springframework.boot.test.autoconfigure.restdocs.RestDocsTestExecutionListener, org.springframework.boot.test.autoconfigure.web.client.MockRestServiceServerResetTestExecutionListener, org.springframework.boot.test.autoconfigure.web.servlet.MockMvcPrintOnlyOnFailureTestExecutionListener, org.springframework.boot.test.autoconfigure.web.servlet.WebDriverTestExecutionListener, org.springframework.boot.test.autoconfigure.webservices.client.MockWebServiceServerTestExecutionListener, org.springframework.test.context.web.ServletTestExecutionListener, org.springframework.test.context.support.DirtiesContextBeforeModesTestExecutionListener, org.springframework.test.context.event.ApplicationEventsTestExecutionListener, org.springframework.test.context.support.DependencyInjectionTestExecutionListener, org.springframework.test.context.support.DirtiesContextTestExecutionListener, org.springframework.test.context.transaction.TransactionalTestExecutionListener, org.springframework.test.context.jdbc.SqlScriptsTestExecutionListener, org.springframework.test.context.event.EventPublishingTestExecutionListener]
2023-02-01 12:04:17.535 [main] INFO  o.s.b.t.context.SpringBootTestContextBootstrapper - Using TestExecutionListeners: [org.springframework.test.context.web.ServletTestExecutionListener@2f4854d6, org.springframework.test.context.support.DirtiesContextBeforeModesTestExecutionListener@61d9efe0, org.springframework.test.context.event.ApplicationEventsTestExecutionListener@7e70bd39, org.springframework.boot.test.mock.mockito.MockitoTestExecutionListener@e6516e, org.springframework.boot.test.autoconfigure.SpringBootDependencyInjectionTestExecutionListener@6de54b40, org.springframework.test.context.support.DirtiesContextTestExecutionListener@43ed0ff3, org.springframework.test.context.transaction.TransactionalTestExecutionListener@388ffbc2, org.springframework.test.context.jdbc.SqlScriptsTestExecutionListener@a50b09c, org.springframework.test.context.event.EventPublishingTestExecutionListener@4da855dd, org.springframework.boot.test.mock.mockito.ResetMocksTestExecutionListener@6691490c, org.springframework.boot.test.autoconfigure.restdocs.RestDocsTestExecutionListener@2187fff7, org.springframework.boot.test.autoconfigure.web.client.MockRestServiceServerResetTestExecutionListener@2e5c7f0b, org.springframework.boot.test.autoconfigure.web.servlet.MockMvcPrintOnlyOnFailureTestExecutionListener@21d5c1a0, org.springframework.boot.test.autoconfigure.web.servlet.WebDriverTestExecutionListener@4de025bf, org.springframework.boot.test.autoconfigure.webservices.client.MockWebServiceServerTestExecutionListener@538613b3]
2023-02-01 12:04:20.834 [main] INFO  o.s.c.b.c.PropertySourceBootstrapConfiguration - Located property source: [BootstrapPropertySource {name='bootstrapProperties-dandelion-handler-dev.yaml,HANDLER'}, BootstrapPropertySource {name='bootstrapProperties-dandelion-handler.yaml,HANDLER'}, BootstrapPropertySource {name='bootstrapProperties-dandelion-handler,HANDLER'}, BootstrapPropertySource {name='bootstrapProperties-sms-dev.yaml,HANDLER'}, BootstrapPropertySource {name='bootstrapProperties-email-dev.yaml,HANDLER'}, BootstrapPropertySource {name='bootstrapProperties-deduplicaiton-dev.yaml,HANDLER'}, BootstrapPropertySource {name='bootstrapProperties-discard-dev.yaml,HANDLER'}]
2023-02-01 12:04:20.852 [main] INFO  net.syl.dandelion.handler.TestHandlerApplication - The following 1 profile is active: "dev"
2023-02-01 12:04:21.531 [main] INFO  o.s.d.r.config.RepositoryConfigurationDelegate - Multiple Spring Data modules found, entering strict repository configuration mode!
2023-02-01 12:04:21.596 [main] INFO  o.s.d.r.config.RepositoryConfigurationDelegate - Bootstrapping Spring Data Redis repositories in DEFAULT mode.
2023-02-01 12:04:21.617 [main] INFO  o.s.d.r.config.RepositoryConfigurationDelegate - Finished Spring Data repository scanning in 8 ms. Found 0 Redis repository interfaces.
2023-02-01 12:04:21.849 [main] INFO  o.springframework.cloud.context.scope.GenericScope - BeanFactory id=0aaeccd7-97c2-3b8e-b270-8811c584b3fb
2023-02-01 12:04:22.822 [main] INFO  c.a.d.s.b.a.DruidDataSourceAutoConfigure - Init DruidDataSource
2023-02-01 12:04:23.407 [main] INFO  com.alibaba.druid.pool.DruidDataSource - {dataSource-1} inited
2023-02-01 12:04:25.990 [main] INFO  org.springframework.cloud.commons.util.InetUtils - Cannot determine local hostname
2023-02-01 12:04:27.542 [main] INFO  org.springframework.cloud.commons.util.InetUtils - Cannot determine local hostname
2023-02-01 12:04:27.867 [main] INFO  o.s.a.rabbit.connection.CachingConnectionFactory - Attempting to connect to: [192.168.91.129:5672]
2023-02-01 12:04:28.020 [main] INFO  o.s.a.rabbit.connection.CachingConnectionFactory - Created new connection: rabbitConnectionFactory#5d202dc4:0/SimpleConnection@1ae90cb9 [delegate=amqp://admin@192.168.91.129:5672/, localPort= 55260]
2023-02-01 12:04:28.125 [main] INFO  net.syl.dandelion.handler.TestHandlerApplication - Started TestHandlerApplication in 10.529 seconds (JVM running for 12.35)
2023-02-01 12:04:28.131 [main] INFO  c.a.cloud.nacos.refresh.NacosContextRefresher - listening config: dataId=sms-dev.yaml, group=HANDLER
2023-02-01 12:04:28.132 [main] INFO  c.a.cloud.nacos.refresh.NacosContextRefresher - listening config: dataId=email-dev.yaml, group=HANDLER
2023-02-01 12:04:28.133 [main] INFO  c.a.cloud.nacos.refresh.NacosContextRefresher - listening config: dataId=deduplicaiton-dev.yaml, group=HANDLER
2023-02-01 12:04:28.133 [main] INFO  c.a.cloud.nacos.refresh.NacosContextRefresher - listening config: dataId=dandelion-handler, group=HANDLER
2023-02-01 12:04:28.134 [main] INFO  c.a.cloud.nacos.refresh.NacosContextRefresher - listening config: dataId=dandelion-handler.yaml, group=HANDLER
2023-02-01 12:04:28.135 [main] INFO  c.a.cloud.nacos.refresh.NacosContextRefresher - listening config: dataId=dandelion-handler-dev.yaml, group=HANDLER
2023-02-01 12:04:28.136 [main] INFO  c.a.cloud.nacos.refresh.NacosContextRefresher - listening config: dataId=discard-dev.yaml, group=HANDLER
2023-02-01 12:04:39.968 [sms.notice-3] INFO  o.s.a.r.listener.SimpleMessageListenerContainer - Waiting for workers to finish.
2023-02-01 12:04:39.970 [email.marketing-3] INFO  o.s.a.r.listener.SimpleMessageListenerContainer - Waiting for workers to finish.
2023-02-01 12:04:39.971 [ding_ding_robot.auth_code-3] INFO  o.s.a.r.listener.SimpleMessageListenerContainer - Waiting for workers to finish.
2023-02-01 12:04:39.973 [sms.marketing-3] INFO  o.s.a.r.listener.SimpleMessageListenerContainer - Waiting for workers to finish.
2023-02-01 12:04:39.975 [sms.auth_code-3] INFO  o.s.a.r.listener.SimpleMessageListenerContainer - Waiting for workers to finish.
2023-02-01 12:04:39.976 [email.auth_code-3] INFO  o.s.a.r.listener.SimpleMessageListenerContainer - Waiting for workers to finish.
2023-02-01 12:04:39.978 [email.notice-3] INFO  o.s.a.r.listener.SimpleMessageListenerContainer - Waiting for workers to finish.
2023-02-01 12:04:39.980 [ding_ding_robot.marketing-3] INFO  o.s.a.r.listener.SimpleMessageListenerContainer - Waiting for workers to finish.
2023-02-01 12:04:39.981 [ding_ding_robot.notice-3] INFO  o.s.a.r.listener.SimpleMessageListenerContainer - Waiting for workers to finish.
2023-02-01 12:04:40.945 [sms.marketing-3] INFO  o.s.a.r.listener.SimpleMessageListenerContainer - Successfully waited for workers to finish.
2023-02-01 12:04:40.947 [ding_ding_robot.auth_code-3] INFO  o.s.a.r.listener.SimpleMessageListenerContainer - Successfully waited for workers to finish.
2023-02-01 12:04:40.949 [sms.auth_code-3] INFO  o.s.a.r.listener.SimpleMessageListenerContainer - Successfully waited for workers to finish.
2023-02-01 12:04:40.950 [ding_ding_robot.notice-3] INFO  o.s.a.r.listener.SimpleMessageListenerContainer - Successfully waited for workers to finish.
2023-02-01 12:04:40.950 [email.marketing-3] INFO  o.s.a.r.listener.SimpleMessageListenerContainer - Successfully waited for workers to finish.
2023-02-01 12:04:40.950 [sms.notice-3] INFO  o.s.a.r.listener.SimpleMessageListenerContainer - Successfully waited for workers to finish.
2023-02-01 12:04:40.952 [ding_ding_robot.marketing-3] INFO  o.s.a.r.listener.SimpleMessageListenerContainer - Successfully waited for workers to finish.
2023-02-01 12:04:40.949 [email.notice-3] INFO  o.s.a.r.listener.SimpleMessageListenerContainer - Successfully waited for workers to finish.
2023-02-01 12:04:40.953 [email.auth_code-3] INFO  o.s.a.r.listener.SimpleMessageListenerContainer - Successfully waited for workers to finish.
2023-02-01 12:04:45.010 [SpringApplicationShutdownHook] INFO  o.s.a.r.listener.SimpleMessageListenerContainer - Shutdown ignored - container is already stopped
2023-02-01 12:04:45.010 [SpringApplicationShutdownHook] INFO  o.s.a.r.listener.SimpleMessageListenerContainer - Shutdown ignored - container is already stopped
2023-02-01 12:04:45.010 [SpringApplicationShutdownHook] INFO  o.s.a.r.listener.SimpleMessageListenerContainer - Shutdown ignored - container is already stopped
2023-02-01 12:04:45.010 [SpringApplicationShutdownHook] INFO  o.s.a.r.listener.SimpleMessageListenerContainer - Shutdown ignored - container is already stopped
2023-02-01 12:04:45.010 [SpringApplicationShutdownHook] INFO  o.s.a.r.listener.SimpleMessageListenerContainer - Shutdown ignored - container is already stopped
2023-02-01 12:04:45.010 [SpringApplicationShutdownHook] INFO  o.s.a.r.listener.SimpleMessageListenerContainer - Shutdown ignored - container is already stopped
2023-02-01 12:04:45.010 [SpringApplicationShutdownHook] INFO  o.s.a.r.listener.SimpleMessageListenerContainer - Shutdown ignored - container is already stopped
2023-02-01 12:04:45.010 [SpringApplicationShutdownHook] INFO  o.s.a.r.listener.SimpleMessageListenerContainer - Shutdown ignored - container is already stopped
2023-02-01 12:04:45.010 [SpringApplicationShutdownHook] INFO  o.s.a.r.listener.SimpleMessageListenerContainer - Shutdown ignored - container is already stopped
2023-02-01 12:04:45.018 [SpringApplicationShutdownHook] INFO  com.alibaba.druid.pool.DruidDataSource - {dataSource-1} closing ...
2023-02-01 12:04:45.023 [SpringApplicationShutdownHook] INFO  com.alibaba.druid.pool.DruidDataSource - {dataSource-1} closed
2023-02-01 12:06:12.537 [main] INFO  o.s.b.t.context.SpringBootTestContextBootstrapper - Neither @ContextConfiguration nor @ContextHierarchy found for test class [net.syl.dandelion.handler.TestHandlerApplication], using SpringBootContextLoader
2023-02-01 12:06:12.544 [main] INFO  o.s.test.context.support.AbstractContextLoader - Could not detect default resource locations for test class [net.syl.dandelion.handler.TestHandlerApplication]: no resource found for suffixes {-context.xml, Context.groovy}.
2023-02-01 12:06:12.778 [main] INFO  o.s.b.t.context.SpringBootTestContextBootstrapper - Loaded default TestExecutionListener class names from location [META-INF/spring.factories]: [org.springframework.boot.test.mock.mockito.MockitoTestExecutionListener, org.springframework.boot.test.mock.mockito.ResetMocksTestExecutionListener, org.springframework.boot.test.autoconfigure.restdocs.RestDocsTestExecutionListener, org.springframework.boot.test.autoconfigure.web.client.MockRestServiceServerResetTestExecutionListener, org.springframework.boot.test.autoconfigure.web.servlet.MockMvcPrintOnlyOnFailureTestExecutionListener, org.springframework.boot.test.autoconfigure.web.servlet.WebDriverTestExecutionListener, org.springframework.boot.test.autoconfigure.webservices.client.MockWebServiceServerTestExecutionListener, org.springframework.test.context.web.ServletTestExecutionListener, org.springframework.test.context.support.DirtiesContextBeforeModesTestExecutionListener, org.springframework.test.context.event.ApplicationEventsTestExecutionListener, org.springframework.test.context.support.DependencyInjectionTestExecutionListener, org.springframework.test.context.support.DirtiesContextTestExecutionListener, org.springframework.test.context.transaction.TransactionalTestExecutionListener, org.springframework.test.context.jdbc.SqlScriptsTestExecutionListener, org.springframework.test.context.event.EventPublishingTestExecutionListener]
2023-02-01 12:06:12.805 [main] INFO  o.s.b.t.context.SpringBootTestContextBootstrapper - Using TestExecutionListeners: [org.springframework.test.context.web.ServletTestExecutionListener@2a76b80a, org.springframework.test.context.support.DirtiesContextBeforeModesTestExecutionListener@7eb01b12, org.springframework.test.context.event.ApplicationEventsTestExecutionListener@2f4854d6, org.springframework.boot.test.mock.mockito.MockitoTestExecutionListener@61d9efe0, org.springframework.boot.test.autoconfigure.SpringBootDependencyInjectionTestExecutionListener@7e70bd39, org.springframework.test.context.support.DirtiesContextTestExecutionListener@e6516e, org.springframework.test.context.transaction.TransactionalTestExecutionListener@6de54b40, org.springframework.test.context.jdbc.SqlScriptsTestExecutionListener@43ed0ff3, org.springframework.test.context.event.EventPublishingTestExecutionListener@388ffbc2, org.springframework.boot.test.mock.mockito.ResetMocksTestExecutionListener@a50b09c, org.springframework.boot.test.autoconfigure.restdocs.RestDocsTestExecutionListener@4da855dd, org.springframework.boot.test.autoconfigure.web.client.MockRestServiceServerResetTestExecutionListener@6691490c, org.springframework.boot.test.autoconfigure.web.servlet.MockMvcPrintOnlyOnFailureTestExecutionListener@2187fff7, org.springframework.boot.test.autoconfigure.web.servlet.WebDriverTestExecutionListener@2e5c7f0b, org.springframework.boot.test.autoconfigure.webservices.client.MockWebServiceServerTestExecutionListener@21d5c1a0]
2023-02-01 12:06:16.084 [main] INFO  o.s.c.b.c.PropertySourceBootstrapConfiguration - Located property source: [BootstrapPropertySource {name='bootstrapProperties-dandelion-handler-dev.yaml,HANDLER'}, BootstrapPropertySource {name='bootstrapProperties-dandelion-handler.yaml,HANDLER'}, BootstrapPropertySource {name='bootstrapProperties-dandelion-handler,HANDLER'}, BootstrapPropertySource {name='bootstrapProperties-sms-dev.yaml,HANDLER'}, BootstrapPropertySource {name='bootstrapProperties-email-dev.yaml,HANDLER'}, BootstrapPropertySource {name='bootstrapProperties-deduplicaiton-dev.yaml,HANDLER'}, BootstrapPropertySource {name='bootstrapProperties-discard-dev.yaml,HANDLER'}]
2023-02-01 12:06:16.100 [main] INFO  net.syl.dandelion.handler.TestHandlerApplication - The following 1 profile is active: "dev"
2023-02-01 12:06:16.845 [main] INFO  o.s.d.r.config.RepositoryConfigurationDelegate - Multiple Spring Data modules found, entering strict repository configuration mode!
2023-02-01 12:06:16.848 [main] INFO  o.s.d.r.config.RepositoryConfigurationDelegate - Bootstrapping Spring Data Redis repositories in DEFAULT mode.
2023-02-01 12:06:16.872 [main] INFO  o.s.d.r.config.RepositoryConfigurationDelegate - Finished Spring Data repository scanning in 9 ms. Found 0 Redis repository interfaces.
2023-02-01 12:06:17.113 [main] INFO  o.springframework.cloud.context.scope.GenericScope - BeanFactory id=0aaeccd7-97c2-3b8e-b270-8811c584b3fb
2023-02-01 12:06:18.097 [main] INFO  c.a.d.s.b.a.DruidDataSourceAutoConfigure - Init DruidDataSource
2023-02-01 12:06:18.650 [main] INFO  com.alibaba.druid.pool.DruidDataSource - {dataSource-1} inited
2023-02-01 12:06:21.244 [main] INFO  org.springframework.cloud.commons.util.InetUtils - Cannot determine local hostname
2023-02-01 12:06:22.815 [main] INFO  org.springframework.cloud.commons.util.InetUtils - Cannot determine local hostname
2023-02-01 12:06:23.118 [main] INFO  o.s.a.rabbit.connection.CachingConnectionFactory - Attempting to connect to: [192.168.91.129:5672]
2023-02-01 12:06:23.230 [main] INFO  o.s.a.rabbit.connection.CachingConnectionFactory - Created new connection: rabbitConnectionFactory#56554365:0/SimpleConnection@6ce8bf64 [delegate=amqp://admin@192.168.91.129:5672/, localPort= 55293]
2023-02-01 12:06:23.316 [main] INFO  net.syl.dandelion.handler.TestHandlerApplication - Started TestHandlerApplication in 10.46 seconds (JVM running for 12.033)
2023-02-01 12:06:23.323 [main] INFO  c.a.cloud.nacos.refresh.NacosContextRefresher - listening config: dataId=sms-dev.yaml, group=HANDLER
2023-02-01 12:06:23.324 [main] INFO  c.a.cloud.nacos.refresh.NacosContextRefresher - listening config: dataId=email-dev.yaml, group=HANDLER
2023-02-01 12:06:23.326 [main] INFO  c.a.cloud.nacos.refresh.NacosContextRefresher - listening config: dataId=deduplicaiton-dev.yaml, group=HANDLER
2023-02-01 12:06:23.326 [main] INFO  c.a.cloud.nacos.refresh.NacosContextRefresher - listening config: dataId=dandelion-handler, group=HANDLER
2023-02-01 12:06:23.326 [main] INFO  c.a.cloud.nacos.refresh.NacosContextRefresher - listening config: dataId=dandelion-handler.yaml, group=HANDLER
2023-02-01 12:06:23.328 [main] INFO  c.a.cloud.nacos.refresh.NacosContextRefresher - listening config: dataId=dandelion-handler-dev.yaml, group=HANDLER
2023-02-01 12:06:23.329 [main] INFO  c.a.cloud.nacos.refresh.NacosContextRefresher - listening config: dataId=discard-dev.yaml, group=HANDLER
2023-02-01 12:07:45.298 [sms.notice-3] INFO  o.s.a.r.listener.SimpleMessageListenerContainer - Waiting for workers to finish.
2023-02-01 12:07:45.301 [email.marketing-3] INFO  o.s.a.r.listener.SimpleMessageListenerContainer - Waiting for workers to finish.
2023-02-01 12:07:45.306 [ding_ding_robot.auth_code-3] INFO  o.s.a.r.listener.SimpleMessageListenerContainer - Waiting for workers to finish.
2023-02-01 12:07:45.308 [sms.marketing-3] INFO  o.s.a.r.listener.SimpleMessageListenerContainer - Waiting for workers to finish.
2023-02-01 12:07:45.310 [sms.auth_code-3] INFO  o.s.a.r.listener.SimpleMessageListenerContainer - Waiting for workers to finish.
2023-02-01 12:07:45.313 [email.auth_code-3] INFO  o.s.a.r.listener.SimpleMessageListenerContainer - Waiting for workers to finish.
2023-02-01 12:07:45.315 [email.notice-3] INFO  o.s.a.r.listener.SimpleMessageListenerContainer - Waiting for workers to finish.
2023-02-01 12:07:45.318 [ding_ding_robot.marketing-3] INFO  o.s.a.r.listener.SimpleMessageListenerContainer - Waiting for workers to finish.
2023-02-01 12:07:45.319 [ding_ding_robot.notice-3] INFO  o.s.a.r.listener.SimpleMessageListenerContainer - Waiting for workers to finish.
2023-02-01 12:07:46.271 [email.notice-3] INFO  o.s.a.r.listener.SimpleMessageListenerContainer - Successfully waited for workers to finish.
2023-02-01 12:07:46.271 [ding_ding_robot.auth_code-3] INFO  o.s.a.r.listener.SimpleMessageListenerContainer - Successfully waited for workers to finish.
2023-02-01 12:07:46.271 [sms.notice-3] INFO  o.s.a.r.listener.SimpleMessageListenerContainer - Successfully waited for workers to finish.
2023-02-01 12:07:46.271 [ding_ding_robot.marketing-3] INFO  o.s.a.r.listener.SimpleMessageListenerContainer - Successfully waited for workers to finish.
2023-02-01 12:07:46.272 [email.auth_code-3] INFO  o.s.a.r.listener.SimpleMessageListenerContainer - Successfully waited for workers to finish.
2023-02-01 12:07:46.275 [sms.auth_code-3] INFO  o.s.a.r.listener.SimpleMessageListenerContainer - Successfully waited for workers to finish.
2023-02-01 12:07:46.275 [ding_ding_robot.notice-3] INFO  o.s.a.r.listener.SimpleMessageListenerContainer - Successfully waited for workers to finish.
2023-02-01 12:07:46.275 [sms.marketing-3] INFO  o.s.a.r.listener.SimpleMessageListenerContainer - Successfully waited for workers to finish.
2023-02-01 12:07:46.280 [email.marketing-3] INFO  o.s.a.r.listener.SimpleMessageListenerContainer - Successfully waited for workers to finish.
2023-02-01 12:07:50.333 [SpringApplicationShutdownHook] INFO  o.s.a.r.listener.SimpleMessageListenerContainer - Shutdown ignored - container is already stopped
2023-02-01 12:07:50.333 [SpringApplicationShutdownHook] INFO  o.s.a.r.listener.SimpleMessageListenerContainer - Shutdown ignored - container is already stopped
2023-02-01 12:07:50.333 [SpringApplicationShutdownHook] INFO  o.s.a.r.listener.SimpleMessageListenerContainer - Shutdown ignored - container is already stopped
2023-02-01 12:07:50.333 [SpringApplicationShutdownHook] INFO  o.s.a.r.listener.SimpleMessageListenerContainer - Shutdown ignored - container is already stopped
2023-02-01 12:07:50.333 [SpringApplicationShutdownHook] INFO  o.s.a.r.listener.SimpleMessageListenerContainer - Shutdown ignored - container is already stopped
2023-02-01 12:07:50.333 [SpringApplicationShutdownHook] INFO  o.s.a.r.listener.SimpleMessageListenerContainer - Shutdown ignored - container is already stopped
2023-02-01 12:07:50.333 [SpringApplicationShutdownHook] INFO  o.s.a.r.listener.SimpleMessageListenerContainer - Shutdown ignored - container is already stopped
2023-02-01 12:07:50.333 [SpringApplicationShutdownHook] INFO  o.s.a.r.listener.SimpleMessageListenerContainer - Shutdown ignored - container is already stopped
2023-02-01 12:07:50.333 [SpringApplicationShutdownHook] INFO  o.s.a.r.listener.SimpleMessageListenerContainer - Shutdown ignored - container is already stopped
2023-02-01 12:07:50.341 [SpringApplicationShutdownHook] INFO  com.alibaba.druid.pool.DruidDataSource - {dataSource-1} closing ...
2023-02-01 12:07:50.345 [SpringApplicationShutdownHook] INFO  com.alibaba.druid.pool.DruidDataSource - {dataSource-1} closed
2023-02-01 12:07:55.052 [main] INFO  o.s.b.t.context.SpringBootTestContextBootstrapper - Neither @ContextConfiguration nor @ContextHierarchy found for test class [net.syl.dandelion.handler.TestHandlerApplication], using SpringBootContextLoader
2023-02-01 12:07:55.058 [main] INFO  o.s.test.context.support.AbstractContextLoader - Could not detect default resource locations for test class [net.syl.dandelion.handler.TestHandlerApplication]: no resource found for suffixes {-context.xml, Context.groovy}.
2023-02-01 12:07:55.384 [main] INFO  o.s.b.t.context.SpringBootTestContextBootstrapper - Loaded default TestExecutionListener class names from location [META-INF/spring.factories]: [org.springframework.boot.test.mock.mockito.MockitoTestExecutionListener, org.springframework.boot.test.mock.mockito.ResetMocksTestExecutionListener, org.springframework.boot.test.autoconfigure.restdocs.RestDocsTestExecutionListener, org.springframework.boot.test.autoconfigure.web.client.MockRestServiceServerResetTestExecutionListener, org.springframework.boot.test.autoconfigure.web.servlet.MockMvcPrintOnlyOnFailureTestExecutionListener, org.springframework.boot.test.autoconfigure.web.servlet.WebDriverTestExecutionListener, org.springframework.boot.test.autoconfigure.webservices.client.MockWebServiceServerTestExecutionListener, org.springframework.test.context.web.ServletTestExecutionListener, org.springframework.test.context.support.DirtiesContextBeforeModesTestExecutionListener, org.springframework.test.context.event.ApplicationEventsTestExecutionListener, org.springframework.test.context.support.DependencyInjectionTestExecutionListener, org.springframework.test.context.support.DirtiesContextTestExecutionListener, org.springframework.test.context.transaction.TransactionalTestExecutionListener, org.springframework.test.context.jdbc.SqlScriptsTestExecutionListener, org.springframework.test.context.event.EventPublishingTestExecutionListener]
2023-02-01 12:07:55.416 [main] INFO  o.s.b.t.context.SpringBootTestContextBootstrapper - Using TestExecutionListeners: [org.springframework.test.context.web.ServletTestExecutionListener@7eb01b12, org.springframework.test.context.support.DirtiesContextBeforeModesTestExecutionListener@2f4854d6, org.springframework.test.context.event.ApplicationEventsTestExecutionListener@61d9efe0, org.springframework.boot.test.mock.mockito.MockitoTestExecutionListener@7e70bd39, org.springframework.boot.test.autoconfigure.SpringBootDependencyInjectionTestExecutionListener@e6516e, org.springframework.test.context.support.DirtiesContextTestExecutionListener@6de54b40, org.springframework.test.context.transaction.TransactionalTestExecutionListener@43ed0ff3, org.springframework.test.context.jdbc.SqlScriptsTestExecutionListener@388ffbc2, org.springframework.test.context.event.EventPublishingTestExecutionListener@a50b09c, org.springframework.boot.test.mock.mockito.ResetMocksTestExecutionListener@4da855dd, org.springframework.boot.test.autoconfigure.restdocs.RestDocsTestExecutionListener@6691490c, org.springframework.boot.test.autoconfigure.web.client.MockRestServiceServerResetTestExecutionListener@2187fff7, org.springframework.boot.test.autoconfigure.web.servlet.MockMvcPrintOnlyOnFailureTestExecutionListener@2e5c7f0b, org.springframework.boot.test.autoconfigure.web.servlet.WebDriverTestExecutionListener@21d5c1a0, org.springframework.boot.test.autoconfigure.webservices.client.MockWebServiceServerTestExecutionListener@4de025bf]
2023-02-01 12:07:58.733 [main] INFO  o.s.c.b.c.PropertySourceBootstrapConfiguration - Located property source: [BootstrapPropertySource {name='bootstrapProperties-dandelion-handler-dev.yaml,HANDLER'}, BootstrapPropertySource {name='bootstrapProperties-dandelion-handler.yaml,HANDLER'}, BootstrapPropertySource {name='bootstrapProperties-dandelion-handler,HANDLER'}, BootstrapPropertySource {name='bootstrapProperties-sms-dev.yaml,HANDLER'}, BootstrapPropertySource {name='bootstrapProperties-email-dev.yaml,HANDLER'}, BootstrapPropertySource {name='bootstrapProperties-deduplicaiton-dev.yaml,HANDLER'}, BootstrapPropertySource {name='bootstrapProperties-discard-dev.yaml,HANDLER'}]
2023-02-01 12:07:58.749 [main] INFO  net.syl.dandelion.handler.TestHandlerApplication - The following 1 profile is active: "dev"
2023-02-01 12:07:59.453 [main] INFO  o.s.d.r.config.RepositoryConfigurationDelegate - Multiple Spring Data modules found, entering strict repository configuration mode!
2023-02-01 12:07:59.456 [main] INFO  o.s.d.r.config.RepositoryConfigurationDelegate - Bootstrapping Spring Data Redis repositories in DEFAULT mode.
2023-02-01 12:07:59.479 [main] INFO  o.s.d.r.config.RepositoryConfigurationDelegate - Finished Spring Data repository scanning in 9 ms. Found 0 Redis repository interfaces.
2023-02-01 12:07:59.698 [main] INFO  o.springframework.cloud.context.scope.GenericScope - BeanFactory id=0aaeccd7-97c2-3b8e-b270-8811c584b3fb
2023-02-01 12:08:00.691 [main] INFO  c.a.d.s.b.a.DruidDataSourceAutoConfigure - Init DruidDataSource
2023-02-01 12:08:01.251 [main] INFO  com.alibaba.druid.pool.DruidDataSource - {dataSource-1} inited
2023-02-01 12:08:03.842 [main] INFO  org.springframework.cloud.commons.util.InetUtils - Cannot determine local hostname
2023-02-01 12:08:05.393 [main] INFO  org.springframework.cloud.commons.util.InetUtils - Cannot determine local hostname
2023-02-01 12:08:05.695 [main] INFO  o.s.a.rabbit.connection.CachingConnectionFactory - Attempting to connect to: [192.168.91.129:5672]
2023-02-01 12:08:05.806 [main] INFO  o.s.a.rabbit.connection.CachingConnectionFactory - Created new connection: rabbitConnectionFactory#3694461d:0/SimpleConnection@2c02cf78 [delegate=amqp://admin@192.168.91.129:5672/, localPort= 55317]
2023-02-01 12:08:05.900 [main] INFO  net.syl.dandelion.handler.TestHandlerApplication - Started TestHandlerApplication in 10.419 seconds (JVM running for 12.011)
2023-02-01 12:08:05.906 [main] INFO  c.a.cloud.nacos.refresh.NacosContextRefresher - listening config: dataId=sms-dev.yaml, group=HANDLER
2023-02-01 12:08:05.907 [main] INFO  c.a.cloud.nacos.refresh.NacosContextRefresher - listening config: dataId=email-dev.yaml, group=HANDLER
2023-02-01 12:08:05.908 [main] INFO  c.a.cloud.nacos.refresh.NacosContextRefresher - listening config: dataId=deduplicaiton-dev.yaml, group=HANDLER
2023-02-01 12:08:05.909 [main] INFO  c.a.cloud.nacos.refresh.NacosContextRefresher - listening config: dataId=dandelion-handler, group=HANDLER
2023-02-01 12:08:05.909 [main] INFO  c.a.cloud.nacos.refresh.NacosContextRefresher - listening config: dataId=dandelion-handler.yaml, group=HANDLER
2023-02-01 12:08:05.910 [main] INFO  c.a.cloud.nacos.refresh.NacosContextRefresher - listening config: dataId=dandelion-handler-dev.yaml, group=HANDLER
2023-02-01 12:08:05.912 [main] INFO  c.a.cloud.nacos.refresh.NacosContextRefresher - listening config: dataId=discard-dev.yaml, group=HANDLER
2023-02-01 12:10:03.782 [sms.notice-3] INFO  o.s.a.r.listener.SimpleMessageListenerContainer - Waiting for workers to finish.
2023-02-01 12:10:03.786 [email.marketing-3] INFO  o.s.a.r.listener.SimpleMessageListenerContainer - Waiting for workers to finish.
2023-02-01 12:10:03.788 [ding_ding_robot.auth_code-3] INFO  o.s.a.r.listener.SimpleMessageListenerContainer - Waiting for workers to finish.
2023-02-01 12:10:03.789 [sms.marketing-3] INFO  o.s.a.r.listener.SimpleMessageListenerContainer - Waiting for workers to finish.
2023-02-01 12:10:03.792 [sms.auth_code-3] INFO  o.s.a.r.listener.SimpleMessageListenerContainer - Waiting for workers to finish.
2023-02-01 12:10:03.797 [email.auth_code-3] INFO  o.s.a.r.listener.SimpleMessageListenerContainer - Waiting for workers to finish.
2023-02-01 12:10:03.799 [email.notice-3] INFO  o.s.a.r.listener.SimpleMessageListenerContainer - Waiting for workers to finish.
2023-02-01 12:10:03.801 [ding_ding_robot.marketing-3] INFO  o.s.a.r.listener.SimpleMessageListenerContainer - Waiting for workers to finish.
2023-02-01 12:10:03.802 [ding_ding_robot.notice-3] INFO  o.s.a.r.listener.SimpleMessageListenerContainer - Waiting for workers to finish.
2023-02-01 12:10:04.747 [ding_ding_robot.notice-3] INFO  o.s.a.r.listener.SimpleMessageListenerContainer - Successfully waited for workers to finish.
2023-02-01 12:10:04.748 [email.notice-3] INFO  o.s.a.r.listener.SimpleMessageListenerContainer - Successfully waited for workers to finish.
2023-02-01 12:10:04.748 [email.auth_code-3] INFO  o.s.a.r.listener.SimpleMessageListenerContainer - Successfully waited for workers to finish.
2023-02-01 12:10:04.749 [sms.marketing-3] INFO  o.s.a.r.listener.SimpleMessageListenerContainer - Successfully waited for workers to finish.
2023-02-01 12:10:04.750 [email.marketing-3] INFO  o.s.a.r.listener.SimpleMessageListenerContainer - Successfully waited for workers to finish.
2023-02-01 12:10:04.750 [ding_ding_robot.auth_code-3] INFO  o.s.a.r.listener.SimpleMessageListenerContainer - Successfully waited for workers to finish.
2023-02-01 12:10:04.751 [ding_ding_robot.marketing-3] INFO  o.s.a.r.listener.SimpleMessageListenerContainer - Successfully waited for workers to finish.
2023-02-01 12:10:04.761 [sms.notice-3] INFO  o.s.a.r.listener.SimpleMessageListenerContainer - Successfully waited for workers to finish.
2023-02-01 12:10:04.761 [sms.auth_code-3] INFO  o.s.a.r.listener.SimpleMessageListenerContainer - Successfully waited for workers to finish.
2023-02-01 12:10:08.805 [SpringApplicationShutdownHook] INFO  o.s.a.r.listener.SimpleMessageListenerContainer - Shutdown ignored - container is already stopped
2023-02-01 12:10:08.806 [SpringApplicationShutdownHook] INFO  o.s.a.r.listener.SimpleMessageListenerContainer - Shutdown ignored - container is already stopped
2023-02-01 12:10:08.806 [SpringApplicationShutdownHook] INFO  o.s.a.r.listener.SimpleMessageListenerContainer - Shutdown ignored - container is already stopped
2023-02-01 12:10:08.806 [SpringApplicationShutdownHook] INFO  o.s.a.r.listener.SimpleMessageListenerContainer - Shutdown ignored - container is already stopped
2023-02-01 12:10:08.806 [SpringApplicationShutdownHook] INFO  o.s.a.r.listener.SimpleMessageListenerContainer - Shutdown ignored - container is already stopped
2023-02-01 12:10:08.806 [SpringApplicationShutdownHook] INFO  o.s.a.r.listener.SimpleMessageListenerContainer - Shutdown ignored - container is already stopped
2023-02-01 12:10:08.806 [SpringApplicationShutdownHook] INFO  o.s.a.r.listener.SimpleMessageListenerContainer - Shutdown ignored - container is already stopped
2023-02-01 12:10:08.806 [SpringApplicationShutdownHook] INFO  o.s.a.r.listener.SimpleMessageListenerContainer - Shutdown ignored - container is already stopped
2023-02-01 12:10:08.806 [SpringApplicationShutdownHook] INFO  o.s.a.r.listener.SimpleMessageListenerContainer - Shutdown ignored - container is already stopped
2023-02-01 12:10:08.813 [SpringApplicationShutdownHook] INFO  com.alibaba.druid.pool.DruidDataSource - {dataSource-1} closing ...
2023-02-01 12:10:08.819 [SpringApplicationShutdownHook] INFO  com.alibaba.druid.pool.DruidDataSource - {dataSource-1} closed
2023-02-01 12:10:14.717 [main] INFO  o.s.b.t.context.SpringBootTestContextBootstrapper - Neither @ContextConfiguration nor @ContextHierarchy found for test class [net.syl.dandelion.handler.TestHandlerApplication], using SpringBootContextLoader
2023-02-01 12:10:14.723 [main] INFO  o.s.test.context.support.AbstractContextLoader - Could not detect default resource locations for test class [net.syl.dandelion.handler.TestHandlerApplication]: no resource found for suffixes {-context.xml, Context.groovy}.
2023-02-01 12:10:14.991 [main] INFO  o.s.b.t.context.SpringBootTestContextBootstrapper - Loaded default TestExecutionListener class names from location [META-INF/spring.factories]: [org.springframework.boot.test.mock.mockito.MockitoTestExecutionListener, org.springframework.boot.test.mock.mockito.ResetMocksTestExecutionListener, org.springframework.boot.test.autoconfigure.restdocs.RestDocsTestExecutionListener, org.springframework.boot.test.autoconfigure.web.client.MockRestServiceServerResetTestExecutionListener, org.springframework.boot.test.autoconfigure.web.servlet.MockMvcPrintOnlyOnFailureTestExecutionListener, org.springframework.boot.test.autoconfigure.web.servlet.WebDriverTestExecutionListener, org.springframework.boot.test.autoconfigure.webservices.client.MockWebServiceServerTestExecutionListener, org.springframework.test.context.web.ServletTestExecutionListener, org.springframework.test.context.support.DirtiesContextBeforeModesTestExecutionListener, org.springframework.test.context.event.ApplicationEventsTestExecutionListener, org.springframework.test.context.support.DependencyInjectionTestExecutionListener, org.springframework.test.context.support.DirtiesContextTestExecutionListener, org.springframework.test.context.transaction.TransactionalTestExecutionListener, org.springframework.test.context.jdbc.SqlScriptsTestExecutionListener, org.springframework.test.context.event.EventPublishingTestExecutionListener]
2023-02-01 12:10:15.025 [main] INFO  o.s.b.t.context.SpringBootTestContextBootstrapper - Using TestExecutionListeners: [org.springframework.test.context.web.ServletTestExecutionListener@7eb01b12, org.springframework.test.context.support.DirtiesContextBeforeModesTestExecutionListener@2f4854d6, org.springframework.test.context.event.ApplicationEventsTestExecutionListener@61d9efe0, org.springframework.boot.test.mock.mockito.MockitoTestExecutionListener@7e70bd39, org.springframework.boot.test.autoconfigure.SpringBootDependencyInjectionTestExecutionListener@e6516e, org.springframework.test.context.support.DirtiesContextTestExecutionListener@6de54b40, org.springframework.test.context.transaction.TransactionalTestExecutionListener@43ed0ff3, org.springframework.test.context.jdbc.SqlScriptsTestExecutionListener@388ffbc2, org.springframework.test.context.event.EventPublishingTestExecutionListener@a50b09c, org.springframework.boot.test.mock.mockito.ResetMocksTestExecutionListener@4da855dd, org.springframework.boot.test.autoconfigure.restdocs.RestDocsTestExecutionListener@6691490c, org.springframework.boot.test.autoconfigure.web.client.MockRestServiceServerResetTestExecutionListener@2187fff7, org.springframework.boot.test.autoconfigure.web.servlet.MockMvcPrintOnlyOnFailureTestExecutionListener@2e5c7f0b, org.springframework.boot.test.autoconfigure.web.servlet.WebDriverTestExecutionListener@21d5c1a0, org.springframework.boot.test.autoconfigure.webservices.client.MockWebServiceServerTestExecutionListener@4de025bf]
2023-02-01 12:10:18.551 [main] INFO  o.s.c.b.c.PropertySourceBootstrapConfiguration - Located property source: [BootstrapPropertySource {name='bootstrapProperties-dandelion-handler-dev.yaml,HANDLER'}, BootstrapPropertySource {name='bootstrapProperties-dandelion-handler.yaml,HANDLER'}, BootstrapPropertySource {name='bootstrapProperties-dandelion-handler,HANDLER'}, BootstrapPropertySource {name='bootstrapProperties-sms-dev.yaml,HANDLER'}, BootstrapPropertySource {name='bootstrapProperties-email-dev.yaml,HANDLER'}, BootstrapPropertySource {name='bootstrapProperties-deduplicaiton-dev.yaml,HANDLER'}, BootstrapPropertySource {name='bootstrapProperties-discard-dev.yaml,HANDLER'}]
2023-02-01 12:10:18.570 [main] INFO  net.syl.dandelion.handler.TestHandlerApplication - The following 1 profile is active: "dev"
2023-02-01 12:10:19.416 [main] INFO  o.s.d.r.config.RepositoryConfigurationDelegate - Multiple Spring Data modules found, entering strict repository configuration mode!
2023-02-01 12:10:19.419 [main] INFO  o.s.d.r.config.RepositoryConfigurationDelegate - Bootstrapping Spring Data Redis repositories in DEFAULT mode.
2023-02-01 12:10:19.441 [main] INFO  o.s.d.r.config.RepositoryConfigurationDelegate - Finished Spring Data repository scanning in 9 ms. Found 0 Redis repository interfaces.
2023-02-01 12:10:19.687 [main] INFO  o.springframework.cloud.context.scope.GenericScope - BeanFactory id=0aaeccd7-97c2-3b8e-b270-8811c584b3fb
2023-02-01 12:10:20.683 [main] INFO  c.a.d.s.b.a.DruidDataSourceAutoConfigure - Init DruidDataSource
2023-02-01 12:10:21.243 [main] INFO  com.alibaba.druid.pool.DruidDataSource - {dataSource-1} inited
2023-02-01 12:10:23.831 [main] INFO  org.springframework.cloud.commons.util.InetUtils - Cannot determine local hostname
2023-02-01 12:10:25.415 [main] INFO  org.springframework.cloud.commons.util.InetUtils - Cannot determine local hostname
2023-02-01 12:10:25.755 [main] INFO  o.s.a.rabbit.connection.CachingConnectionFactory - Attempting to connect to: [192.168.91.129:5672]
2023-02-01 12:10:30.790 [main] INFO  o.s.a.r.listener.SimpleMessageListenerContainer - Broker not available; cannot force queue declarations during start: java.util.concurrent.TimeoutException
2023-02-01 12:10:30.815 [sms.notice-1] INFO  o.s.a.rabbit.connection.CachingConnectionFactory - Attempting to connect to: [192.168.91.129:5672]
2023-02-01 12:10:30.920 [sms.notice-1] INFO  o.s.a.rabbit.connection.CachingConnectionFactory - Created new connection: rabbitConnectionFactory#129aaac1:1/SimpleConnection@6e5d3638 [delegate=amqp://admin@192.168.91.129:5672/, localPort= 55354]
2023-02-01 12:10:31.009 [main] INFO  net.syl.dandelion.handler.TestHandlerApplication - Started TestHandlerApplication in 15.92 seconds (JVM running for 17.51)
2023-02-01 12:10:31.019 [main] INFO  c.a.cloud.nacos.refresh.NacosContextRefresher - listening config: dataId=sms-dev.yaml, group=HANDLER
2023-02-01 12:10:31.021 [main] INFO  c.a.cloud.nacos.refresh.NacosContextRefresher - listening config: dataId=email-dev.yaml, group=HANDLER
2023-02-01 12:10:31.023 [main] INFO  c.a.cloud.nacos.refresh.NacosContextRefresher - listening config: dataId=deduplicaiton-dev.yaml, group=HANDLER
2023-02-01 12:10:31.023 [main] INFO  c.a.cloud.nacos.refresh.NacosContextRefresher - listening config: dataId=dandelion-handler, group=HANDLER
2023-02-01 12:10:31.023 [main] INFO  c.a.cloud.nacos.refresh.NacosContextRefresher - listening config: dataId=dandelion-handler.yaml, group=HANDLER
2023-02-01 12:10:31.026 [main] INFO  c.a.cloud.nacos.refresh.NacosContextRefresher - listening config: dataId=dandelion-handler-dev.yaml, group=HANDLER
2023-02-01 12:10:31.028 [main] INFO  c.a.cloud.nacos.refresh.NacosContextRefresher - listening config: dataId=discard-dev.yaml, group=HANDLER
2023-02-01 12:12:20.069 [sms.notice-3] INFO  o.s.a.r.listener.SimpleMessageListenerContainer - Waiting for workers to finish.
2023-02-01 12:12:20.070 [email.marketing-3] INFO  o.s.a.r.listener.SimpleMessageListenerContainer - Waiting for workers to finish.
2023-02-01 12:12:20.072 [ding_ding_robot.auth_code-3] INFO  o.s.a.r.listener.SimpleMessageListenerContainer - Waiting for workers to finish.
2023-02-01 12:12:20.074 [sms.marketing-3] INFO  o.s.a.r.listener.SimpleMessageListenerContainer - Waiting for workers to finish.
2023-02-01 12:12:20.076 [sms.auth_code-3] INFO  o.s.a.r.listener.SimpleMessageListenerContainer - Waiting for workers to finish.
2023-02-01 12:12:20.077 [email.auth_code-3] INFO  o.s.a.r.listener.SimpleMessageListenerContainer - Waiting for workers to finish.
2023-02-01 12:12:20.079 [email.notice-3] INFO  o.s.a.r.listener.SimpleMessageListenerContainer - Waiting for workers to finish.
2023-02-01 12:12:20.081 [ding_ding_robot.marketing-3] INFO  o.s.a.r.listener.SimpleMessageListenerContainer - Waiting for workers to finish.
2023-02-01 12:12:20.084 [ding_ding_robot.notice-3] INFO  o.s.a.r.listener.SimpleMessageListenerContainer - Waiting for workers to finish.
2023-02-01 12:12:21.029 [sms.marketing-3] INFO  o.s.a.r.listener.SimpleMessageListenerContainer - Successfully waited for workers to finish.
2023-02-01 12:12:21.031 [sms.auth_code-3] INFO  o.s.a.r.listener.SimpleMessageListenerContainer - Successfully waited for workers to finish.
2023-02-01 12:12:21.030 [email.marketing-3] INFO  o.s.a.r.listener.SimpleMessageListenerContainer - Successfully waited for workers to finish.
2023-02-01 12:12:21.031 [ding_ding_robot.marketing-3] INFO  o.s.a.r.listener.SimpleMessageListenerContainer - Successfully waited for workers to finish.
2023-02-01 12:12:21.032 [email.auth_code-3] INFO  o.s.a.r.listener.SimpleMessageListenerContainer - Successfully waited for workers to finish.
2023-02-01 12:12:21.033 [ding_ding_robot.auth_code-3] INFO  o.s.a.r.listener.SimpleMessageListenerContainer - Successfully waited for workers to finish.
2023-02-01 12:12:21.033 [sms.notice-3] INFO  o.s.a.r.listener.SimpleMessageListenerContainer - Successfully waited for workers to finish.
2023-02-01 12:12:21.033 [ding_ding_robot.notice-3] INFO  o.s.a.r.listener.SimpleMessageListenerContainer - Successfully waited for workers to finish.
2023-02-01 12:12:21.040 [email.notice-3] INFO  o.s.a.r.listener.SimpleMessageListenerContainer - Successfully waited for workers to finish.
2023-02-01 12:12:27.105 [SpringApplicationShutdownHook] INFO  o.s.a.r.listener.SimpleMessageListenerContainer - Shutdown ignored - container is already stopped
2023-02-01 12:12:27.105 [SpringApplicationShutdownHook] INFO  o.s.a.r.listener.SimpleMessageListenerContainer - Shutdown ignored - container is already stopped
2023-02-01 12:12:27.105 [SpringApplicationShutdownHook] INFO  o.s.a.r.listener.SimpleMessageListenerContainer - Shutdown ignored - container is already stopped
2023-02-01 12:12:27.105 [SpringApplicationShutdownHook] INFO  o.s.a.r.listener.SimpleMessageListenerContainer - Shutdown ignored - container is already stopped
2023-02-01 12:12:27.105 [SpringApplicationShutdownHook] INFO  o.s.a.r.listener.SimpleMessageListenerContainer - Shutdown ignored - container is already stopped
2023-02-01 12:12:27.105 [SpringApplicationShutdownHook] INFO  o.s.a.r.listener.SimpleMessageListenerContainer - Shutdown ignored - container is already stopped
2023-02-01 12:12:27.105 [SpringApplicationShutdownHook] INFO  o.s.a.r.listener.SimpleMessageListenerContainer - Shutdown ignored - container is already stopped
2023-02-01 12:12:27.105 [SpringApplicationShutdownHook] INFO  o.s.a.r.listener.SimpleMessageListenerContainer - Shutdown ignored - container is already stopped
2023-02-01 12:12:27.105 [SpringApplicationShutdownHook] INFO  o.s.a.r.listener.SimpleMessageListenerContainer - Shutdown ignored - container is already stopped
2023-02-01 12:12:27.111 [SpringApplicationShutdownHook] INFO  com.alibaba.druid.pool.DruidDataSource - {dataSource-1} closing ...
2023-02-01 12:12:27.118 [SpringApplicationShutdownHook] INFO  com.alibaba.druid.pool.DruidDataSource - {dataSource-1} closed
2023-02-01 12:12:33.067 [main] INFO  o.s.b.t.context.SpringBootTestContextBootstrapper - Neither @ContextConfiguration nor @ContextHierarchy found for test class [net.syl.dandelion.handler.TestHandlerApplication], using SpringBootContextLoader
2023-02-01 12:12:33.076 [main] INFO  o.s.test.context.support.AbstractContextLoader - Could not detect default resource locations for test class [net.syl.dandelion.handler.TestHandlerApplication]: no resource found for suffixes {-context.xml, Context.groovy}.
2023-02-01 12:12:33.318 [main] INFO  o.s.b.t.context.SpringBootTestContextBootstrapper - Loaded default TestExecutionListener class names from location [META-INF/spring.factories]: [org.springframework.boot.test.mock.mockito.MockitoTestExecutionListener, org.springframework.boot.test.mock.mockito.ResetMocksTestExecutionListener, org.springframework.boot.test.autoconfigure.restdocs.RestDocsTestExecutionListener, org.springframework.boot.test.autoconfigure.web.client.MockRestServiceServerResetTestExecutionListener, org.springframework.boot.test.autoconfigure.web.servlet.MockMvcPrintOnlyOnFailureTestExecutionListener, org.springframework.boot.test.autoconfigure.web.servlet.WebDriverTestExecutionListener, org.springframework.boot.test.autoconfigure.webservices.client.MockWebServiceServerTestExecutionListener, org.springframework.test.context.web.ServletTestExecutionListener, org.springframework.test.context.support.DirtiesContextBeforeModesTestExecutionListener, org.springframework.test.context.event.ApplicationEventsTestExecutionListener, org.springframework.test.context.support.DependencyInjectionTestExecutionListener, org.springframework.test.context.support.DirtiesContextTestExecutionListener, org.springframework.test.context.transaction.TransactionalTestExecutionListener, org.springframework.test.context.jdbc.SqlScriptsTestExecutionListener, org.springframework.test.context.event.EventPublishingTestExecutionListener]
2023-02-01 12:12:33.343 [main] INFO  o.s.b.t.context.SpringBootTestContextBootstrapper - Using TestExecutionListeners: [org.springframework.test.context.web.ServletTestExecutionListener@2a76b80a, org.springframework.test.context.support.DirtiesContextBeforeModesTestExecutionListener@7eb01b12, org.springframework.test.context.event.ApplicationEventsTestExecutionListener@2f4854d6, org.springframework.boot.test.mock.mockito.MockitoTestExecutionListener@61d9efe0, org.springframework.boot.test.autoconfigure.SpringBootDependencyInjectionTestExecutionListener@7e70bd39, org.springframework.test.context.support.DirtiesContextTestExecutionListener@e6516e, org.springframework.test.context.transaction.TransactionalTestExecutionListener@6de54b40, org.springframework.test.context.jdbc.SqlScriptsTestExecutionListener@43ed0ff3, org.springframework.test.context.event.EventPublishingTestExecutionListener@388ffbc2, org.springframework.boot.test.mock.mockito.ResetMocksTestExecutionListener@a50b09c, org.springframework.boot.test.autoconfigure.restdocs.RestDocsTestExecutionListener@4da855dd, org.springframework.boot.test.autoconfigure.web.client.MockRestServiceServerResetTestExecutionListener@6691490c, org.springframework.boot.test.autoconfigure.web.servlet.MockMvcPrintOnlyOnFailureTestExecutionListener@2187fff7, org.springframework.boot.test.autoconfigure.web.servlet.WebDriverTestExecutionListener@2e5c7f0b, org.springframework.boot.test.autoconfigure.webservices.client.MockWebServiceServerTestExecutionListener@21d5c1a0]
2023-02-01 12:12:36.640 [main] INFO  o.s.c.b.c.PropertySourceBootstrapConfiguration - Located property source: [BootstrapPropertySource {name='bootstrapProperties-dandelion-handler-dev.yaml,HANDLER'}, BootstrapPropertySource {name='bootstrapProperties-dandelion-handler.yaml,HANDLER'}, BootstrapPropertySource {name='bootstrapProperties-dandelion-handler,HANDLER'}, BootstrapPropertySource {name='bootstrapProperties-ding-ding-robot-dev.yaml,HANDLER'}, BootstrapPropertySource {name='bootstrapProperties-sms-dev.yaml,HANDLER'}, BootstrapPropertySource {name='bootstrapProperties-email-dev.yaml,HANDLER'}, BootstrapPropertySource {name='bootstrapProperties-deduplicaiton-dev.yaml,HANDLER'}, BootstrapPropertySource {name='bootstrapProperties-discard-dev.yaml,HANDLER'}]
2023-02-01 12:12:36.655 [main] INFO  net.syl.dandelion.handler.TestHandlerApplication - The following 1 profile is active: "dev"
2023-02-01 12:12:37.395 [main] INFO  o.s.d.r.config.RepositoryConfigurationDelegate - Multiple Spring Data modules found, entering strict repository configuration mode!
2023-02-01 12:12:37.397 [main] INFO  o.s.d.r.config.RepositoryConfigurationDelegate - Bootstrapping Spring Data Redis repositories in DEFAULT mode.
2023-02-01 12:12:37.420 [main] INFO  o.s.d.r.config.RepositoryConfigurationDelegate - Finished Spring Data repository scanning in 9 ms. Found 0 Redis repository interfaces.
2023-02-01 12:12:37.638 [main] INFO  o.springframework.cloud.context.scope.GenericScope - BeanFactory id=0aaeccd7-97c2-3b8e-b270-8811c584b3fb
2023-02-01 12:12:38.600 [main] INFO  c.a.d.s.b.a.DruidDataSourceAutoConfigure - Init DruidDataSource
2023-02-01 12:12:39.159 [main] INFO  com.alibaba.druid.pool.DruidDataSource - {dataSource-1} inited
2023-02-01 12:12:41.723 [main] INFO  org.springframework.cloud.commons.util.InetUtils - Cannot determine local hostname
2023-02-01 12:12:43.301 [main] INFO  org.springframework.cloud.commons.util.InetUtils - Cannot determine local hostname
2023-02-01 12:12:43.608 [main] INFO  o.s.a.rabbit.connection.CachingConnectionFactory - Attempting to connect to: [192.168.91.129:5672]
2023-02-01 12:12:43.777 [main] INFO  o.s.a.rabbit.connection.CachingConnectionFactory - Created new connection: rabbitConnectionFactory#518a7b8a:0/SimpleConnection@641255d1 [delegate=amqp://admin@192.168.91.129:5672/, localPort= 55380]
2023-02-01 12:12:43.872 [main] INFO  net.syl.dandelion.handler.TestHandlerApplication - Started TestHandlerApplication in 10.476 seconds (JVM running for 12.069)
2023-02-01 12:12:43.879 [main] INFO  c.a.cloud.nacos.refresh.NacosContextRefresher - listening config: dataId=sms-dev.yaml, group=HANDLER
2023-02-01 12:12:43.880 [main] INFO  c.a.cloud.nacos.refresh.NacosContextRefresher - listening config: dataId=email-dev.yaml, group=HANDLER
2023-02-01 12:12:43.881 [main] INFO  c.a.cloud.nacos.refresh.NacosContextRefresher - listening config: dataId=deduplicaiton-dev.yaml, group=HANDLER
2023-02-01 12:12:43.882 [main] INFO  c.a.cloud.nacos.refresh.NacosContextRefresher - listening config: dataId=dandelion-handler, group=HANDLER
2023-02-01 12:12:43.882 [main] INFO  c.a.cloud.nacos.refresh.NacosContextRefresher - listening config: dataId=dandelion-handler.yaml, group=HANDLER
2023-02-01 12:12:43.887 [main] INFO  c.a.cloud.nacos.refresh.NacosContextRefresher - listening config: dataId=ding-ding-robot-dev.yaml, group=HANDLER
2023-02-01 12:12:43.888 [main] INFO  c.a.cloud.nacos.refresh.NacosContextRefresher - listening config: dataId=dandelion-handler-dev.yaml, group=HANDLER
2023-02-01 12:12:43.889 [main] INFO  c.a.cloud.nacos.refresh.NacosContextRefresher - listening config: dataId=discard-dev.yaml, group=HANDLER
2023-02-01 12:12:44.253 [sms.notice-3] INFO  o.s.a.r.listener.SimpleMessageListenerContainer - Waiting for workers to finish.
2023-02-01 12:12:44.255 [email.marketing-3] INFO  o.s.a.r.listener.SimpleMessageListenerContainer - Waiting for workers to finish.
2023-02-01 12:12:44.257 [ding_ding_robot.auth_code-3] INFO  o.s.a.r.listener.SimpleMessageListenerContainer - Waiting for workers to finish.
2023-02-01 12:12:44.258 [sms.marketing-3] INFO  o.s.a.r.listener.SimpleMessageListenerContainer - Waiting for workers to finish.
2023-02-01 12:12:44.260 [sms.auth_code-3] INFO  o.s.a.r.listener.SimpleMessageListenerContainer - Waiting for workers to finish.
2023-02-01 12:12:44.261 [email.auth_code-3] INFO  o.s.a.r.listener.SimpleMessageListenerContainer - Waiting for workers to finish.
2023-02-01 12:12:44.262 [email.notice-3] INFO  o.s.a.r.listener.SimpleMessageListenerContainer - Waiting for workers to finish.
2023-02-01 12:12:44.263 [ding_ding_robot.marketing-3] INFO  o.s.a.r.listener.SimpleMessageListenerContainer - Waiting for workers to finish.
2023-02-01 12:12:44.265 [ding_ding_robot.notice-3] INFO  o.s.a.r.listener.SimpleMessageListenerContainer - Waiting for workers to finish.
2023-02-01 12:12:44.826 [email.marketing-3] INFO  o.s.a.r.listener.SimpleMessageListenerContainer - Successfully waited for workers to finish.
2023-02-01 12:12:44.826 [sms.notice-3] INFO  o.s.a.r.listener.SimpleMessageListenerContainer - Successfully waited for workers to finish.
2023-02-01 12:12:44.842 [ding_ding_robot.auth_code-3] INFO  o.s.a.r.listener.SimpleMessageListenerContainer - Successfully waited for workers to finish.
2023-02-01 12:12:44.842 [email.auth_code-3] INFO  o.s.a.r.listener.SimpleMessageListenerContainer - Successfully waited for workers to finish.
2023-02-01 12:12:44.844 [sms.marketing-3] INFO  o.s.a.r.listener.SimpleMessageListenerContainer - Successfully waited for workers to finish.
2023-02-01 12:12:44.845 [sms.auth_code-3] INFO  o.s.a.r.listener.SimpleMessageListenerContainer - Successfully waited for workers to finish.
2023-02-01 12:12:44.857 [ding_ding_robot.marketing-3] INFO  o.s.a.r.listener.SimpleMessageListenerContainer - Successfully waited for workers to finish.
2023-02-01 12:12:44.857 [email.notice-3] INFO  o.s.a.r.listener.SimpleMessageListenerContainer - Successfully waited for workers to finish.
2023-02-01 12:12:44.872 [ding_ding_robot.notice-3] INFO  o.s.a.r.listener.SimpleMessageListenerContainer - Successfully waited for workers to finish.
2023-02-01 12:12:52.698 [SpringApplicationShutdownHook] INFO  o.s.a.r.listener.SimpleMessageListenerContainer - Shutdown ignored - container is already stopped
2023-02-01 12:12:52.699 [SpringApplicationShutdownHook] INFO  o.s.a.r.listener.SimpleMessageListenerContainer - Shutdown ignored - container is already stopped
2023-02-01 12:12:52.699 [SpringApplicationShutdownHook] INFO  o.s.a.r.listener.SimpleMessageListenerContainer - Shutdown ignored - container is already stopped
2023-02-01 12:12:52.699 [SpringApplicationShutdownHook] INFO  o.s.a.r.listener.SimpleMessageListenerContainer - Shutdown ignored - container is already stopped
2023-02-01 12:12:52.699 [SpringApplicationShutdownHook] INFO  o.s.a.r.listener.SimpleMessageListenerContainer - Shutdown ignored - container is already stopped
2023-02-01 12:12:52.699 [SpringApplicationShutdownHook] INFO  o.s.a.r.listener.SimpleMessageListenerContainer - Shutdown ignored - container is already stopped
2023-02-01 12:12:52.699 [SpringApplicationShutdownHook] INFO  o.s.a.r.listener.SimpleMessageListenerContainer - Shutdown ignored - container is already stopped
2023-02-01 12:12:52.699 [SpringApplicationShutdownHook] INFO  o.s.a.r.listener.SimpleMessageListenerContainer - Shutdown ignored - container is already stopped
2023-02-01 12:12:52.699 [SpringApplicationShutdownHook] INFO  o.s.a.r.listener.SimpleMessageListenerContainer - Shutdown ignored - container is already stopped
2023-02-01 12:12:52.708 [SpringApplicationShutdownHook] INFO  com.alibaba.druid.pool.DruidDataSource - {dataSource-1} closing ...
2023-02-01 12:12:52.715 [SpringApplicationShutdownHook] INFO  com.alibaba.druid.pool.DruidDataSource - {dataSource-1} closed
2023-02-01 12:13:38.126 [main] INFO  o.s.b.t.context.SpringBootTestContextBootstrapper - Neither @ContextConfiguration nor @ContextHierarchy found for test class [net.syl.dandelion.handler.TestHandlerApplication], using SpringBootContextLoader
2023-02-01 12:13:38.133 [main] INFO  o.s.test.context.support.AbstractContextLoader - Could not detect default resource locations for test class [net.syl.dandelion.handler.TestHandlerApplication]: no resource found for suffixes {-context.xml, Context.groovy}.
2023-02-01 12:13:38.385 [main] INFO  o.s.b.t.context.SpringBootTestContextBootstrapper - Loaded default TestExecutionListener class names from location [META-INF/spring.factories]: [org.springframework.boot.test.mock.mockito.MockitoTestExecutionListener, org.springframework.boot.test.mock.mockito.ResetMocksTestExecutionListener, org.springframework.boot.test.autoconfigure.restdocs.RestDocsTestExecutionListener, org.springframework.boot.test.autoconfigure.web.client.MockRestServiceServerResetTestExecutionListener, org.springframework.boot.test.autoconfigure.web.servlet.MockMvcPrintOnlyOnFailureTestExecutionListener, org.springframework.boot.test.autoconfigure.web.servlet.WebDriverTestExecutionListener, org.springframework.boot.test.autoconfigure.webservices.client.MockWebServiceServerTestExecutionListener, org.springframework.test.context.web.ServletTestExecutionListener, org.springframework.test.context.support.DirtiesContextBeforeModesTestExecutionListener, org.springframework.test.context.event.ApplicationEventsTestExecutionListener, org.springframework.test.context.support.DependencyInjectionTestExecutionListener, org.springframework.test.context.support.DirtiesContextTestExecutionListener, org.springframework.test.context.transaction.TransactionalTestExecutionListener, org.springframework.test.context.jdbc.SqlScriptsTestExecutionListener, org.springframework.test.context.event.EventPublishingTestExecutionListener]
2023-02-01 12:13:38.425 [main] INFO  o.s.b.t.context.SpringBootTestContextBootstrapper - Using TestExecutionListeners: [org.springframework.test.context.web.ServletTestExecutionListener@7eb01b12, org.springframework.test.context.support.DirtiesContextBeforeModesTestExecutionListener@2f4854d6, org.springframework.test.context.event.ApplicationEventsTestExecutionListener@61d9efe0, org.springframework.boot.test.mock.mockito.MockitoTestExecutionListener@7e70bd39, org.springframework.boot.test.autoconfigure.SpringBootDependencyInjectionTestExecutionListener@e6516e, org.springframework.test.context.support.DirtiesContextTestExecutionListener@6de54b40, org.springframework.test.context.transaction.TransactionalTestExecutionListener@43ed0ff3, org.springframework.test.context.jdbc.SqlScriptsTestExecutionListener@388ffbc2, org.springframework.test.context.event.EventPublishingTestExecutionListener@a50b09c, org.springframework.boot.test.mock.mockito.ResetMocksTestExecutionListener@4da855dd, org.springframework.boot.test.autoconfigure.restdocs.RestDocsTestExecutionListener@6691490c, org.springframework.boot.test.autoconfigure.web.client.MockRestServiceServerResetTestExecutionListener@2187fff7, org.springframework.boot.test.autoconfigure.web.servlet.MockMvcPrintOnlyOnFailureTestExecutionListener@2e5c7f0b, org.springframework.boot.test.autoconfigure.web.servlet.WebDriverTestExecutionListener@21d5c1a0, org.springframework.boot.test.autoconfigure.webservices.client.MockWebServiceServerTestExecutionListener@4de025bf]
2023-02-01 12:13:41.718 [main] INFO  o.s.c.b.c.PropertySourceBootstrapConfiguration - Located property source: [BootstrapPropertySource {name='bootstrapProperties-dandelion-handler-dev.yaml,HANDLER'}, BootstrapPropertySource {name='bootstrapProperties-dandelion-handler.yaml,HANDLER'}, BootstrapPropertySource {name='bootstrapProperties-dandelion-handler,HANDLER'}, BootstrapPropertySource {name='bootstrapProperties-ding-ding-robot-dev.yaml,HANDLER'}, BootstrapPropertySource {name='bootstrapProperties-sms-dev.yaml,HANDLER'}, BootstrapPropertySource {name='bootstrapProperties-email-dev.yaml,HANDLER'}, BootstrapPropertySource {name='bootstrapProperties-deduplicaiton-dev.yaml,HANDLER'}, BootstrapPropertySource {name='bootstrapProperties-discard-dev.yaml,HANDLER'}]
2023-02-01 12:13:41.735 [main] INFO  net.syl.dandelion.handler.TestHandlerApplication - The following 1 profile is active: "dev"
2023-02-01 12:13:42.434 [main] INFO  o.s.d.r.config.RepositoryConfigurationDelegate - Multiple Spring Data modules found, entering strict repository configuration mode!
2023-02-01 12:13:42.437 [main] INFO  o.s.d.r.config.RepositoryConfigurationDelegate - Bootstrapping Spring Data Redis repositories in DEFAULT mode.
2023-02-01 12:13:42.459 [main] INFO  o.s.d.r.config.RepositoryConfigurationDelegate - Finished Spring Data repository scanning in 8 ms. Found 0 Redis repository interfaces.
2023-02-01 12:13:42.685 [main] INFO  o.springframework.cloud.context.scope.GenericScope - BeanFactory id=0aaeccd7-97c2-3b8e-b270-8811c584b3fb
2023-02-01 12:13:43.664 [main] INFO  c.a.d.s.b.a.DruidDataSourceAutoConfigure - Init DruidDataSource
2023-02-01 12:13:44.212 [main] INFO  com.alibaba.druid.pool.DruidDataSource - {dataSource-1} inited
2023-02-01 12:13:46.790 [main] INFO  org.springframework.cloud.commons.util.InetUtils - Cannot determine local hostname
2023-02-01 12:13:48.359 [main] INFO  org.springframework.cloud.commons.util.InetUtils - Cannot determine local hostname
2023-02-01 12:13:48.657 [main] INFO  o.s.a.rabbit.connection.CachingConnectionFactory - Attempting to connect to: [192.168.91.129:5672]
2023-02-01 12:13:48.765 [main] INFO  o.s.a.rabbit.connection.CachingConnectionFactory - Created new connection: rabbitConnectionFactory#7978550b:0/SimpleConnection@4ac0fdc7 [delegate=amqp://admin@192.168.91.129:5672/, localPort= 55400]
2023-02-01 12:13:48.859 [main] INFO  net.syl.dandelion.handler.TestHandlerApplication - Started TestHandlerApplication in 10.374 seconds (JVM running for 11.953)
2023-02-01 12:13:48.864 [main] INFO  c.a.cloud.nacos.refresh.NacosContextRefresher - listening config: dataId=sms-dev.yaml, group=HANDLER
2023-02-01 12:13:48.867 [main] INFO  c.a.cloud.nacos.refresh.NacosContextRefresher - listening config: dataId=email-dev.yaml, group=HANDLER
2023-02-01 12:13:48.869 [main] INFO  c.a.cloud.nacos.refresh.NacosContextRefresher - listening config: dataId=deduplicaiton-dev.yaml, group=HANDLER
2023-02-01 12:13:48.869 [main] INFO  c.a.cloud.nacos.refresh.NacosContextRefresher - listening config: dataId=dandelion-handler, group=HANDLER
2023-02-01 12:13:48.869 [main] INFO  c.a.cloud.nacos.refresh.NacosContextRefresher - listening config: dataId=dandelion-handler.yaml, group=HANDLER
2023-02-01 12:13:48.876 [main] INFO  c.a.cloud.nacos.refresh.NacosContextRefresher - listening config: dataId=ding-ding-robot-dev.yaml, group=HANDLER
2023-02-01 12:13:48.877 [main] INFO  c.a.cloud.nacos.refresh.NacosContextRefresher - listening config: dataId=dandelion-handler-dev.yaml, group=HANDLER
2023-02-01 12:13:48.879 [main] INFO  c.a.cloud.nacos.refresh.NacosContextRefresher - listening config: dataId=discard-dev.yaml, group=HANDLER
2023-02-01 12:14:05.150 [sms.notice-3] INFO  o.s.a.r.listener.SimpleMessageListenerContainer - Waiting for workers to finish.
2023-02-01 12:14:05.152 [email.marketing-3] INFO  o.s.a.r.listener.SimpleMessageListenerContainer - Waiting for workers to finish.
2023-02-01 12:14:05.154 [ding_ding_robot.auth_code-3] INFO  o.s.a.r.listener.SimpleMessageListenerContainer - Waiting for workers to finish.
2023-02-01 12:14:05.155 [sms.marketing-3] INFO  o.s.a.r.listener.SimpleMessageListenerContainer - Waiting for workers to finish.
2023-02-01 12:14:05.156 [sms.auth_code-3] INFO  o.s.a.r.listener.SimpleMessageListenerContainer - Waiting for workers to finish.
2023-02-01 12:14:05.158 [email.auth_code-3] INFO  o.s.a.r.listener.SimpleMessageListenerContainer - Waiting for workers to finish.
2023-02-01 12:14:05.159 [email.notice-3] INFO  o.s.a.r.listener.SimpleMessageListenerContainer - Waiting for workers to finish.
2023-02-01 12:14:05.160 [ding_ding_robot.marketing-3] INFO  o.s.a.r.listener.SimpleMessageListenerContainer - Waiting for workers to finish.
2023-02-01 12:14:05.161 [ding_ding_robot.notice-3] INFO  o.s.a.r.listener.SimpleMessageListenerContainer - Waiting for workers to finish.
2023-02-01 12:14:06.120 [sms.auth_code-3] INFO  o.s.a.r.listener.SimpleMessageListenerContainer - Successfully waited for workers to finish.
2023-02-01 12:14:06.120 [sms.notice-3] INFO  o.s.a.r.listener.SimpleMessageListenerContainer - Successfully waited for workers to finish.
2023-02-01 12:14:06.121 [email.auth_code-3] INFO  o.s.a.r.listener.SimpleMessageListenerContainer - Successfully waited for workers to finish.
2023-02-01 12:14:06.122 [ding_ding_robot.marketing-3] INFO  o.s.a.r.listener.SimpleMessageListenerContainer - Successfully waited for workers to finish.
2023-02-01 12:14:06.122 [email.notice-3] INFO  o.s.a.r.listener.SimpleMessageListenerContainer - Successfully waited for workers to finish.
2023-02-01 12:14:06.122 [email.marketing-3] INFO  o.s.a.r.listener.SimpleMessageListenerContainer - Successfully waited for workers to finish.
2023-02-01 12:14:06.122 [ding_ding_robot.auth_code-3] INFO  o.s.a.r.listener.SimpleMessageListenerContainer - Successfully waited for workers to finish.
2023-02-01 12:14:06.122 [ding_ding_robot.notice-3] INFO  o.s.a.r.listener.SimpleMessageListenerContainer - Successfully waited for workers to finish.
2023-02-01 12:14:06.123 [sms.marketing-3] INFO  o.s.a.r.listener.SimpleMessageListenerContainer - Successfully waited for workers to finish.
