2022-07-29 17:03:59.032 [main] ERROR org.springframework.boot.SpringApplication - Application run failed
org.springframework.beans.factory.BeanCreationException: Error creating bean with name 'configServiceImpl' defined in file [E:\java\IDEA\Projects\dandelion\dandelion-support\target\classes\net\syl\dandelion\support\service\impl\ConfigServiceImpl.class]: Instantiation of bean failed; nested exception is org.springframework.beans.BeanInstantiationException: Failed to instantiate [net.syl.dandelion.support.service.impl.ConfigServiceImpl]: Constructor threw exception; nested exception is cn.hutool.core.io.resource.NoResourceException: Resource of path [classpath*:local.properties] not exist!
	at org.springframework.beans.factory.support.AbstractAutowireCapableBeanFactory.instantiateBean(AbstractAutowireCapableBeanFactory.java:1334)
	at org.springframework.beans.factory.support.AbstractAutowireCapableBeanFactory.createBeanInstance(AbstractAutowireCapableBeanFactory.java:1232)
	at org.springframework.beans.factory.support.AbstractAutowireCapableBeanFactory.doCreateBean(AbstractAutowireCapableBeanFactory.java:582)
	at org.springframework.beans.factory.support.AbstractAutowireCapableBeanFactory.createBean(AbstractAutowireCapableBeanFactory.java:542)
	at org.springframework.beans.factory.support.AbstractBeanFactory.lambda$doGetBean$0(AbstractBeanFactory.java:335)
	at org.springframework.beans.factory.support.DefaultSingletonBeanRegistry.getSingleton(DefaultSingletonBeanRegistry.java:234)
	at org.springframework.beans.factory.support.AbstractBeanFactory.doGetBean(AbstractBeanFactory.java:333)
	at org.springframework.beans.factory.support.AbstractBeanFactory.getBean(AbstractBeanFactory.java:208)
	at org.springframework.beans.factory.support.DefaultListableBeanFactory.preInstantiateSingletons(DefaultListableBeanFactory.java:953)
	at org.springframework.context.support.AbstractApplicationContext.finishBeanFactoryInitialization(AbstractApplicationContext.java:918)
	at org.springframework.context.support.AbstractApplicationContext.refresh(AbstractApplicationContext.java:583)
	at org.springframework.boot.web.servlet.context.ServletWebServerApplicationContext.refresh(ServletWebServerApplicationContext.java:145)
	at org.springframework.boot.SpringApplication.refresh(SpringApplication.java:740)
	at org.springframework.boot.SpringApplication.refreshContext(SpringApplication.java:415)
	at org.springframework.boot.SpringApplication.run(SpringApplication.java:303)
	at org.springframework.boot.SpringApplication.run(SpringApplication.java:1312)
	at org.springframework.boot.SpringApplication.run(SpringApplication.java:1301)
	at net.syl.dandelion.handler.Application.main(Application.java:16)
Caused by: org.springframework.beans.BeanInstantiationException: Failed to instantiate [net.syl.dandelion.support.service.impl.ConfigServiceImpl]: Constructor threw exception; nested exception is cn.hutool.core.io.resource.NoResourceException: Resource of path [classpath*:local.properties] not exist!
	at org.springframework.beans.BeanUtils.instantiateClass(BeanUtils.java:224)
	at org.springframework.beans.factory.support.SimpleInstantiationStrategy.instantiate(SimpleInstantiationStrategy.java:87)
	at org.springframework.beans.factory.support.AbstractAutowireCapableBeanFactory.instantiateBean(AbstractAutowireCapableBeanFactory.java:1326)
	... 17 common frames omitted
Caused by: cn.hutool.core.io.resource.NoResourceException: Resource of path [classpath*:local.properties] not exist!
	at cn.hutool.core.io.resource.ClassPathResource.initUrl(ClassPathResource.java:122)
	at cn.hutool.core.io.resource.ClassPathResource.<init>(ClassPathResource.java:74)
	at cn.hutool.core.io.resource.ClassPathResource.<init>(ClassPathResource.java:34)
	at cn.hutool.core.io.resource.ResourceUtil.getResourceObj(ResourceUtil.java:200)
	at cn.hutool.setting.dialect.Props.<init>(Props.java:145)
	at net.syl.dandelion.support.service.impl.ConfigServiceImpl.<init>(ConfigServiceImpl.java:26)
	at sun.reflect.NativeConstructorAccessorImpl.newInstance0(Native Method)
	at sun.reflect.NativeConstructorAccessorImpl.newInstance(NativeConstructorAccessorImpl.java:62)
	at sun.reflect.DelegatingConstructorAccessorImpl.newInstance(DelegatingConstructorAccessorImpl.java:45)
	at java.lang.reflect.Constructor.newInstance(Constructor.java:423)
	at org.springframework.beans.BeanUtils.instantiateClass(BeanUtils.java:211)
	... 19 common frames omitted
