2022-08-01 14:25:22.641 [main] INFO  o.s.c.b.c.PropertySourceBootstrapConfiguration - Located property source: [BootstrapPropertySource {name='bootstrapProperties-dandelion-handler-dev.yaml,DEFAULT_GROUP'}, BootstrapPropertySource {name='bootstrapProperties-dandelion-handler.yaml,DEFAULT_GROUP'}, BootstrapPropertySource {name='bootstrapProperties-dandelion-handler,DEFAULT_GROUP'}, BootstrapPropertySource {name='bootstrapProperties-sms-dev.yaml,HANDLER'}, BootstrapPropertySource {name='bootstrapProperties-email-dev.yaml,HANDLER'}, BootstrapPropertySource {name='bootstrapProperties-deduplicaiton-dev.yaml,HANDLER'}, BootstrapPropertySource {name='bootstrapProperties-discard-dev.yaml,HANDLER'}]
2022-08-01 14:25:22.645 [main] INFO  net.syl.dandelion.handler.Application - The following 1 profile is active: "dev"
2022-08-01 14:25:23.048 [main] INFO  o.s.d.r.config.RepositoryConfigurationDelegate - Multiple Spring Data modules found, entering strict repository configuration mode!
2022-08-01 14:25:23.050 [main] INFO  o.s.d.r.config.RepositoryConfigurationDelegate - Bootstrapping Spring Data Redis repositories in DEFAULT mode.
2022-08-01 14:25:23.066 [main] INFO  o.s.d.r.config.RepositoryConfigurationDelegate - Finished Spring Data repository scanning in 6 ms. Found 0 Redis repository interfaces.
2022-08-01 14:25:23.192 [main] INFO  o.springframework.cloud.context.scope.GenericScope - BeanFactory id=61cd4eb7-b14c-3f92-a344-a1622e0333d0
2022-08-01 14:25:23.568 [main] INFO  o.s.boot.web.embedded.tomcat.TomcatWebServer - Tomcat initialized with port(s): 8082 (http)
2022-08-01 14:25:23.575 [main] INFO  org.apache.coyote.http11.Http11NioProtocol - Initializing ProtocolHandler ["http-nio-8082"]
2022-08-01 14:25:23.575 [main] INFO  org.apache.catalina.core.StandardService - Starting service [Tomcat]
2022-08-01 14:25:23.575 [main] INFO  org.apache.catalina.core.StandardEngine - Starting Servlet engine: [Apache Tomcat/9.0.62]
2022-08-01 14:25:23.685 [main] INFO  o.a.c.core.ContainerBase.[Tomcat].[localhost].[/] - Initializing Spring embedded WebApplicationContext
2022-08-01 14:25:23.685 [main] INFO  o.s.b.w.s.c.ServletWebServerApplicationContext - Root WebApplicationContext: initialization completed in 1027 ms
2022-08-01 14:25:24.134 [main] INFO  c.a.d.s.b.a.DruidDataSourceAutoConfigure - Init DruidDataSource
2022-08-01 14:25:24.387 [main] INFO  com.alibaba.druid.pool.DruidDataSource - {dataSource-1} inited
2022-08-01 14:25:26.140 [main] INFO  org.springframework.cloud.commons.util.InetUtils - Cannot determine local hostname
2022-08-01 14:25:26.291 [main] INFO  org.apache.coyote.http11.Http11NioProtocol - Starting ProtocolHandler ["http-nio-8082"]
2022-08-01 14:25:26.300 [main] INFO  o.s.boot.web.embedded.tomcat.TomcatWebServer - Tomcat started on port(s): 8082 (http) with context path ''
2022-08-01 14:25:27.383 [main] INFO  org.springframework.cloud.commons.util.InetUtils - Cannot determine local hostname
2022-08-01 14:25:27.387 [main] INFO  o.s.a.rabbit.connection.CachingConnectionFactory - Attempting to connect to: [192.168.91.129:5672]
2022-08-01 14:25:27.440 [main] INFO  o.s.a.rabbit.connection.CachingConnectionFactory - Created new connection: rabbitConnectionFactory#6ca372ef:0/SimpleConnection@2e29f28e [delegate=amqp://admin@192.168.91.129:5672/, localPort= 53233]
2022-08-01 14:25:27.503 [main] INFO  net.syl.dandelion.handler.Application - Started Application in 8.893 seconds (JVM running for 9.561)
2022-08-01 14:25:27.508 [main] INFO  c.a.cloud.nacos.refresh.NacosContextRefresher - listening config: dataId=sms-dev.yaml, group=HANDLER
2022-08-01 14:25:27.512 [main] INFO  c.a.cloud.nacos.refresh.NacosContextRefresher - listening config: dataId=email-dev.yaml, group=HANDLER
2022-08-01 14:25:27.514 [main] INFO  c.a.cloud.nacos.refresh.NacosContextRefresher - listening config: dataId=deduplicaiton-dev.yaml, group=HANDLER
2022-08-01 14:25:27.514 [main] INFO  c.a.cloud.nacos.refresh.NacosContextRefresher - listening config: dataId=dandelion-handler-dev.yaml, group=DEFAULT_GROUP
2022-08-01 14:25:27.515 [main] INFO  c.a.cloud.nacos.refresh.NacosContextRefresher - listening config: dataId=dandelion-handler.yaml, group=DEFAULT_GROUP
2022-08-01 14:25:27.515 [main] INFO  c.a.cloud.nacos.refresh.NacosContextRefresher - listening config: dataId=dandelion-handler, group=DEFAULT_GROUP
2022-08-01 14:25:27.515 [main] INFO  c.a.cloud.nacos.refresh.NacosContextRefresher - listening config: dataId=discard-dev.yaml, group=HANDLER
2022-08-01 14:27:27.307 [email.notice-1] INFO  net.syl.dandelion.support.utils.LogUtils - {"@type":"net.syl.dandelion.common.entity.AnchorInfo","businessId":1553990774146789376,"ids":Set["2293587790@qq.com"],"state":10,"timestamp":1659335247301}
2022-08-01 14:27:28.325 [email.notice-1] INFO  net.syl.dandelion.support.utils.LogUtils - {"@type":"net.syl.dandelion.common.entity.LogParam","bizType":"Receiver#consumer","object":{"@type":"net.syl.dandelion.support.entity.TaskInfo","businessId":1553990774146789376,"contentModel":{"@type":"net.syl.dandelion.common.dto.model.EmailContentModel","content":"你已成功获取到offer","title":"招聘通知"},"idType":50,"messageTemplateId":2,"msgType":10,"receivers":Set["2293587790@qq.com"],"sendAccount":10,"sendChannel":40,"shieldType":0,"status":0,"templateType":20},"timestamp":1659335248321}
2022-08-01 14:27:28.792 [pool-6-thread-2] INFO  net.syl.dandelion.support.utils.LogUtils - {"@type":"net.syl.dandelion.common.entity.AnchorInfo","businessId":1553990774146789376,"ids":Set[],"state":40,"timestamp":1659335248792}
2022-08-01 14:27:28.939 [pool-6-thread-2] INFO  net.syl.dandelion.support.utils.LogUtils - {"@type":"net.syl.dandelion.common.entity.AnchorInfo","businessId":1553990774146789376,"ids":Set["2293587790@qq.com"],"state":30,"timestamp":1659335248939}
2022-08-01 14:34:10.753 [main] INFO  o.s.c.b.c.PropertySourceBootstrapConfiguration - Located property source: [BootstrapPropertySource {name='bootstrapProperties-dandelion-handler-dev.yaml,DEFAULT_GROUP'}, BootstrapPropertySource {name='bootstrapProperties-dandelion-handler.yaml,DEFAULT_GROUP'}, BootstrapPropertySource {name='bootstrapProperties-dandelion-handler,DEFAULT_GROUP'}, BootstrapPropertySource {name='bootstrapProperties-sms-dev.yaml,HANDLER'}, BootstrapPropertySource {name='bootstrapProperties-email-dev.yaml,HANDLER'}, BootstrapPropertySource {name='bootstrapProperties-deduplicaiton-dev.yaml,HANDLER'}, BootstrapPropertySource {name='bootstrapProperties-discard-dev.yaml,HANDLER'}]
2022-08-01 14:34:10.759 [main] INFO  net.syl.dandelion.handler.Application - The following 1 profile is active: "dev"
2022-08-01 14:34:11.184 [main] INFO  o.s.d.r.config.RepositoryConfigurationDelegate - Multiple Spring Data modules found, entering strict repository configuration mode!
2022-08-01 14:34:11.186 [main] INFO  o.s.d.r.config.RepositoryConfigurationDelegate - Bootstrapping Spring Data Redis repositories in DEFAULT mode.
2022-08-01 14:34:11.203 [main] INFO  o.s.d.r.config.RepositoryConfigurationDelegate - Finished Spring Data repository scanning in 6 ms. Found 0 Redis repository interfaces.
2022-08-01 14:34:11.331 [main] INFO  o.springframework.cloud.context.scope.GenericScope - BeanFactory id=61cd4eb7-b14c-3f92-a344-a1622e0333d0
2022-08-01 14:34:11.664 [main] INFO  o.s.boot.web.embedded.tomcat.TomcatWebServer - Tomcat initialized with port(s): 8082 (http)
2022-08-01 14:34:11.671 [main] INFO  org.apache.coyote.http11.Http11NioProtocol - Initializing ProtocolHandler ["http-nio-8082"]
2022-08-01 14:34:11.671 [main] INFO  org.apache.catalina.core.StandardService - Starting service [Tomcat]
2022-08-01 14:34:11.672 [main] INFO  org.apache.catalina.core.StandardEngine - Starting Servlet engine: [Apache Tomcat/9.0.62]
2022-08-01 14:34:11.778 [main] INFO  o.a.c.core.ContainerBase.[Tomcat].[localhost].[/] - Initializing Spring embedded WebApplicationContext
2022-08-01 14:34:11.778 [main] INFO  o.s.b.w.s.c.ServletWebServerApplicationContext - Root WebApplicationContext: initialization completed in 1003 ms
2022-08-01 14:34:12.223 [main] INFO  c.a.d.s.b.a.DruidDataSourceAutoConfigure - Init DruidDataSource
2022-08-01 14:34:12.475 [main] INFO  com.alibaba.druid.pool.DruidDataSource - {dataSource-1} inited
2022-08-01 14:34:14.264 [main] INFO  org.springframework.cloud.commons.util.InetUtils - Cannot determine local hostname
2022-08-01 14:34:14.428 [main] INFO  org.apache.coyote.http11.Http11NioProtocol - Starting ProtocolHandler ["http-nio-8082"]
2022-08-01 14:34:14.438 [main] INFO  o.s.boot.web.embedded.tomcat.TomcatWebServer - Tomcat started on port(s): 8082 (http) with context path ''
2022-08-01 14:34:15.524 [main] INFO  org.springframework.cloud.commons.util.InetUtils - Cannot determine local hostname
2022-08-01 14:34:15.527 [main] INFO  o.s.a.rabbit.connection.CachingConnectionFactory - Attempting to connect to: [192.168.91.129:5672]
2022-08-01 14:34:15.646 [main] INFO  o.s.a.rabbit.connection.CachingConnectionFactory - Created new connection: rabbitConnectionFactory#1b6924cb:0/SimpleConnection@63a7781 [delegate=amqp://admin@192.168.91.129:5672/, localPort= 53629]
2022-08-01 14:34:15.743 [main] INFO  net.syl.dandelion.handler.Application - Started Application in 8.987 seconds (JVM running for 9.66)
2022-08-01 14:34:15.748 [main] INFO  c.a.cloud.nacos.refresh.NacosContextRefresher - listening config: dataId=sms-dev.yaml, group=HANDLER
2022-08-01 14:34:15.749 [main] INFO  c.a.cloud.nacos.refresh.NacosContextRefresher - listening config: dataId=email-dev.yaml, group=HANDLER
2022-08-01 14:34:15.750 [main] INFO  c.a.cloud.nacos.refresh.NacosContextRefresher - listening config: dataId=deduplicaiton-dev.yaml, group=HANDLER
2022-08-01 14:34:15.751 [main] INFO  c.a.cloud.nacos.refresh.NacosContextRefresher - listening config: dataId=dandelion-handler-dev.yaml, group=DEFAULT_GROUP
2022-08-01 14:34:15.751 [main] INFO  c.a.cloud.nacos.refresh.NacosContextRefresher - listening config: dataId=dandelion-handler.yaml, group=DEFAULT_GROUP
2022-08-01 14:34:15.751 [main] INFO  c.a.cloud.nacos.refresh.NacosContextRefresher - listening config: dataId=dandelion-handler, group=DEFAULT_GROUP
2022-08-01 14:34:15.752 [main] INFO  c.a.cloud.nacos.refresh.NacosContextRefresher - listening config: dataId=discard-dev.yaml, group=HANDLER
2022-08-01 14:34:44.250 [email.notice-1] INFO  net.syl.dandelion.support.utils.LogUtils - {"@type":"net.syl.dandelion.common.entity.AnchorInfo","businessId":1553992605396709376,"ids":Set["2293587790@qq.com"],"state":10,"timestamp":1659335684243}
2022-08-01 14:34:45.280 [email.notice-1] INFO  net.syl.dandelion.support.utils.LogUtils - {"@type":"net.syl.dandelion.common.entity.LogParam","bizType":"Receiver#consumer","object":{"@type":"net.syl.dandelion.support.entity.TaskInfo","businessId":1553992605396709376,"contentModel":{"@type":"net.syl.dandelion.common.dto.model.EmailContentModel","content":"你已成功获取到offer","title":"招聘通知"},"idType":50,"messageTemplateId":2,"msgType":10,"receivers":Set["2293587790@qq.com"],"sendAccount":10,"sendChannel":40,"shieldType":0,"status":0,"templateType":20},"timestamp":1659335685275}
2022-08-01 14:34:46.664 [pool-6-thread-1] INFO  net.syl.dandelion.support.utils.LogUtils - {"@type":"net.syl.dandelion.common.entity.AnchorInfo","businessId":1553992605396709376,"ids":Set["2293587790@qq.com"],"state":60,"timestamp":1659335686664}
