2022-07-30 12:11:46.644 [main] INFO  o.s.c.b.c.PropertySourceBootstrapConfiguration - Located property source: [BootstrapPropertySource {name='bootstrapProperties-dandelion-handler-dev.yaml,DEFAULT_GROUP'}, BootstrapPropertySource {name='bootstrapProperties-dandelion-handler.yaml,DEFAULT_GROUP'}, BootstrapPropertySource {name='bootstrapProperties-dandelion-handler,DEFAULT_GROUP'}, BootstrapPropertySource {name='bootstrapProperties-sms-dev.yaml,HANDLER'}, BootstrapPropertySource {name='bootstrapProperties-email-dev.yaml,HANDLER'}, BootstrapPropertySource {name='bootstrapProperties-deduplicaiton-dev.yaml,HANDLER'}, BootstrapPropertySource {name='bootstrapProperties-discard-dev.yaml,HANDLER'}]
2022-07-30 12:11:46.653 [main] INFO  net.syl.dandelion.handler.Application - The following 1 profile is active: "dev"
2022-07-30 12:11:47.304 [main] INFO  o.s.d.r.config.RepositoryConfigurationDelegate - Multiple Spring Data modules found, entering strict repository configuration mode!
2022-07-30 12:11:47.307 [main] INFO  o.s.d.r.config.RepositoryConfigurationDelegate - Bootstrapping Spring Data Redis repositories in DEFAULT mode.
2022-07-30 12:11:47.331 [main] INFO  o.s.d.r.config.RepositoryConfigurationDelegate - Finished Spring Data repository scanning in 9 ms. Found 0 Redis repository interfaces.
2022-07-30 12:11:47.501 [main] INFO  o.springframework.cloud.context.scope.GenericScope - BeanFactory id=675ab35f-910f-33f7-9211-566b73cea3f7
2022-07-30 12:11:47.903 [main] INFO  o.s.boot.web.embedded.tomcat.TomcatWebServer - Tomcat initialized with port(s): 8082 (http)
2022-07-30 12:11:47.911 [main] INFO  org.apache.coyote.http11.Http11NioProtocol - Initializing ProtocolHandler ["http-nio-8082"]
2022-07-30 12:11:47.911 [main] INFO  org.apache.catalina.core.StandardService - Starting service [Tomcat]
2022-07-30 12:11:47.911 [main] INFO  org.apache.catalina.core.StandardEngine - Starting Servlet engine: [Apache Tomcat/9.0.62]
2022-07-30 12:11:48.044 [main] INFO  o.a.c.core.ContainerBase.[Tomcat].[localhost].[/] - Initializing Spring embedded WebApplicationContext
2022-07-30 12:11:48.044 [main] INFO  o.s.b.w.s.c.ServletWebServerApplicationContext - Root WebApplicationContext: initialization completed in 1375 ms
2022-07-30 12:11:48.301 [main] INFO  org.apache.catalina.core.StandardService - Stopping service [Tomcat]
2022-07-30 12:11:48.316 [main] INFO  o.s.b.a.l.ConditionEvaluationReportLoggingListener - 

Error starting ApplicationContext. To display the conditions report re-run your application with 'debug' enabled.
2022-07-30 12:15:30.544 [main] INFO  o.s.c.b.c.PropertySourceBootstrapConfiguration - Located property source: [BootstrapPropertySource {name='bootstrapProperties-dandelion-handler-dev.yaml,DEFAULT_GROUP'}, BootstrapPropertySource {name='bootstrapProperties-dandelion-handler.yaml,DEFAULT_GROUP'}, BootstrapPropertySource {name='bootstrapProperties-dandelion-handler,DEFAULT_GROUP'}, BootstrapPropertySource {name='bootstrapProperties-sms-dev.yaml,HANDLER'}, BootstrapPropertySource {name='bootstrapProperties-email-dev.yaml,HANDLER'}, BootstrapPropertySource {name='bootstrapProperties-deduplicaiton-dev.yaml,HANDLER'}, BootstrapPropertySource {name='bootstrapProperties-discard-dev.yaml,HANDLER'}]
2022-07-30 12:15:30.552 [main] INFO  net.syl.dandelion.handler.Application - The following 1 profile is active: "dev"
2022-07-30 12:15:30.951 [main] INFO  o.s.d.r.config.RepositoryConfigurationDelegate - Multiple Spring Data modules found, entering strict repository configuration mode!
2022-07-30 12:15:30.954 [main] INFO  o.s.d.r.config.RepositoryConfigurationDelegate - Bootstrapping Spring Data Redis repositories in DEFAULT mode.
2022-07-30 12:15:30.971 [main] INFO  o.s.d.r.config.RepositoryConfigurationDelegate - Finished Spring Data repository scanning in 6 ms. Found 0 Redis repository interfaces.
2022-07-30 12:15:31.090 [main] INFO  o.springframework.cloud.context.scope.GenericScope - BeanFactory id=17c1fbf4-849a-34b6-91fa-9e68fa076afb
2022-07-30 12:15:31.458 [main] INFO  o.s.boot.web.embedded.tomcat.TomcatWebServer - Tomcat initialized with port(s): 8082 (http)
2022-07-30 12:15:31.463 [main] INFO  org.apache.coyote.http11.Http11NioProtocol - Initializing ProtocolHandler ["http-nio-8082"]
2022-07-30 12:15:31.466 [main] INFO  org.apache.catalina.core.StandardService - Starting service [Tomcat]
2022-07-30 12:15:31.466 [main] INFO  org.apache.catalina.core.StandardEngine - Starting Servlet engine: [Apache Tomcat/9.0.62]
2022-07-30 12:15:31.566 [main] INFO  o.a.c.core.ContainerBase.[Tomcat].[localhost].[/] - Initializing Spring embedded WebApplicationContext
2022-07-30 12:15:31.566 [main] INFO  o.s.b.w.s.c.ServletWebServerApplicationContext - Root WebApplicationContext: initialization completed in 998 ms
2022-07-30 12:15:31.864 [main] INFO  c.a.d.s.b.a.DruidDataSourceAutoConfigure - Init DruidDataSource
2022-07-30 12:15:32.246 [main] INFO  com.alibaba.druid.pool.DruidDataSource - {dataSource-1} inited
2022-07-30 12:15:32.553 [main] INFO  c.m.logRecord.function.CustomFunctionObjectDiff - CustomFunctionObjectDiff init diffMsgFormat [【${_fieldName}】从【${_oldValue}】变成了【${_newValue}】] diffMsgSeparator [ ]
2022-07-30 12:15:32.555 [main] INFO  c.monitor4all.logRecord.thread.LogRecordThreadPool - LogRecordThreadPool init poolSize [4]
2022-07-30 12:15:32.782 [main] INFO  c.m.logRecord.function.CustomFunctionRegistrar - LogRecord register custom function [public static java.lang.String cn.monitor4all.logRecord.function.CustomFunctionObjectDiff.objectDiff(java.lang.Object,java.lang.Object)] as name [_DIFF]
2022-07-30 12:15:34.114 [main] INFO  org.springframework.cloud.commons.util.InetUtils - Cannot determine local hostname
2022-07-30 12:15:34.260 [main] INFO  org.apache.coyote.http11.Http11NioProtocol - Starting ProtocolHandler ["http-nio-8082"]
2022-07-30 12:15:34.270 [main] INFO  o.s.boot.web.embedded.tomcat.TomcatWebServer - Tomcat started on port(s): 8082 (http) with context path ''
2022-07-30 12:15:35.342 [main] INFO  org.springframework.cloud.commons.util.InetUtils - Cannot determine local hostname
2022-07-30 12:15:36.354 [main] INFO  o.s.a.rabbit.connection.CachingConnectionFactory - Attempting to connect to: [192.168.91.129:5672]
2022-07-30 12:15:41.378 [main] INFO  o.s.a.r.listener.SimpleMessageListenerContainer - Broker not available; cannot force queue declarations during start: java.util.concurrent.TimeoutException
2022-07-30 12:15:41.399 [sms.notice-1] INFO  o.s.a.rabbit.connection.CachingConnectionFactory - Attempting to connect to: [192.168.91.129:5672]
2022-07-30 12:15:41.440 [sms.notice-1] INFO  o.s.a.rabbit.connection.CachingConnectionFactory - Created new connection: rabbitConnectionFactory#685d7ba5:1/SimpleConnection@3977459a [delegate=amqp://admin@192.168.91.129:5672/, localPort= 50396]
2022-07-30 12:15:41.499 [main] INFO  net.syl.dandelion.handler.Application - Started Application in 36.92 seconds (JVM running for 37.522)
2022-07-30 12:15:41.504 [main] INFO  c.a.cloud.nacos.refresh.NacosContextRefresher - listening config: dataId=sms-dev.yaml, group=HANDLER
2022-07-30 12:15:41.504 [main] INFO  c.a.cloud.nacos.refresh.NacosContextRefresher - listening config: dataId=email-dev.yaml, group=HANDLER
2022-07-30 12:15:41.504 [main] INFO  c.a.cloud.nacos.refresh.NacosContextRefresher - listening config: dataId=deduplicaiton-dev.yaml, group=HANDLER
2022-07-30 12:15:41.504 [main] INFO  c.a.cloud.nacos.refresh.NacosContextRefresher - listening config: dataId=dandelion-handler-dev.yaml, group=DEFAULT_GROUP
2022-07-30 12:15:41.504 [main] INFO  c.a.cloud.nacos.refresh.NacosContextRefresher - listening config: dataId=dandelion-handler.yaml, group=DEFAULT_GROUP
2022-07-30 12:15:41.506 [main] INFO  c.a.cloud.nacos.refresh.NacosContextRefresher - listening config: dataId=dandelion-handler, group=DEFAULT_GROUP
2022-07-30 12:15:41.506 [main] INFO  c.a.cloud.nacos.refresh.NacosContextRefresher - listening config: dataId=discard-dev.yaml, group=HANDLER
2022-07-30 12:17:43.752 [main] INFO  o.s.c.b.c.PropertySourceBootstrapConfiguration - Located property source: [BootstrapPropertySource {name='bootstrapProperties-dandelion-handler-dev.yaml,DEFAULT_GROUP'}, BootstrapPropertySource {name='bootstrapProperties-dandelion-handler.yaml,DEFAULT_GROUP'}, BootstrapPropertySource {name='bootstrapProperties-dandelion-handler,DEFAULT_GROUP'}, BootstrapPropertySource {name='bootstrapProperties-sms-dev.yaml,HANDLER'}, BootstrapPropertySource {name='bootstrapProperties-email-dev.yaml,HANDLER'}, BootstrapPropertySource {name='bootstrapProperties-deduplicaiton-dev.yaml,HANDLER'}, BootstrapPropertySource {name='bootstrapProperties-discard-dev.yaml,HANDLER'}]
2022-07-30 12:17:43.758 [main] INFO  net.syl.dandelion.handler.Application - The following 1 profile is active: "dev"
2022-07-30 12:17:44.364 [main] INFO  o.s.d.r.config.RepositoryConfigurationDelegate - Multiple Spring Data modules found, entering strict repository configuration mode!
2022-07-30 12:17:44.366 [main] INFO  o.s.d.r.config.RepositoryConfigurationDelegate - Bootstrapping Spring Data Redis repositories in DEFAULT mode.
2022-07-30 12:17:44.390 [main] INFO  o.s.d.r.config.RepositoryConfigurationDelegate - Finished Spring Data repository scanning in 8 ms. Found 0 Redis repository interfaces.
2022-07-30 12:17:44.587 [main] INFO  o.springframework.cloud.context.scope.GenericScope - BeanFactory id=17c1fbf4-849a-34b6-91fa-9e68fa076afb
2022-07-30 12:17:45.033 [main] INFO  o.s.boot.web.embedded.tomcat.TomcatWebServer - Tomcat initialized with port(s): 8082 (http)
2022-07-30 12:17:45.041 [main] INFO  org.apache.coyote.http11.Http11NioProtocol - Initializing ProtocolHandler ["http-nio-8082"]
2022-07-30 12:17:45.041 [main] INFO  org.apache.catalina.core.StandardService - Starting service [Tomcat]
2022-07-30 12:17:45.041 [main] INFO  org.apache.catalina.core.StandardEngine - Starting Servlet engine: [Apache Tomcat/9.0.62]
2022-07-30 12:17:45.157 [main] INFO  o.a.c.core.ContainerBase.[Tomcat].[localhost].[/] - Initializing Spring embedded WebApplicationContext
2022-07-30 12:17:45.157 [main] INFO  o.s.b.w.s.c.ServletWebServerApplicationContext - Root WebApplicationContext: initialization completed in 1362 ms
2022-07-30 12:17:45.519 [main] INFO  c.a.d.s.b.a.DruidDataSourceAutoConfigure - Init DruidDataSource
2022-07-30 12:17:45.930 [main] INFO  com.alibaba.druid.pool.DruidDataSource - {dataSource-1} inited
2022-07-30 12:17:46.304 [main] INFO  c.m.logRecord.function.CustomFunctionObjectDiff - CustomFunctionObjectDiff init diffMsgFormat [【${_fieldName}】从【${_oldValue}】变成了【${_newValue}】] diffMsgSeparator [ ]
2022-07-30 12:17:46.304 [main] INFO  c.monitor4all.logRecord.thread.LogRecordThreadPool - LogRecordThreadPool init poolSize [4]
2022-07-30 12:17:46.563 [main] INFO  c.m.logRecord.function.CustomFunctionRegistrar - LogRecord register custom function [public static java.lang.String cn.monitor4all.logRecord.function.CustomFunctionObjectDiff.objectDiff(java.lang.Object,java.lang.Object)] as name [_DIFF]
2022-07-30 12:17:47.956 [main] INFO  org.springframework.cloud.commons.util.InetUtils - Cannot determine local hostname
2022-07-30 12:17:49.119 [main] INFO  org.apache.coyote.http11.Http11NioProtocol - Starting ProtocolHandler ["http-nio-8082"]
2022-07-30 12:17:49.130 [main] INFO  o.s.boot.web.embedded.tomcat.TomcatWebServer - Tomcat started on port(s): 8082 (http) with context path ''
2022-07-30 12:17:50.209 [main] INFO  org.springframework.cloud.commons.util.InetUtils - Cannot determine local hostname
2022-07-30 12:17:50.210 [main] INFO  o.s.a.rabbit.connection.CachingConnectionFactory - Attempting to connect to: [192.168.91.129:5672]
2022-07-30 12:17:50.273 [main] INFO  o.s.a.rabbit.connection.CachingConnectionFactory - Created new connection: rabbitConnectionFactory#6aae82cc:0/SimpleConnection@320770d7 [delegate=amqp://admin@192.168.91.129:5672/, localPort= 50504]
2022-07-30 12:17:50.341 [main] INFO  net.syl.dandelion.handler.Application - Started Application in 32.724 seconds (JVM running for 34.089)
2022-07-30 12:17:50.348 [main] INFO  c.a.cloud.nacos.refresh.NacosContextRefresher - listening config: dataId=sms-dev.yaml, group=HANDLER
2022-07-30 12:17:50.348 [main] INFO  c.a.cloud.nacos.refresh.NacosContextRefresher - listening config: dataId=email-dev.yaml, group=HANDLER
2022-07-30 12:17:50.348 [main] INFO  c.a.cloud.nacos.refresh.NacosContextRefresher - listening config: dataId=deduplicaiton-dev.yaml, group=HANDLER
2022-07-30 12:17:50.348 [main] INFO  c.a.cloud.nacos.refresh.NacosContextRefresher - listening config: dataId=dandelion-handler-dev.yaml, group=DEFAULT_GROUP
2022-07-30 12:17:50.348 [main] INFO  c.a.cloud.nacos.refresh.NacosContextRefresher - listening config: dataId=dandelion-handler.yaml, group=DEFAULT_GROUP
2022-07-30 12:17:50.350 [main] INFO  c.a.cloud.nacos.refresh.NacosContextRefresher - listening config: dataId=dandelion-handler, group=DEFAULT_GROUP
2022-07-30 12:17:50.350 [main] INFO  c.a.cloud.nacos.refresh.NacosContextRefresher - listening config: dataId=discard-dev.yaml, group=HANDLER
2022-07-30 12:18:53.657 [sms.notice-3] INFO  o.s.a.r.listener.SimpleMessageListenerContainer - Waiting for workers to finish.
2022-07-30 12:18:53.657 [email.marketing-3] INFO  o.s.a.r.listener.SimpleMessageListenerContainer - Waiting for workers to finish.
2022-07-30 12:18:53.659 [sms.marketing-3] INFO  o.s.a.r.listener.SimpleMessageListenerContainer - Waiting for workers to finish.
2022-07-30 12:18:53.661 [sms.auth_code-3] INFO  o.s.a.r.listener.SimpleMessageListenerContainer - Waiting for workers to finish.
2022-07-30 12:18:53.661 [email.auth_code-3] INFO  o.s.a.r.listener.SimpleMessageListenerContainer - Waiting for workers to finish.
2022-07-30 12:18:53.664 [email.notice-3] INFO  o.s.a.r.listener.SimpleMessageListenerContainer - Waiting for workers to finish.
2022-07-30 12:18:54.665 [email.notice-3] INFO  o.s.a.r.listener.SimpleMessageListenerContainer - Successfully waited for workers to finish.
2022-07-30 12:18:54.665 [sms.auth_code-3] INFO  o.s.a.r.listener.SimpleMessageListenerContainer - Successfully waited for workers to finish.
2022-07-30 12:18:54.665 [email.marketing-3] INFO  o.s.a.r.listener.SimpleMessageListenerContainer - Successfully waited for workers to finish.
2022-07-30 12:18:54.665 [sms.marketing-3] INFO  o.s.a.r.listener.SimpleMessageListenerContainer - Successfully waited for workers to finish.
2022-07-30 12:18:54.665 [sms.notice-3] INFO  o.s.a.r.listener.SimpleMessageListenerContainer - Successfully waited for workers to finish.
2022-07-30 12:18:54.665 [email.auth_code-3] INFO  o.s.a.r.listener.SimpleMessageListenerContainer - Successfully waited for workers to finish.
2022-07-30 12:18:54.728 [SpringApplicationShutdownHook] INFO  o.s.a.r.listener.SimpleMessageListenerContainer - Shutdown ignored - container is already stopped
2022-07-30 12:18:54.728 [SpringApplicationShutdownHook] INFO  o.s.a.r.listener.SimpleMessageListenerContainer - Shutdown ignored - container is already stopped
2022-07-30 12:18:54.728 [SpringApplicationShutdownHook] INFO  o.s.a.r.listener.SimpleMessageListenerContainer - Shutdown ignored - container is already stopped
2022-07-30 12:18:54.728 [SpringApplicationShutdownHook] INFO  o.s.a.r.listener.SimpleMessageListenerContainer - Shutdown ignored - container is already stopped
2022-07-30 12:18:54.728 [SpringApplicationShutdownHook] INFO  o.s.a.r.listener.SimpleMessageListenerContainer - Shutdown ignored - container is already stopped
2022-07-30 12:18:54.728 [SpringApplicationShutdownHook] INFO  o.s.a.r.listener.SimpleMessageListenerContainer - Shutdown ignored - container is already stopped
2022-07-30 12:18:54.728 [SpringApplicationShutdownHook] INFO  com.alibaba.druid.pool.DruidDataSource - {dataSource-1} closing ...
2022-07-30 12:18:54.732 [SpringApplicationShutdownHook] INFO  com.alibaba.druid.pool.DruidDataSource - {dataSource-1} closed
2022-07-30 12:20:49.010 [main] INFO  o.s.c.b.c.PropertySourceBootstrapConfiguration - Located property source: [BootstrapPropertySource {name='bootstrapProperties-dandelion-handler-dev.yaml,DEFAULT_GROUP'}, BootstrapPropertySource {name='bootstrapProperties-dandelion-handler.yaml,DEFAULT_GROUP'}, BootstrapPropertySource {name='bootstrapProperties-dandelion-handler,DEFAULT_GROUP'}, BootstrapPropertySource {name='bootstrapProperties-sms-dev.yaml,HANDLER'}, BootstrapPropertySource {name='bootstrapProperties-email-dev.yaml,HANDLER'}, BootstrapPropertySource {name='bootstrapProperties-deduplicaiton-dev.yaml,HANDLER'}, BootstrapPropertySource {name='bootstrapProperties-discard-dev.yaml,HANDLER'}]
2022-07-30 12:20:49.016 [main] INFO  net.syl.dandelion.handler.Application - The following 1 profile is active: "dev"
2022-07-30 12:20:49.465 [main] INFO  o.s.d.r.config.RepositoryConfigurationDelegate - Multiple Spring Data modules found, entering strict repository configuration mode!
2022-07-30 12:20:49.467 [main] INFO  o.s.d.r.config.RepositoryConfigurationDelegate - Bootstrapping Spring Data Redis repositories in DEFAULT mode.
2022-07-30 12:20:49.485 [main] INFO  o.s.d.r.config.RepositoryConfigurationDelegate - Finished Spring Data repository scanning in 7 ms. Found 0 Redis repository interfaces.
2022-07-30 12:20:49.625 [main] INFO  o.springframework.cloud.context.scope.GenericScope - BeanFactory id=17c1fbf4-849a-34b6-91fa-9e68fa076afb
2022-07-30 12:20:50.046 [main] INFO  o.s.boot.web.embedded.tomcat.TomcatWebServer - Tomcat initialized with port(s): 8082 (http)
2022-07-30 12:20:50.052 [main] INFO  org.apache.coyote.http11.Http11NioProtocol - Initializing ProtocolHandler ["http-nio-8082"]
2022-07-30 12:20:50.054 [main] INFO  org.apache.catalina.core.StandardService - Starting service [Tomcat]
2022-07-30 12:20:50.054 [main] INFO  org.apache.catalina.core.StandardEngine - Starting Servlet engine: [Apache Tomcat/9.0.62]
2022-07-30 12:20:50.166 [main] INFO  o.a.c.core.ContainerBase.[Tomcat].[localhost].[/] - Initializing Spring embedded WebApplicationContext
2022-07-30 12:20:50.166 [main] INFO  o.s.b.w.s.c.ServletWebServerApplicationContext - Root WebApplicationContext: initialization completed in 1136 ms
2022-07-30 12:20:50.520 [main] INFO  c.a.d.s.b.a.DruidDataSourceAutoConfigure - Init DruidDataSource
2022-07-30 12:20:50.922 [main] INFO  com.alibaba.druid.pool.DruidDataSource - {dataSource-1} inited
2022-07-30 12:20:51.261 [main] INFO  c.m.logRecord.function.CustomFunctionObjectDiff - CustomFunctionObjectDiff init diffMsgFormat [【${_fieldName}】从【${_oldValue}】变成了【${_newValue}】] diffMsgSeparator [ ]
2022-07-30 12:20:51.262 [main] INFO  c.monitor4all.logRecord.thread.LogRecordThreadPool - LogRecordThreadPool init poolSize [4]
2022-07-30 12:20:51.518 [main] INFO  c.m.logRecord.function.CustomFunctionRegistrar - LogRecord register custom function [public static java.lang.String cn.monitor4all.logRecord.function.CustomFunctionObjectDiff.objectDiff(java.lang.Object,java.lang.Object)] as name [_DIFF]
2022-07-30 12:20:52.906 [main] INFO  org.springframework.cloud.commons.util.InetUtils - Cannot determine local hostname
2022-07-30 12:23:11.014 [main] INFO  o.s.boot.web.embedded.tomcat.TomcatWebServer - Tomcat started on port(s): 8082 (http) with context path ''
2022-07-30 12:23:13.026 [main] INFO  org.springframework.cloud.commons.util.InetUtils - Cannot determine local hostname
2022-07-30 12:23:13.030 [main] INFO  o.s.a.rabbit.connection.CachingConnectionFactory - Attempting to connect to: [192.168.91.129:5672]
2022-07-30 12:23:13.070 [main] INFO  o.s.a.rabbit.connection.CachingConnectionFactory - Created new connection: rabbitConnectionFactory#1ab1d93d:0/SimpleConnection@6b94c200 [delegate=amqp://admin@192.168.91.129:5672/, localPort= 50659]
2022-07-30 12:48:09.793 [main] INFO  o.s.c.b.c.PropertySourceBootstrapConfiguration - Located property source: [BootstrapPropertySource {name='bootstrapProperties-dandelion-handler-dev.yaml,DEFAULT_GROUP'}, BootstrapPropertySource {name='bootstrapProperties-dandelion-handler.yaml,DEFAULT_GROUP'}, BootstrapPropertySource {name='bootstrapProperties-dandelion-handler,DEFAULT_GROUP'}, BootstrapPropertySource {name='bootstrapProperties-sms-dev.yaml,HANDLER'}, BootstrapPropertySource {name='bootstrapProperties-email-dev.yaml,HANDLER'}, BootstrapPropertySource {name='bootstrapProperties-deduplicaiton-dev.yaml,HANDLER'}, BootstrapPropertySource {name='bootstrapProperties-discard-dev.yaml,HANDLER'}]
2022-07-30 12:48:09.797 [main] INFO  net.syl.dandelion.handler.Application - The following 1 profile is active: "dev"
2022-07-30 12:48:10.184 [main] INFO  o.s.d.r.config.RepositoryConfigurationDelegate - Multiple Spring Data modules found, entering strict repository configuration mode!
2022-07-30 12:48:10.185 [main] INFO  o.s.d.r.config.RepositoryConfigurationDelegate - Bootstrapping Spring Data Redis repositories in DEFAULT mode.
2022-07-30 12:48:10.202 [main] INFO  o.s.d.r.config.RepositoryConfigurationDelegate - Finished Spring Data repository scanning in 6 ms. Found 0 Redis repository interfaces.
2022-07-30 12:48:10.320 [main] INFO  o.springframework.cloud.context.scope.GenericScope - BeanFactory id=430547f1-69bc-301b-83a9-6b08e154867e
2022-07-30 12:48:10.675 [main] INFO  o.s.boot.web.embedded.tomcat.TomcatWebServer - Tomcat initialized with port(s): 8082 (http)
2022-07-30 12:48:10.681 [main] INFO  org.apache.coyote.http11.Http11NioProtocol - Initializing ProtocolHandler ["http-nio-8082"]
2022-07-30 12:48:10.681 [main] INFO  org.apache.catalina.core.StandardService - Starting service [Tomcat]
2022-07-30 12:48:10.682 [main] INFO  org.apache.catalina.core.StandardEngine - Starting Servlet engine: [Apache Tomcat/9.0.62]
2022-07-30 12:48:10.780 [main] INFO  o.a.c.core.ContainerBase.[Tomcat].[localhost].[/] - Initializing Spring embedded WebApplicationContext
2022-07-30 12:48:10.780 [main] INFO  o.s.b.w.s.c.ServletWebServerApplicationContext - Root WebApplicationContext: initialization completed in 971 ms
2022-07-30 12:48:11.061 [main] INFO  c.a.d.s.b.a.DruidDataSourceAutoConfigure - Init DruidDataSource
2022-07-30 12:48:11.439 [main] INFO  com.alibaba.druid.pool.DruidDataSource - {dataSource-1} inited
2022-07-30 12:48:11.734 [main] INFO  c.m.logRecord.function.CustomFunctionObjectDiff - CustomFunctionObjectDiff init diffMsgFormat [【${_fieldName}】从【${_oldValue}】变成了【${_newValue}】] diffMsgSeparator [ ]
2022-07-30 12:48:11.735 [main] INFO  c.monitor4all.logRecord.thread.LogRecordThreadPool - LogRecordThreadPool init poolSize [4]
2022-07-30 12:48:11.942 [main] INFO  c.m.logRecord.function.CustomFunctionRegistrar - LogRecord register custom function [public static java.lang.String cn.monitor4all.logRecord.function.CustomFunctionObjectDiff.objectDiff(java.lang.Object,java.lang.Object)] as name [_DIFF]
2022-07-30 12:48:13.267 [main] INFO  org.springframework.cloud.commons.util.InetUtils - Cannot determine local hostname
2022-07-30 12:48:13.436 [main] INFO  org.apache.coyote.http11.Http11NioProtocol - Starting ProtocolHandler ["http-nio-8082"]
2022-07-30 12:48:13.445 [main] INFO  o.s.boot.web.embedded.tomcat.TomcatWebServer - Tomcat started on port(s): 8082 (http) with context path ''
2022-07-30 12:48:14.522 [main] INFO  org.springframework.cloud.commons.util.InetUtils - Cannot determine local hostname
2022-07-30 12:48:15.541 [main] INFO  o.s.a.rabbit.connection.CachingConnectionFactory - Attempting to connect to: [192.168.91.129:5672]
2022-07-30 12:48:15.579 [main] INFO  o.s.a.rabbit.connection.CachingConnectionFactory - Created new connection: rabbitConnectionFactory#3b6c2be6:0/SimpleConnection@5cffec7 [delegate=amqp://admin@192.168.91.129:5672/, localPort= 51109]
2022-07-30 12:48:15.640 [main] INFO  net.syl.dandelion.handler.Application - Started Application in 31.882 seconds (JVM running for 32.53)
2022-07-30 12:48:15.644 [main] INFO  c.a.cloud.nacos.refresh.NacosContextRefresher - listening config: dataId=sms-dev.yaml, group=HANDLER
2022-07-30 12:48:15.645 [main] INFO  c.a.cloud.nacos.refresh.NacosContextRefresher - listening config: dataId=email-dev.yaml, group=HANDLER
2022-07-30 12:48:15.646 [main] INFO  c.a.cloud.nacos.refresh.NacosContextRefresher - listening config: dataId=deduplicaiton-dev.yaml, group=HANDLER
2022-07-30 12:48:15.646 [main] INFO  c.a.cloud.nacos.refresh.NacosContextRefresher - listening config: dataId=dandelion-handler-dev.yaml, group=DEFAULT_GROUP
2022-07-30 12:48:15.646 [main] INFO  c.a.cloud.nacos.refresh.NacosContextRefresher - listening config: dataId=dandelion-handler.yaml, group=DEFAULT_GROUP
2022-07-30 12:48:15.647 [main] INFO  c.a.cloud.nacos.refresh.NacosContextRefresher - listening config: dataId=dandelion-handler, group=DEFAULT_GROUP
2022-07-30 12:48:15.647 [main] INFO  c.a.cloud.nacos.refresh.NacosContextRefresher - listening config: dataId=discard-dev.yaml, group=HANDLER
2022-07-30 12:48:15.994 [email.notice-1] INFO  net.syl.dandelion.support.aop.aspect.LogAspect - {"bizId":"1","bizType":"handlerMessage","exception":null,"executionTime":348,"logId":"log1553241038162870272","msg":"666","operateDate":"2022-07-30T12:48:15.988","returnStr":"null","success":true,"tag":"'operation'"}
2022-07-30 12:48:48.399 [email.notice-1] INFO  net.syl.dandelion.support.aop.aspect.LogAspect - {"bizId":"1","bizType":"handlerMessage","exception":null,"executionTime":1,"logId":"log1553241174142205952","msg":"666","operateDate":"2022-07-30T12:48:48.398","returnStr":"null","success":true,"tag":"'operation'"}
2022-07-30 12:53:44.643 [main] INFO  o.s.c.b.c.PropertySourceBootstrapConfiguration - Located property source: [BootstrapPropertySource {name='bootstrapProperties-dandelion-handler-dev.yaml,DEFAULT_GROUP'}, BootstrapPropertySource {name='bootstrapProperties-dandelion-handler.yaml,DEFAULT_GROUP'}, BootstrapPropertySource {name='bootstrapProperties-dandelion-handler,DEFAULT_GROUP'}, BootstrapPropertySource {name='bootstrapProperties-sms-dev.yaml,HANDLER'}, BootstrapPropertySource {name='bootstrapProperties-email-dev.yaml,HANDLER'}, BootstrapPropertySource {name='bootstrapProperties-deduplicaiton-dev.yaml,HANDLER'}, BootstrapPropertySource {name='bootstrapProperties-discard-dev.yaml,HANDLER'}]
2022-07-30 12:53:44.647 [main] INFO  net.syl.dandelion.handler.Application - The following 1 profile is active: "dev"
2022-07-30 12:53:45.040 [main] INFO  o.s.d.r.config.RepositoryConfigurationDelegate - Multiple Spring Data modules found, entering strict repository configuration mode!
2022-07-30 12:53:45.042 [main] INFO  o.s.d.r.config.RepositoryConfigurationDelegate - Bootstrapping Spring Data Redis repositories in DEFAULT mode.
2022-07-30 12:53:45.058 [main] INFO  o.s.d.r.config.RepositoryConfigurationDelegate - Finished Spring Data repository scanning in 6 ms. Found 0 Redis repository interfaces.
2022-07-30 12:53:45.179 [main] INFO  o.springframework.cloud.context.scope.GenericScope - BeanFactory id=430547f1-69bc-301b-83a9-6b08e154867e
2022-07-30 12:53:45.543 [main] INFO  o.s.boot.web.embedded.tomcat.TomcatWebServer - Tomcat initialized with port(s): 8082 (http)
2022-07-30 12:53:45.549 [main] INFO  org.apache.coyote.http11.Http11NioProtocol - Initializing ProtocolHandler ["http-nio-8082"]
2022-07-30 12:53:45.550 [main] INFO  org.apache.catalina.core.StandardService - Starting service [Tomcat]
2022-07-30 12:53:45.550 [main] INFO  org.apache.catalina.core.StandardEngine - Starting Servlet engine: [Apache Tomcat/9.0.62]
2022-07-30 12:53:45.652 [main] INFO  o.a.c.core.ContainerBase.[Tomcat].[localhost].[/] - Initializing Spring embedded WebApplicationContext
2022-07-30 12:53:45.652 [main] INFO  o.s.b.w.s.c.ServletWebServerApplicationContext - Root WebApplicationContext: initialization completed in 993 ms
2022-07-30 12:53:45.939 [main] INFO  c.a.d.s.b.a.DruidDataSourceAutoConfigure - Init DruidDataSource
2022-07-30 12:53:46.301 [main] INFO  com.alibaba.druid.pool.DruidDataSource - {dataSource-1} inited
2022-07-30 12:53:46.613 [main] INFO  c.m.logRecord.function.CustomFunctionObjectDiff - CustomFunctionObjectDiff init diffMsgFormat [【${_fieldName}】从【${_oldValue}】变成了【${_newValue}】] diffMsgSeparator [ ]
2022-07-30 12:53:46.614 [main] INFO  c.monitor4all.logRecord.thread.LogRecordThreadPool - LogRecordThreadPool init poolSize [4]
2022-07-30 12:53:46.826 [main] INFO  c.m.logRecord.function.CustomFunctionRegistrar - LogRecord register custom function [public static java.lang.String cn.monitor4all.logRecord.function.CustomFunctionObjectDiff.objectDiff(java.lang.Object,java.lang.Object)] as name [_DIFF]
2022-07-30 12:53:48.156 [main] INFO  org.springframework.cloud.commons.util.InetUtils - Cannot determine local hostname
2022-07-30 12:53:48.329 [main] INFO  org.apache.coyote.http11.Http11NioProtocol - Starting ProtocolHandler ["http-nio-8082"]
2022-07-30 12:53:48.338 [main] INFO  o.s.boot.web.embedded.tomcat.TomcatWebServer - Tomcat started on port(s): 8082 (http) with context path ''
2022-07-30 12:53:49.421 [main] INFO  org.springframework.cloud.commons.util.InetUtils - Cannot determine local hostname
2022-07-30 12:53:50.432 [main] INFO  o.s.a.rabbit.connection.CachingConnectionFactory - Attempting to connect to: [192.168.91.129:5672]
2022-07-30 12:53:55.466 [main] INFO  o.s.a.r.listener.SimpleMessageListenerContainer - Broker not available; cannot force queue declarations during start: java.util.concurrent.TimeoutException
2022-07-30 12:53:55.479 [sms.notice-1] INFO  o.s.a.rabbit.connection.CachingConnectionFactory - Attempting to connect to: [192.168.91.129:5672]
2022-07-30 12:54:00.493 [sms.notice-1] INFO  o.s.a.rabbit.connection.CachingConnectionFactory - Created new connection: rabbitConnectionFactory#16d41725:1/SimpleConnection@6c990525 [delegate=amqp://admin@192.168.91.129:5672/, localPort= 51327]
2022-07-30 12:54:01.584 [main] INFO  net.syl.dandelion.handler.Application - Started Application in 43.033 seconds (JVM running for 43.797)
2022-07-30 12:54:01.588 [main] INFO  c.a.cloud.nacos.refresh.NacosContextRefresher - listening config: dataId=sms-dev.yaml, group=HANDLER
2022-07-30 12:54:01.589 [main] INFO  c.a.cloud.nacos.refresh.NacosContextRefresher - listening config: dataId=email-dev.yaml, group=HANDLER
2022-07-30 12:54:01.589 [main] INFO  c.a.cloud.nacos.refresh.NacosContextRefresher - listening config: dataId=deduplicaiton-dev.yaml, group=HANDLER
2022-07-30 12:54:01.589 [main] INFO  c.a.cloud.nacos.refresh.NacosContextRefresher - listening config: dataId=dandelion-handler-dev.yaml, group=DEFAULT_GROUP
2022-07-30 12:54:01.590 [main] INFO  c.a.cloud.nacos.refresh.NacosContextRefresher - listening config: dataId=dandelion-handler.yaml, group=DEFAULT_GROUP
2022-07-30 12:54:01.590 [main] INFO  c.a.cloud.nacos.refresh.NacosContextRefresher - listening config: dataId=dandelion-handler, group=DEFAULT_GROUP
2022-07-30 12:54:01.591 [main] INFO  c.a.cloud.nacos.refresh.NacosContextRefresher - listening config: dataId=discard-dev.yaml, group=HANDLER
2022-07-30 12:55:09.368 [email.notice-1] INFO  net.syl.dandelion.support.aop.aspect.LogAspect - {"bizId":"1553242769856712704","bizType":"Receiver#handlerMessage","exception":null,"executionTime":361,"logId":"log1553242771970637824","msg":"\"{\\\"businessId\\\":1553242769856712704,\\\"contentModel\\\":{\\\"@type\\\":\\\"net.syl.dandelion.common.dto.model.EmailContentModel\\\",\\\"content\\\":\\\"你已成功获取到offer\\\",\\\"title\\\":\\\"招聘通知\\\"},\\\"idType\\\":50,\\\"messageTemplateId\\\":2,\\\"msgType\\\":10,\\\"receivers\\\":Set[\\\"2293587790@qq.com\\\"],\\\"sendAccount\\\":10,\\\"sendChannel\\\":40,\\\"shieldType\\\":0,\\\"status\\\":0,\\\"templateType\\\":20}\"","operateDate":"2022-07-30T12:55:09.363","returnStr":"null","success":true,"tag":"'operation'"}
2022-07-30 14:02:45.298 [sms.marketing-2] INFO  o.s.a.r.listener.SimpleMessageListenerContainer - Restarting Consumer@1fee4278: tags=[[amq.ctag-8lpbjJZxPeslvE9bOJXAZQ]], channel=Cached Rabbit Channel: PublisherCallbackChannelImpl: AMQChannel(amqp://admin@192.168.91.129:5672/,6), conn: Proxy@619540c Shared Rabbit Connection: SimpleConnection@6c990525 [delegate=amqp://admin@192.168.91.129:5672/, localPort= 51327], acknowledgeMode=AUTO local queue size=0
2022-07-30 14:02:45.338 [sms.marketing-3] INFO  o.s.a.rabbit.connection.CachingConnectionFactory - Attempting to connect to: [192.168.91.129:5672]
2022-07-30 14:02:45.341 [email.notice-2] INFO  o.s.a.r.listener.SimpleMessageListenerContainer - Restarting Consumer@3e28dc96: tags=[[amq.ctag-YIqzBfoem0fCa-MoZKuA]], channel=Cached Rabbit Channel: PublisherCallbackChannelImpl: AMQChannel(amqp://admin@192.168.91.129:5672/,12), conn: Proxy@619540c Shared Rabbit Connection: null, acknowledgeMode=AUTO local queue size=0
2022-07-30 14:02:45.366 [email.notice-3] INFO  o.s.a.rabbit.connection.CachingConnectionFactory - Attempting to connect to: [192.168.91.129:5672]
2022-07-30 14:02:45.508 [email.auth_code-1] INFO  o.s.a.r.listener.SimpleMessageListenerContainer - Restarting Consumer@5cffec7: tags=[[amq.ctag-nLzEiRS_M1orTkuBVtbvKw]], channel=Cached Rabbit Channel: PublisherCallbackChannelImpl: AMQChannel(amqp://admin@192.168.91.129:5672/,9), conn: Proxy@619540c Shared Rabbit Connection: null, acknowledgeMode=AUTO local queue size=0
2022-07-30 14:02:45.509 [email.auth_code-2] INFO  o.s.a.r.listener.SimpleMessageListenerContainer - Restarting Consumer@2b6262bc: tags=[[amq.ctag-CRyB3Qj_Dn6-tAG-W6R0Xw]], channel=Cached Rabbit Channel: PublisherCallbackChannelImpl: AMQChannel(amqp://admin@192.168.91.129:5672/,10), conn: Proxy@619540c Shared Rabbit Connection: null, acknowledgeMode=AUTO local queue size=0
2022-07-30 14:02:45.515 [email.auth_code-3] INFO  o.s.a.rabbit.connection.CachingConnectionFactory - Attempting to connect to: [192.168.91.129:5672]
2022-07-30 14:02:45.515 [email.marketing-1] INFO  o.s.a.r.listener.SimpleMessageListenerContainer - Restarting Consumer@1d1c37d5: tags=[[amq.ctag-RYqI-cBZaKzjAhyPszN67g]], channel=Cached Rabbit Channel: PublisherCallbackChannelImpl: AMQChannel(amqp://admin@192.168.91.129:5672/,4), conn: Proxy@619540c Shared Rabbit Connection: null, acknowledgeMode=AUTO local queue size=0
2022-07-30 14:02:45.517 [email.auth_code-4] INFO  o.s.a.rabbit.connection.CachingConnectionFactory - Attempting to connect to: [192.168.91.129:5672]
2022-07-30 14:02:45.517 [sms.notice-1] INFO  o.s.a.r.listener.SimpleMessageListenerContainer - Restarting Consumer@2905b568: tags=[[amq.ctag-13pf0iSZSLufwofGgsXKlg]], channel=Cached Rabbit Channel: PublisherCallbackChannelImpl: AMQChannel(amqp://admin@192.168.91.129:5672/,1), conn: Proxy@619540c Shared Rabbit Connection: null, acknowledgeMode=AUTO local queue size=0
2022-07-30 14:02:45.517 [email.marketing-2] INFO  o.s.a.r.listener.SimpleMessageListenerContainer - Restarting Consumer@63553e9f: tags=[[amq.ctag-Xbv98CNz__gVUr2xIDRj6g]], channel=Cached Rabbit Channel: PublisherCallbackChannelImpl: AMQChannel(amqp://admin@192.168.91.129:5672/,3), conn: Proxy@619540c Shared Rabbit Connection: null, acknowledgeMode=AUTO local queue size=0
2022-07-30 14:02:45.517 [sms.notice-2] INFO  o.s.a.r.listener.SimpleMessageListenerContainer - Restarting Consumer@243c4346: tags=[[amq.ctag-Xwu5cEZ-2tWI0dz985PIBg]], channel=Cached Rabbit Channel: PublisherCallbackChannelImpl: AMQChannel(amqp://admin@192.168.91.129:5672/,2), conn: Proxy@619540c Shared Rabbit Connection: null, acknowledgeMode=AUTO local queue size=0
2022-07-30 14:02:45.517 [email.notice-1] INFO  o.s.a.r.listener.SimpleMessageListenerContainer - Restarting Consumer@44eb2452: tags=[[amq.ctag-5r0HcaqKetlSQLrwp42xkw]], channel=Cached Rabbit Channel: PublisherCallbackChannelImpl: AMQChannel(amqp://admin@192.168.91.129:5672/,11), conn: Proxy@619540c Shared Rabbit Connection: null, acknowledgeMode=AUTO local queue size=0
2022-07-30 14:02:45.517 [sms.marketing-1] INFO  o.s.a.r.listener.SimpleMessageListenerContainer - Restarting Consumer@55053f81: tags=[[amq.ctag-4L5f4hExi41enZD5vf1N9w]], channel=Cached Rabbit Channel: PublisherCallbackChannelImpl: AMQChannel(amqp://admin@192.168.91.129:5672/,5), conn: Proxy@619540c Shared Rabbit Connection: null, acknowledgeMode=AUTO local queue size=0
2022-07-30 14:02:45.517 [sms.auth_code-1] INFO  o.s.a.r.listener.SimpleMessageListenerContainer - Restarting Consumer@5c839677: tags=[[amq.ctag-8QgOAvaTB4ZbvEUu6VwO9w]], channel=Cached Rabbit Channel: PublisherCallbackChannelImpl: AMQChannel(amqp://admin@192.168.91.129:5672/,7), conn: Proxy@619540c Shared Rabbit Connection: null, acknowledgeMode=AUTO local queue size=0
2022-07-30 14:02:45.822 [email.marketing-3] INFO  o.s.a.rabbit.connection.CachingConnectionFactory - Attempting to connect to: [192.168.91.129:5672]
2022-07-30 14:02:45.822 [sms.auth_code-2] INFO  o.s.a.r.listener.SimpleMessageListenerContainer - Restarting Consumer@3193e21d: tags=[[amq.ctag-Ar6Aey3oRqTosFPGPAJEnA]], channel=Cached Rabbit Channel: PublisherCallbackChannelImpl: AMQChannel(amqp://admin@192.168.91.129:5672/,8), conn: Proxy@619540c Shared Rabbit Connection: null, acknowledgeMode=AUTO local queue size=0
2022-07-30 14:02:45.900 [email.notice-4] INFO  o.s.a.rabbit.connection.CachingConnectionFactory - Attempting to connect to: [192.168.91.129:5672]
2022-07-30 14:02:45.904 [sms.marketing-4] INFO  o.s.a.rabbit.connection.CachingConnectionFactory - Attempting to connect to: [192.168.91.129:5672]
2022-07-30 14:02:45.904 [sms.auth_code-3] INFO  o.s.a.rabbit.connection.CachingConnectionFactory - Attempting to connect to: [192.168.91.129:5672]
2022-07-30 14:02:45.904 [sms.notice-3] INFO  o.s.a.rabbit.connection.CachingConnectionFactory - Attempting to connect to: [192.168.91.129:5672]
2022-07-30 14:02:45.905 [email.marketing-4] INFO  o.s.a.rabbit.connection.CachingConnectionFactory - Attempting to connect to: [192.168.91.129:5672]
2022-07-30 14:02:45.905 [sms.notice-4] INFO  o.s.a.rabbit.connection.CachingConnectionFactory - Attempting to connect to: [192.168.91.129:5672]
2022-07-30 14:02:45.905 [sms.auth_code-4] INFO  o.s.a.rabbit.connection.CachingConnectionFactory - Attempting to connect to: [192.168.91.129:5672]
2022-07-30 14:02:50.393 [email.notice-3] INFO  o.s.a.r.listener.SimpleMessageListenerContainer - Restarting Consumer@206b974a: tags=[[]], channel=null, acknowledgeMode=AUTO local queue size=0
2022-07-30 14:02:50.393 [sms.marketing-3] INFO  o.s.a.r.listener.SimpleMessageListenerContainer - Restarting Consumer@2580348c: tags=[[]], channel=null, acknowledgeMode=AUTO local queue size=0
2022-07-30 14:02:50.393 [email.notice-5] INFO  o.s.a.rabbit.connection.CachingConnectionFactory - Attempting to connect to: [192.168.91.129:5672]
2022-07-30 14:02:50.591 [email.auth_code-4] INFO  o.s.a.r.listener.SimpleMessageListenerContainer - Restarting Consumer@397fafb8: tags=[[]], channel=null, acknowledgeMode=AUTO local queue size=0
2022-07-30 14:02:50.607 [email.auth_code-3] INFO  o.s.a.r.listener.SimpleMessageListenerContainer - Restarting Consumer@205eb773: tags=[[]], channel=null, acknowledgeMode=AUTO local queue size=0
2022-07-30 14:02:51.064 [email.marketing-3] INFO  o.s.a.r.listener.SimpleMessageListenerContainer - Restarting Consumer@39d7e540: tags=[[]], channel=null, acknowledgeMode=AUTO local queue size=0
2022-07-30 14:02:51.095 [sms.notice-4] INFO  o.s.a.r.listener.SimpleMessageListenerContainer - Restarting Consumer@27daf7e4: tags=[[]], channel=null, acknowledgeMode=AUTO local queue size=0
2022-07-30 14:02:51.095 [sms.auth_code-3] INFO  o.s.a.r.listener.SimpleMessageListenerContainer - Restarting Consumer@7690c5e: tags=[[]], channel=null, acknowledgeMode=AUTO local queue size=0
2022-07-30 14:02:51.095 [email.notice-4] INFO  o.s.a.r.listener.SimpleMessageListenerContainer - Restarting Consumer@7753d25c: tags=[[]], channel=null, acknowledgeMode=AUTO local queue size=0
2022-07-30 14:02:51.095 [email.marketing-4] INFO  o.s.a.r.listener.SimpleMessageListenerContainer - Restarting Consumer@2810f80e: tags=[[]], channel=null, acknowledgeMode=AUTO local queue size=0
2022-07-30 14:02:51.095 [sms.auth_code-4] INFO  o.s.a.r.listener.SimpleMessageListenerContainer - Restarting Consumer@37733cb1: tags=[[]], channel=null, acknowledgeMode=AUTO local queue size=0
2022-07-30 14:02:51.095 [sms.marketing-4] INFO  o.s.a.r.listener.SimpleMessageListenerContainer - Restarting Consumer@1d0b3cc1: tags=[[]], channel=null, acknowledgeMode=AUTO local queue size=0
2022-07-30 14:02:51.095 [sms.notice-3] INFO  o.s.a.r.listener.SimpleMessageListenerContainer - Restarting Consumer@b9d070a: tags=[[]], channel=null, acknowledgeMode=AUTO local queue size=0
2022-07-30 14:02:53.476 [email.notice-5] INFO  o.s.a.rabbit.connection.CachingConnectionFactory - Created new connection: rabbitConnectionFactory#16d41725:14/SimpleConnection@52a312fa [delegate=amqp://admin@192.168.91.129:5672/, localPort= 58618]
2022-07-30 23:22:37.585 [main] INFO  o.s.c.b.c.PropertySourceBootstrapConfiguration - Located property source: [BootstrapPropertySource {name='bootstrapProperties-dandelion-handler-dev.yaml,DEFAULT_GROUP'}, BootstrapPropertySource {name='bootstrapProperties-dandelion-handler.yaml,DEFAULT_GROUP'}, BootstrapPropertySource {name='bootstrapProperties-dandelion-handler,DEFAULT_GROUP'}, BootstrapPropertySource {name='bootstrapProperties-sms-dev.yaml,HANDLER'}, BootstrapPropertySource {name='bootstrapProperties-email-dev.yaml,HANDLER'}, BootstrapPropertySource {name='bootstrapProperties-deduplicaiton-dev.yaml,HANDLER'}, BootstrapPropertySource {name='bootstrapProperties-discard-dev.yaml,HANDLER'}]
2022-07-30 23:22:37.591 [main] INFO  net.syl.dandelion.handler.Application - The following 1 profile is active: "dev"
2022-07-30 23:22:38.107 [main] INFO  o.s.d.r.config.RepositoryConfigurationDelegate - Multiple Spring Data modules found, entering strict repository configuration mode!
2022-07-30 23:22:38.110 [main] INFO  o.s.d.r.config.RepositoryConfigurationDelegate - Bootstrapping Spring Data Redis repositories in DEFAULT mode.
2022-07-30 23:22:38.135 [main] INFO  o.s.d.r.config.RepositoryConfigurationDelegate - Finished Spring Data repository scanning in 7 ms. Found 0 Redis repository interfaces.
2022-07-30 23:22:38.294 [main] INFO  o.springframework.cloud.context.scope.GenericScope - BeanFactory id=430547f1-69bc-301b-83a9-6b08e154867e
2022-07-30 23:22:38.737 [main] INFO  o.s.boot.web.embedded.tomcat.TomcatWebServer - Tomcat initialized with port(s): 8082 (http)
2022-07-30 23:22:38.746 [main] INFO  org.apache.coyote.http11.Http11NioProtocol - Initializing ProtocolHandler ["http-nio-8082"]
2022-07-30 23:22:38.746 [main] INFO  org.apache.catalina.core.StandardService - Starting service [Tomcat]
2022-07-30 23:22:38.747 [main] INFO  org.apache.catalina.core.StandardEngine - Starting Servlet engine: [Apache Tomcat/9.0.62]
2022-07-30 23:22:38.865 [main] INFO  o.a.c.core.ContainerBase.[Tomcat].[localhost].[/] - Initializing Spring embedded WebApplicationContext
2022-07-30 23:22:38.865 [main] INFO  o.s.b.w.s.c.ServletWebServerApplicationContext - Root WebApplicationContext: initialization completed in 1254 ms
2022-07-30 23:22:39.244 [main] INFO  c.a.d.s.b.a.DruidDataSourceAutoConfigure - Init DruidDataSource
2022-07-30 23:22:39.664 [main] INFO  com.alibaba.druid.pool.DruidDataSource - {dataSource-1} inited
2022-07-30 23:22:40.009 [main] INFO  c.m.logRecord.function.CustomFunctionObjectDiff - CustomFunctionObjectDiff init diffMsgFormat [【${_fieldName}】从【${_oldValue}】变成了【${_newValue}】] diffMsgSeparator [ ]
2022-07-30 23:22:40.010 [main] INFO  c.monitor4all.logRecord.thread.LogRecordThreadPool - LogRecordThreadPool init poolSize [4]
2022-07-30 23:22:40.254 [main] INFO  c.m.logRecord.function.CustomFunctionRegistrar - LogRecord register custom function [public static java.lang.String cn.monitor4all.logRecord.function.CustomFunctionObjectDiff.objectDiff(java.lang.Object,java.lang.Object)] as name [_DIFF]
2022-07-30 23:22:41.612 [main] INFO  org.springframework.cloud.commons.util.InetUtils - Cannot determine local hostname
2022-07-30 23:22:41.783 [main] INFO  org.apache.coyote.http11.Http11NioProtocol - Starting ProtocolHandler ["http-nio-8082"]
2022-07-30 23:22:41.793 [main] INFO  o.s.boot.web.embedded.tomcat.TomcatWebServer - Tomcat started on port(s): 8082 (http) with context path ''
2022-07-30 23:22:42.880 [main] INFO  org.springframework.cloud.commons.util.InetUtils - Cannot determine local hostname
2022-07-30 23:22:42.881 [main] INFO  o.s.a.rabbit.connection.CachingConnectionFactory - Attempting to connect to: [192.168.91.129:5672]
2022-07-30 23:22:42.939 [main] INFO  o.s.a.rabbit.connection.CachingConnectionFactory - Created new connection: rabbitConnectionFactory#987a0bb:0/SimpleConnection@5cffec7 [delegate=amqp://admin@192.168.91.129:5672/, localPort= 49175]
2022-07-30 23:22:43.012 [main] INFO  net.syl.dandelion.handler.Application - Started Application in 9.548 seconds (JVM running for 10.277)
2022-07-30 23:22:43.020 [main] INFO  c.a.cloud.nacos.refresh.NacosContextRefresher - listening config: dataId=sms-dev.yaml, group=HANDLER
2022-07-30 23:22:43.025 [main] INFO  c.a.cloud.nacos.refresh.NacosContextRefresher - listening config: dataId=email-dev.yaml, group=HANDLER
2022-07-30 23:22:43.030 [main] INFO  c.a.cloud.nacos.refresh.NacosContextRefresher - listening config: dataId=deduplicaiton-dev.yaml, group=HANDLER
2022-07-30 23:22:43.030 [main] INFO  c.a.cloud.nacos.refresh.NacosContextRefresher - listening config: dataId=dandelion-handler-dev.yaml, group=DEFAULT_GROUP
2022-07-30 23:22:43.031 [main] INFO  c.a.cloud.nacos.refresh.NacosContextRefresher - listening config: dataId=dandelion-handler.yaml, group=DEFAULT_GROUP
2022-07-30 23:22:43.031 [main] INFO  c.a.cloud.nacos.refresh.NacosContextRefresher - listening config: dataId=dandelion-handler, group=DEFAULT_GROUP
2022-07-30 23:22:43.035 [main] INFO  c.a.cloud.nacos.refresh.NacosContextRefresher - listening config: dataId=discard-dev.yaml, group=HANDLER
2022-07-30 23:22:43.451 [email.notice-2] INFO  net.syl.dandelion.support.aop.aspect.LogAspect - {"bizId":"1553354720230248448","bizType":"Receiver#handlerMessage","exception":null,"executionTime":433,"logId":"log1553400704587034624","msg":"\"RECEIVE\"","operateDate":"2022-07-30T23:22:43.445","param":["{\"businessId\":1553354720230248448,\"contentModel\":{\"@type\":\"net.syl.dandelion.common.dto.model.EmailContentModel\",\"content\":\"你已成功获取到offer\",\"title\":\"招聘通知\"},\"idType\":50,\"messageTemplateId\":2,\"msgType\":10,\"receivers\":Set[\"2293587790@qq.com\"],\"sendAccount\":10,\"sendChannel\":40,\"shieldType\":0,\"status\":0,\"templateType\":20}"],"returnStr":"null","success":true,"tag":"'operation'"}
2022-07-30 23:22:43.453 [email.notice-2] INFO  net.syl.dandelion.support.aop.aspect.LogAspect - {"bizId":"1553355210628386816","bizType":"Receiver#handlerMessage","exception":null,"executionTime":0,"logId":"log1553400704721252352","msg":"\"RECEIVE\"","operateDate":"2022-07-30T23:22:43.453","param":["{\"businessId\":1553355210628386816,\"contentModel\":{\"@type\":\"net.syl.dandelion.common.dto.model.EmailContentModel\",\"content\":\"你已成功获取到offer\",\"title\":\"招聘通知\"},\"idType\":50,\"messageTemplateId\":2,\"msgType\":10,\"receivers\":Set[\"2293587790@qq.com\"],\"sendAccount\":10,\"sendChannel\":40,\"shieldType\":0,\"status\":0,\"templateType\":20}"],"returnStr":"null","success":true,"tag":"'operation'"}
2022-07-30 23:22:43.454 [email.notice-2] INFO  net.syl.dandelion.support.aop.aspect.LogAspect - {"bizId":"1553355475284729856","bizType":"Receiver#handlerMessage","exception":null,"executionTime":0,"logId":"log1553400704729640960","msg":"\"RECEIVE\"","operateDate":"2022-07-30T23:22:43.454","param":["{\"businessId\":1553355475284729856,\"contentModel\":{\"@type\":\"net.syl.dandelion.common.dto.model.EmailContentModel\",\"content\":\"你已成功获取到offer\",\"title\":\"招聘通知\"},\"idType\":50,\"messageTemplateId\":2,\"msgType\":10,\"receivers\":Set[\"2293587790@qq.com\"],\"sendAccount\":10,\"sendChannel\":40,\"shieldType\":0,\"status\":0,\"templateType\":20}"],"returnStr":"null","success":true,"tag":"'operation'"}
2022-07-30 23:22:43.455 [email.notice-2] INFO  net.syl.dandelion.support.aop.aspect.LogAspect - {"bizId":"1553357179430432768","bizType":"Receiver#handlerMessage","exception":null,"executionTime":0,"logId":"log1553400704733835264","msg":"\"RECEIVE\"","operateDate":"2022-07-30T23:22:43.455","param":["{\"businessId\":1553357179430432768,\"contentModel\":{\"@type\":\"net.syl.dandelion.common.dto.model.EmailContentModel\",\"content\":\"你已成功获取到offer\",\"title\":\"招聘通知\"},\"idType\":50,\"messageTemplateId\":2,\"msgType\":10,\"receivers\":Set[\"2293587790@qq.com\"],\"sendAccount\":10,\"sendChannel\":40,\"shieldType\":0,\"status\":0,\"templateType\":20}"],"returnStr":"null","success":true,"tag":"'operation'"}
2022-07-30 23:22:43.456 [email.notice-2] INFO  net.syl.dandelion.support.aop.aspect.LogAspect - {"bizId":"1553357803643539456","bizType":"Receiver#handlerMessage","exception":null,"executionTime":0,"logId":"log1553400704738029568","msg":"\"RECEIVE\"","operateDate":"2022-07-30T23:22:43.456","param":["{\"businessId\":1553357803643539456,\"contentModel\":{\"@type\":\"net.syl.dandelion.common.dto.model.EmailContentModel\",\"content\":\"你已成功获取到offer\",\"title\":\"招聘通知\"},\"idType\":50,\"messageTemplateId\":2,\"msgType\":10,\"receivers\":Set[\"2293587790@qq.com\"],\"sendAccount\":10,\"sendChannel\":40,\"shieldType\":0,\"status\":0,\"templateType\":20}"],"returnStr":"null","success":true,"tag":"'operation'"}
2022-07-30 23:23:58.782 [sms.notice-1] INFO  net.syl.dandelion.support.aop.aspect.LogAspect - {"bizId":"1553401019935756288","bizType":"Receiver#handlerMessage","exception":null,"executionTime":4,"logId":"log1553401020673978368","msg":"\"RECEIVE\"","operateDate":"2022-07-30T23:23:58.782","param":["{\"businessId\":1553401019935756288,\"contentModel\":{\"@type\":\"net.syl.dandelion.common.dto.model.SmsContentModel\",\"content\":[\"6666\",\"1\"]},\"idType\":30,\"messageTemplateId\":4,\"msgType\":10,\"receivers\":Set[\"17722819947\"],\"sendAccount\":10,\"sendChannel\":30,\"shieldType\":0,\"status\":0,\"templateType\":20}"],"returnStr":"null","success":true,"tag":"'operation'"}
