2022-07-29 17:03:57.696 [main] INFO  o.s.c.b.c.PropertySourceBootstrapConfiguration - Located property source: [BootstrapPropertySource {name='bootstrapProperties-dandelion-handler-dev.yaml,DEFAULT_GROUP'}, BootstrapPropertySource {name='bootstrapProperties-dandelion-handler.yaml,DEFAULT_GROUP'}, BootstrapPropertySource {name='bootstrapProperties-dandelion-handler,DEFAULT_GROUP'}, BootstrapPropertySource {name='bootstrapProperties-sms-dev.yaml,HANDLER'}, BootstrapPropertySource {name='bootstrapProperties-email-dev.yaml,HANDLER'}, BootstrapPropertySource {name='bootstrapProperties-deduplicaiton-dev.yaml,HANDLER'}, BootstrapPropertySource {name='bootstrapProperties-discard-dev.yaml,HANDLER'}]
2022-07-29 17:03:57.720 [main] INFO  net.syl.dandelion.handler.Application - The following 1 profile is active: "dev"
2022-07-29 17:03:58.271 [main] INFO  o.s.d.r.config.RepositoryConfigurationDelegate - Multiple Spring Data modules found, entering strict repository configuration mode!
2022-07-29 17:03:58.273 [main] INFO  o.s.d.r.config.RepositoryConfigurationDelegate - Bootstrapping Spring Data Redis repositories in DEFAULT mode.
2022-07-29 17:03:58.295 [main] INFO  o.s.d.r.config.RepositoryConfigurationDelegate - Finished Spring Data repository scanning in 7 ms. Found 0 Redis repository interfaces.
2022-07-29 17:03:58.449 [main] INFO  o.springframework.cloud.context.scope.GenericScope - BeanFactory id=10a82349-bedb-3259-b14b-6d249a16cab3
2022-07-29 17:03:58.831 [main] INFO  o.s.boot.web.embedded.tomcat.TomcatWebServer - Tomcat initialized with port(s): 8082 (http)
2022-07-29 17:03:58.837 [main] INFO  org.apache.coyote.http11.Http11NioProtocol - Initializing ProtocolHandler ["http-nio-8082"]
2022-07-29 17:03:58.838 [main] INFO  org.apache.catalina.core.StandardService - Starting service [Tomcat]
2022-07-29 17:03:58.838 [main] INFO  org.apache.catalina.core.StandardEngine - Starting Servlet engine: [Apache Tomcat/9.0.62]
2022-07-29 17:03:58.945 [main] INFO  o.a.c.core.ContainerBase.[Tomcat].[localhost].[/] - Initializing Spring embedded WebApplicationContext
2022-07-29 17:03:58.946 [main] INFO  o.s.b.w.s.c.ServletWebServerApplicationContext - Root WebApplicationContext: initialization completed in 1208 ms
2022-07-29 17:03:58.998 [main] INFO  org.apache.catalina.core.StandardService - Stopping service [Tomcat]
2022-07-29 17:03:59.012 [main] INFO  o.s.b.a.l.ConditionEvaluationReportLoggingListener - 

Error starting ApplicationContext. To display the conditions report re-run your application with 'debug' enabled.
2022-07-29 17:15:45.957 [main] INFO  o.s.c.b.c.PropertySourceBootstrapConfiguration - Located property source: [BootstrapPropertySource {name='bootstrapProperties-dandelion-handler-dev.yaml,DEFAULT_GROUP'}, BootstrapPropertySource {name='bootstrapProperties-dandelion-handler.yaml,DEFAULT_GROUP'}, BootstrapPropertySource {name='bootstrapProperties-dandelion-handler,DEFAULT_GROUP'}, BootstrapPropertySource {name='bootstrapProperties-sms-dev.yaml,HANDLER'}, BootstrapPropertySource {name='bootstrapProperties-email-dev.yaml,HANDLER'}, BootstrapPropertySource {name='bootstrapProperties-deduplicaiton-dev.yaml,HANDLER'}, BootstrapPropertySource {name='bootstrapProperties-discard-dev.yaml,HANDLER'}]
2022-07-29 17:15:45.967 [main] INFO  net.syl.dandelion.handler.Application - The following 1 profile is active: "dev"
2022-07-29 17:15:46.423 [main] INFO  o.s.d.r.config.RepositoryConfigurationDelegate - Multiple Spring Data modules found, entering strict repository configuration mode!
2022-07-29 17:15:46.425 [main] INFO  o.s.d.r.config.RepositoryConfigurationDelegate - Bootstrapping Spring Data Redis repositories in DEFAULT mode.
2022-07-29 17:15:46.445 [main] INFO  o.s.d.r.config.RepositoryConfigurationDelegate - Finished Spring Data repository scanning in 7 ms. Found 0 Redis repository interfaces.
2022-07-29 17:15:46.595 [main] INFO  o.springframework.cloud.context.scope.GenericScope - BeanFactory id=10a82349-bedb-3259-b14b-6d249a16cab3
2022-07-29 17:15:46.995 [main] INFO  o.s.boot.web.embedded.tomcat.TomcatWebServer - Tomcat initialized with port(s): 8082 (http)
2022-07-29 17:15:47.001 [main] INFO  org.apache.coyote.http11.Http11NioProtocol - Initializing ProtocolHandler ["http-nio-8082"]
2022-07-29 17:15:47.002 [main] INFO  org.apache.catalina.core.StandardService - Starting service [Tomcat]
2022-07-29 17:15:47.002 [main] INFO  org.apache.catalina.core.StandardEngine - Starting Servlet engine: [Apache Tomcat/9.0.62]
2022-07-29 17:15:47.109 [main] INFO  o.a.c.core.ContainerBase.[Tomcat].[localhost].[/] - Initializing Spring embedded WebApplicationContext
2022-07-29 17:15:47.110 [main] INFO  o.s.b.w.s.c.ServletWebServerApplicationContext - Root WebApplicationContext: initialization completed in 1128 ms
2022-07-29 17:15:47.469 [main] INFO  c.a.d.s.b.a.DruidDataSourceAutoConfigure - Init DruidDataSource
2022-07-29 17:15:47.878 [main] INFO  com.alibaba.druid.pool.DruidDataSource - {dataSource-1} inited
2022-07-29 17:15:49.800 [main] INFO  org.springframework.cloud.commons.util.InetUtils - Cannot determine local hostname
2022-07-29 17:15:49.928 [main] INFO  org.apache.coyote.http11.Http11NioProtocol - Starting ProtocolHandler ["http-nio-8082"]
2022-07-29 17:15:49.937 [main] INFO  o.s.boot.web.embedded.tomcat.TomcatWebServer - Tomcat started on port(s): 8082 (http) with context path ''
2022-07-29 17:15:51.013 [main] INFO  org.springframework.cloud.commons.util.InetUtils - Cannot determine local hostname
2022-07-29 17:15:51.014 [main] INFO  o.s.a.rabbit.connection.CachingConnectionFactory - Attempting to connect to: [192.168.91.129:5672]
2022-07-29 17:15:51.095 [main] INFO  o.s.a.rabbit.connection.CachingConnectionFactory - Created new connection: rabbitConnectionFactory#4e17442f:0/SimpleConnection@3a5b7d7e [delegate=amqp://admin@192.168.91.129:5672/, localPort= 62753]
2022-07-29 17:15:51.174 [main] INFO  net.syl.dandelion.handler.Application - Started Application in 9.188 seconds (JVM running for 9.792)
2022-07-29 17:15:51.182 [main] INFO  c.a.cloud.nacos.refresh.NacosContextRefresher - listening config: dataId=sms-dev.yaml, group=HANDLER
2022-07-29 17:15:51.186 [main] INFO  c.a.cloud.nacos.refresh.NacosContextRefresher - listening config: dataId=email-dev.yaml, group=HANDLER
2022-07-29 17:15:51.187 [main] INFO  c.a.cloud.nacos.refresh.NacosContextRefresher - listening config: dataId=deduplicaiton-dev.yaml, group=HANDLER
2022-07-29 17:15:51.188 [main] INFO  c.a.cloud.nacos.refresh.NacosContextRefresher - listening config: dataId=dandelion-handler-dev.yaml, group=DEFAULT_GROUP
2022-07-29 17:15:51.188 [main] INFO  c.a.cloud.nacos.refresh.NacosContextRefresher - listening config: dataId=dandelion-handler.yaml, group=DEFAULT_GROUP
2022-07-29 17:15:51.189 [main] INFO  c.a.cloud.nacos.refresh.NacosContextRefresher - listening config: dataId=dandelion-handler, group=DEFAULT_GROUP
2022-07-29 17:15:51.192 [main] INFO  c.a.cloud.nacos.refresh.NacosContextRefresher - listening config: dataId=discard-dev.yaml, group=HANDLER
2022-07-29 20:18:23.192 [main] INFO  o.s.c.b.c.PropertySourceBootstrapConfiguration - Located property source: [BootstrapPropertySource {name='bootstrapProperties-dandelion-handler-dev.yaml,DEFAULT_GROUP'}, BootstrapPropertySource {name='bootstrapProperties-dandelion-handler.yaml,DEFAULT_GROUP'}, BootstrapPropertySource {name='bootstrapProperties-dandelion-handler,DEFAULT_GROUP'}, BootstrapPropertySource {name='bootstrapProperties-sms-dev.yaml,HANDLER'}, BootstrapPropertySource {name='bootstrapProperties-email-dev.yaml,HANDLER'}, BootstrapPropertySource {name='bootstrapProperties-deduplicaiton-dev.yaml,HANDLER'}, BootstrapPropertySource {name='bootstrapProperties-discard-dev.yaml,HANDLER'}]
2022-07-29 20:18:23.200 [main] INFO  net.syl.dandelion.handler.Application - The following 1 profile is active: "dev"
2022-07-29 20:18:23.821 [main] INFO  o.s.d.r.config.RepositoryConfigurationDelegate - Multiple Spring Data modules found, entering strict repository configuration mode!
2022-07-29 20:18:23.822 [main] INFO  o.s.d.r.config.RepositoryConfigurationDelegate - Bootstrapping Spring Data Redis repositories in DEFAULT mode.
2022-07-29 20:18:23.840 [main] INFO  o.s.d.r.config.RepositoryConfigurationDelegate - Finished Spring Data repository scanning in 6 ms. Found 0 Redis repository interfaces.
2022-07-29 20:18:23.960 [main] INFO  o.springframework.cloud.context.scope.GenericScope - BeanFactory id=10a82349-bedb-3259-b14b-6d249a16cab3
2022-07-29 20:18:24.336 [main] INFO  o.s.boot.web.embedded.tomcat.TomcatWebServer - Tomcat initialized with port(s): 8082 (http)
2022-07-29 20:18:24.343 [main] INFO  org.apache.coyote.http11.Http11NioProtocol - Initializing ProtocolHandler ["http-nio-8082"]
2022-07-29 20:18:24.344 [main] INFO  org.apache.catalina.core.StandardService - Starting service [Tomcat]
2022-07-29 20:18:24.344 [main] INFO  org.apache.catalina.core.StandardEngine - Starting Servlet engine: [Apache Tomcat/9.0.62]
2022-07-29 20:18:24.743 [main] INFO  o.a.c.core.ContainerBase.[Tomcat].[localhost].[/] - Initializing Spring embedded WebApplicationContext
2022-07-29 20:18:24.743 [main] INFO  o.s.b.w.s.c.ServletWebServerApplicationContext - Root WebApplicationContext: initialization completed in 1529 ms
2022-07-29 20:18:25.055 [main] INFO  c.a.d.s.b.a.DruidDataSourceAutoConfigure - Init DruidDataSource
2022-07-29 20:18:25.454 [main] INFO  com.alibaba.druid.pool.DruidDataSource - {dataSource-1} inited
2022-07-29 20:18:27.299 [main] INFO  org.springframework.cloud.commons.util.InetUtils - Cannot determine local hostname
2022-07-29 20:18:27.425 [main] INFO  org.apache.coyote.http11.Http11NioProtocol - Starting ProtocolHandler ["http-nio-8082"]
2022-07-29 20:18:27.433 [main] INFO  o.s.boot.web.embedded.tomcat.TomcatWebServer - Tomcat started on port(s): 8082 (http) with context path ''
2022-07-29 20:18:28.514 [main] INFO  org.springframework.cloud.commons.util.InetUtils - Cannot determine local hostname
2022-07-29 20:18:28.515 [main] INFO  o.s.a.rabbit.connection.CachingConnectionFactory - Attempting to connect to: [192.168.91.129:5672]
2022-07-29 20:18:28.601 [main] INFO  o.s.a.rabbit.connection.CachingConnectionFactory - Created new connection: rabbitConnectionFactory#4e17442f:0/SimpleConnection@3a5b7d7e [delegate=amqp://admin@192.168.91.129:5672/, localPort= 58286]
2022-07-29 20:18:28.661 [main] INFO  net.syl.dandelion.handler.Application - Started Application in 9.533 seconds (JVM running for 10.432)
2022-07-29 20:18:28.668 [main] INFO  c.a.cloud.nacos.refresh.NacosContextRefresher - listening config: dataId=sms-dev.yaml, group=HANDLER
2022-07-29 20:18:28.672 [main] INFO  c.a.cloud.nacos.refresh.NacosContextRefresher - listening config: dataId=email-dev.yaml, group=HANDLER
2022-07-29 20:18:28.675 [main] INFO  c.a.cloud.nacos.refresh.NacosContextRefresher - listening config: dataId=deduplicaiton-dev.yaml, group=HANDLER
2022-07-29 20:18:28.676 [main] INFO  c.a.cloud.nacos.refresh.NacosContextRefresher - listening config: dataId=dandelion-handler-dev.yaml, group=DEFAULT_GROUP
2022-07-29 20:18:28.676 [main] INFO  c.a.cloud.nacos.refresh.NacosContextRefresher - listening config: dataId=dandelion-handler.yaml, group=DEFAULT_GROUP
2022-07-29 20:18:28.676 [main] INFO  c.a.cloud.nacos.refresh.NacosContextRefresher - listening config: dataId=dandelion-handler, group=DEFAULT_GROUP
2022-07-29 20:18:28.681 [main] INFO  c.a.cloud.nacos.refresh.NacosContextRefresher - listening config: dataId=discard-dev.yaml, group=HANDLER
2022-07-29 20:19:35.680 [main] INFO  o.s.c.b.c.PropertySourceBootstrapConfiguration - Located property source: [BootstrapPropertySource {name='bootstrapProperties-dandelion-handler-dev.yaml,DEFAULT_GROUP'}, BootstrapPropertySource {name='bootstrapProperties-dandelion-handler.yaml,DEFAULT_GROUP'}, BootstrapPropertySource {name='bootstrapProperties-dandelion-handler,DEFAULT_GROUP'}, BootstrapPropertySource {name='bootstrapProperties-sms-dev.yaml,HANDLER'}, BootstrapPropertySource {name='bootstrapProperties-email-dev.yaml,HANDLER'}, BootstrapPropertySource {name='bootstrapProperties-deduplicaiton-dev.yaml,HANDLER'}, BootstrapPropertySource {name='bootstrapProperties-discard-dev.yaml,HANDLER'}]
2022-07-29 20:19:35.685 [main] INFO  net.syl.dandelion.handler.Application - The following 1 profile is active: "dev"
2022-07-29 20:19:36.108 [main] INFO  o.s.d.r.config.RepositoryConfigurationDelegate - Multiple Spring Data modules found, entering strict repository configuration mode!
2022-07-29 20:19:36.110 [main] INFO  o.s.d.r.config.RepositoryConfigurationDelegate - Bootstrapping Spring Data Redis repositories in DEFAULT mode.
2022-07-29 20:19:36.130 [main] INFO  o.s.d.r.config.RepositoryConfigurationDelegate - Finished Spring Data repository scanning in 7 ms. Found 0 Redis repository interfaces.
2022-07-29 20:19:36.262 [main] INFO  o.springframework.cloud.context.scope.GenericScope - BeanFactory id=10a82349-bedb-3259-b14b-6d249a16cab3
2022-07-29 20:19:36.614 [main] INFO  o.s.boot.web.embedded.tomcat.TomcatWebServer - Tomcat initialized with port(s): 8082 (http)
2022-07-29 20:19:36.621 [main] INFO  org.apache.coyote.http11.Http11NioProtocol - Initializing ProtocolHandler ["http-nio-8082"]
2022-07-29 20:19:36.622 [main] INFO  org.apache.catalina.core.StandardService - Starting service [Tomcat]
2022-07-29 20:19:36.622 [main] INFO  org.apache.catalina.core.StandardEngine - Starting Servlet engine: [Apache Tomcat/9.0.62]
2022-07-29 20:19:36.725 [main] INFO  o.a.c.core.ContainerBase.[Tomcat].[localhost].[/] - Initializing Spring embedded WebApplicationContext
2022-07-29 20:19:36.726 [main] INFO  o.s.b.w.s.c.ServletWebServerApplicationContext - Root WebApplicationContext: initialization completed in 1024 ms
2022-07-29 20:19:37.028 [main] INFO  c.a.d.s.b.a.DruidDataSourceAutoConfigure - Init DruidDataSource
2022-07-29 20:19:37.391 [main] INFO  com.alibaba.druid.pool.DruidDataSource - {dataSource-1} inited
2022-07-29 20:19:39.248 [main] INFO  org.springframework.cloud.commons.util.InetUtils - Cannot determine local hostname
2022-07-29 20:19:39.397 [main] INFO  org.apache.coyote.http11.Http11NioProtocol - Starting ProtocolHandler ["http-nio-8082"]
2022-07-29 20:19:39.407 [main] INFO  o.s.boot.web.embedded.tomcat.TomcatWebServer - Tomcat started on port(s): 8082 (http) with context path ''
2022-07-29 20:19:40.482 [main] INFO  org.springframework.cloud.commons.util.InetUtils - Cannot determine local hostname
2022-07-29 20:19:40.487 [main] INFO  o.s.a.rabbit.connection.CachingConnectionFactory - Attempting to connect to: [192.168.91.129:5672]
2022-07-29 20:19:40.554 [main] INFO  o.s.a.rabbit.connection.CachingConnectionFactory - Created new connection: rabbitConnectionFactory#38087342:0/SimpleConnection@6e321d9d [delegate=amqp://admin@192.168.91.129:5672/, localPort= 58309]
2022-07-29 20:19:40.611 [main] INFO  net.syl.dandelion.handler.Application - Started Application in 7.859 seconds (JVM running for 8.49)
2022-07-29 20:19:40.616 [main] INFO  c.a.cloud.nacos.refresh.NacosContextRefresher - listening config: dataId=sms-dev.yaml, group=HANDLER
2022-07-29 20:19:40.618 [main] INFO  c.a.cloud.nacos.refresh.NacosContextRefresher - listening config: dataId=email-dev.yaml, group=HANDLER
2022-07-29 20:19:40.619 [main] INFO  c.a.cloud.nacos.refresh.NacosContextRefresher - listening config: dataId=deduplicaiton-dev.yaml, group=HANDLER
2022-07-29 20:19:40.620 [main] INFO  c.a.cloud.nacos.refresh.NacosContextRefresher - listening config: dataId=dandelion-handler-dev.yaml, group=DEFAULT_GROUP
2022-07-29 20:19:40.620 [main] INFO  c.a.cloud.nacos.refresh.NacosContextRefresher - listening config: dataId=dandelion-handler.yaml, group=DEFAULT_GROUP
2022-07-29 20:19:40.620 [main] INFO  c.a.cloud.nacos.refresh.NacosContextRefresher - listening config: dataId=dandelion-handler, group=DEFAULT_GROUP
2022-07-29 20:19:40.622 [main] INFO  c.a.cloud.nacos.refresh.NacosContextRefresher - listening config: dataId=discard-dev.yaml, group=HANDLER
