2022-09-03 18:37:23.063 [main] INFO  o.s.c.b.c.PropertySourceBootstrapConfiguration - Located property source: [BootstrapPropertySource {name='bootstrapProperties-dandelion-web.properties,DEFAULT_GROUP'}, BootstrapPropertySource {name='bootstrapProperties-dandelion-web,DEFAULT_GROUP'}]
2022-09-03 18:37:23.068 [main] INFO  net.syl.dandelion.web.WebApplication - No active profile set, falling back to 1 default profile: "default"
2022-09-03 18:37:23.708 [main] INFO  o.s.d.r.config.RepositoryConfigurationDelegate - Multiple Spring Data modules found, entering strict repository configuration mode!
2022-09-03 18:37:23.709 [main] INFO  o.s.d.r.config.RepositoryConfigurationDelegate - Bootstrapping Spring Data Redis repositories in DEFAULT mode.
2022-09-03 18:37:23.727 [main] INFO  o.s.d.r.config.RepositoryConfigurationDelegate - Finished Spring Data repository scanning in 6 ms. Found 0 Redis repository interfaces.
2022-09-03 18:37:23.868 [main] INFO  o.springframework.cloud.context.scope.GenericScope - BeanFactory id=7cb1e77d-a73e-3516-9fe1-6b89fd8fe0ad
2022-09-03 18:37:24.234 [main] INFO  o.s.boot.web.embedded.tomcat.TomcatWebServer - Tomcat initialized with port(s): 8080 (http)
2022-09-03 18:37:24.241 [main] INFO  org.apache.coyote.http11.Http11NioProtocol - Initializing ProtocolHandler ["http-nio-8080"]
2022-09-03 18:37:24.242 [main] INFO  org.apache.catalina.core.StandardService - Starting service [Tomcat]
2022-09-03 18:37:24.242 [main] INFO  org.apache.catalina.core.StandardEngine - Starting Servlet engine: [Apache Tomcat/9.0.62]
2022-09-03 18:37:24.377 [main] INFO  o.a.c.core.ContainerBase.[Tomcat].[localhost].[/] - Initializing Spring embedded WebApplicationContext
2022-09-03 18:37:24.377 [main] INFO  o.s.b.w.s.c.ServletWebServerApplicationContext - Root WebApplicationContext: initialization completed in 1295 ms
2022-09-03 18:37:24.442 [main] INFO  c.a.d.s.b.a.DruidDataSourceAutoConfigure - Init DruidDataSource
2022-09-03 18:37:24.826 [main] INFO  com.alibaba.druid.pool.DruidDataSource - {dataSource-1} inited
2022-09-03 18:37:25.303 [main] INFO  o.s.cloud.openfeign.FeignClientFactoryBean - For 'dandelion-cron' URL not provided. Will try picking an instance via load-balancing.
2022-09-03 18:37:25.337 [main] INFO  com.alibaba.druid.pool.DruidDataSource - {dataSource-1} closing ...
2022-09-03 18:37:25.340 [main] INFO  com.alibaba.druid.pool.DruidDataSource - {dataSource-1} closed
2022-09-03 18:37:25.340 [main] INFO  org.apache.catalina.core.StandardService - Stopping service [Tomcat]
2022-09-03 18:37:25.351 [main] INFO  o.s.b.a.l.ConditionEvaluationReportLoggingListener - 

Error starting ApplicationContext. To display the conditions report re-run your application with 'debug' enabled.
2022-09-03 18:40:41.419 [main] INFO  o.s.c.b.c.PropertySourceBootstrapConfiguration - Located property source: [BootstrapPropertySource {name='bootstrapProperties-dandelion-web.properties,DEFAULT_GROUP'}, BootstrapPropertySource {name='bootstrapProperties-dandelion-web,DEFAULT_GROUP'}]
2022-09-03 18:40:41.424 [main] INFO  net.syl.dandelion.web.WebApplication - No active profile set, falling back to 1 default profile: "default"
2022-09-03 18:40:41.864 [main] INFO  o.s.d.r.config.RepositoryConfigurationDelegate - Multiple Spring Data modules found, entering strict repository configuration mode!
2022-09-03 18:40:41.865 [main] INFO  o.s.d.r.config.RepositoryConfigurationDelegate - Bootstrapping Spring Data Redis repositories in DEFAULT mode.
2022-09-03 18:40:41.880 [main] INFO  o.s.d.r.config.RepositoryConfigurationDelegate - Finished Spring Data repository scanning in 5 ms. Found 0 Redis repository interfaces.
2022-09-03 18:40:42.028 [main] INFO  o.springframework.cloud.context.scope.GenericScope - BeanFactory id=7cb1e77d-a73e-3516-9fe1-6b89fd8fe0ad
2022-09-03 18:40:42.386 [main] INFO  o.s.boot.web.embedded.tomcat.TomcatWebServer - Tomcat initialized with port(s): 8080 (http)
2022-09-03 18:40:42.393 [main] INFO  org.apache.coyote.http11.Http11NioProtocol - Initializing ProtocolHandler ["http-nio-8080"]
2022-09-03 18:40:42.393 [main] INFO  org.apache.catalina.core.StandardService - Starting service [Tomcat]
2022-09-03 18:40:42.394 [main] INFO  org.apache.catalina.core.StandardEngine - Starting Servlet engine: [Apache Tomcat/9.0.62]
2022-09-03 18:40:42.509 [main] INFO  o.a.c.core.ContainerBase.[Tomcat].[localhost].[/] - Initializing Spring embedded WebApplicationContext
2022-09-03 18:40:42.509 [main] INFO  o.s.b.w.s.c.ServletWebServerApplicationContext - Root WebApplicationContext: initialization completed in 1069 ms
2022-09-03 18:40:42.576 [main] INFO  c.a.d.s.b.a.DruidDataSourceAutoConfigure - Init DruidDataSource
2022-09-03 18:40:42.929 [main] INFO  com.alibaba.druid.pool.DruidDataSource - {dataSource-1} inited
2022-09-03 18:40:43.397 [main] INFO  o.s.cloud.openfeign.FeignClientFactoryBean - For 'dandelion-cron' URL not provided. Will try picking an instance via load-balancing.
2022-09-03 18:40:43.430 [main] INFO  com.alibaba.druid.pool.DruidDataSource - {dataSource-1} closing ...
2022-09-03 18:40:43.432 [main] INFO  com.alibaba.druid.pool.DruidDataSource - {dataSource-1} closed
2022-09-03 18:40:43.433 [main] INFO  org.apache.catalina.core.StandardService - Stopping service [Tomcat]
2022-09-03 18:40:43.442 [main] INFO  o.s.b.a.l.ConditionEvaluationReportLoggingListener - 

Error starting ApplicationContext. To display the conditions report re-run your application with 'debug' enabled.
2022-09-03 18:43:05.390 [main] INFO  o.s.c.b.c.PropertySourceBootstrapConfiguration - Located property source: [BootstrapPropertySource {name='bootstrapProperties-dandelion-handler.properties,DEFAULT_GROUP'}, BootstrapPropertySource {name='bootstrapProperties-dandelion-handler,DEFAULT_GROUP'}, BootstrapPropertySource {name='bootstrapProperties-sms-dev.yaml,HANDLER'}, BootstrapPropertySource {name='bootstrapProperties-email-dev.yaml,HANDLER'}, BootstrapPropertySource {name='bootstrapProperties-deduplicaiton-dev.yaml,HANDLER'}, BootstrapPropertySource {name='bootstrapProperties-discard-dev.yaml,HANDLER'}]
2022-09-03 18:43:05.394 [main] INFO  net.syl.dandelion.handler.HandlerApplication - No active profile set, falling back to 1 default profile: "default"
2022-09-03 18:43:05.984 [main] INFO  o.s.d.r.config.RepositoryConfigurationDelegate - Multiple Spring Data modules found, entering strict repository configuration mode!
2022-09-03 18:43:05.985 [main] INFO  o.s.d.r.config.RepositoryConfigurationDelegate - Bootstrapping Spring Data Redis repositories in DEFAULT mode.
2022-09-03 18:43:06.003 [main] INFO  o.s.d.r.config.RepositoryConfigurationDelegate - Finished Spring Data repository scanning in 7 ms. Found 0 Redis repository interfaces.
2022-09-03 18:43:06.138 [main] INFO  o.springframework.cloud.context.scope.GenericScope - BeanFactory id=dfc52b91-eddf-3491-9b0e-76d56297bba6
2022-09-03 18:43:06.488 [main] INFO  o.s.boot.web.embedded.tomcat.TomcatWebServer - Tomcat initialized with port(s): 8082 (http)
2022-09-03 18:43:06.496 [main] INFO  org.apache.coyote.http11.Http11NioProtocol - Initializing ProtocolHandler ["http-nio-8082"]
2022-09-03 18:43:06.497 [main] INFO  org.apache.catalina.core.StandardService - Starting service [Tomcat]
2022-09-03 18:43:06.497 [main] INFO  org.apache.catalina.core.StandardEngine - Starting Servlet engine: [Apache Tomcat/9.0.62]
2022-09-03 18:43:06.607 [main] INFO  o.a.c.core.ContainerBase.[Tomcat].[localhost].[/] - Initializing Spring embedded WebApplicationContext
2022-09-03 18:43:06.607 [main] INFO  o.s.b.w.s.c.ServletWebServerApplicationContext - Root WebApplicationContext: initialization completed in 1197 ms
2022-09-03 18:43:07.124 [main] INFO  c.a.d.s.b.a.DruidDataSourceAutoConfigure - Init DruidDataSource
2022-09-03 18:43:07.399 [main] INFO  com.alibaba.druid.pool.DruidDataSource - {dataSource-1} inited
2022-09-03 18:43:09.055 [main] INFO  org.springframework.cloud.commons.util.InetUtils - Cannot determine local hostname
2022-09-03 18:43:10.339 [main] INFO  org.springframework.cloud.commons.util.InetUtils - Cannot determine local hostname
2022-09-03 18:43:10.574 [main] INFO  org.apache.coyote.http11.Http11NioProtocol - Starting ProtocolHandler ["http-nio-8082"]
2022-09-03 18:43:10.597 [main] INFO  o.s.boot.web.embedded.tomcat.TomcatWebServer - Tomcat started on port(s): 8082 (http) with context path ''
2022-09-03 18:43:10.603 [main] INFO  c.a.cloud.nacos.registry.NacosServiceRegistry - nacos registry, DEFAULT_GROUP dandelion-handler 192.168.91.1:8082 register finished
2022-09-03 18:43:11.672 [main] INFO  org.springframework.cloud.commons.util.InetUtils - Cannot determine local hostname
2022-09-03 18:43:11.673 [main] INFO  o.s.a.rabbit.connection.CachingConnectionFactory - Attempting to connect to: [192.168.91.129:5672]
2022-09-03 18:43:11.714 [main] INFO  o.s.a.rabbit.connection.CachingConnectionFactory - Created new connection: rabbitConnectionFactory#57fbc06f:0/SimpleConnection@31d4b3e8 [delegate=amqp://admin@192.168.91.129:5672/, localPort= 63832]
2022-09-03 18:43:11.777 [main] INFO  net.syl.dandelion.handler.HandlerApplication - Started HandlerApplication in 10.365 seconds (JVM running for 11.011)
2022-09-03 18:43:11.785 [main] INFO  c.a.cloud.nacos.refresh.NacosContextRefresher - listening config: dataId=sms-dev.yaml, group=HANDLER
2022-09-03 18:43:11.789 [main] INFO  c.a.cloud.nacos.refresh.NacosContextRefresher - listening config: dataId=email-dev.yaml, group=HANDLER
2022-09-03 18:43:11.790 [main] INFO  c.a.cloud.nacos.refresh.NacosContextRefresher - listening config: dataId=dandelion-handler.properties, group=DEFAULT_GROUP
2022-09-03 18:43:11.794 [main] INFO  c.a.cloud.nacos.refresh.NacosContextRefresher - listening config: dataId=deduplicaiton-dev.yaml, group=HANDLER
2022-09-03 18:43:11.794 [main] INFO  c.a.cloud.nacos.refresh.NacosContextRefresher - listening config: dataId=dandelion-handler, group=DEFAULT_GROUP
2022-09-03 18:43:11.799 [main] INFO  c.a.cloud.nacos.refresh.NacosContextRefresher - listening config: dataId=discard-dev.yaml, group=HANDLER
2022-09-03 18:50:05.187 [main] INFO  o.s.c.b.c.PropertySourceBootstrapConfiguration - Located property source: [BootstrapPropertySource {name='bootstrapProperties-dandelion-web-dev.yaml,WEB'}, BootstrapPropertySource {name='bootstrapProperties-dandelion-web.yaml,WEB'}, BootstrapPropertySource {name='bootstrapProperties-dandelion-web,WEB'}]
2022-09-03 18:50:05.192 [main] INFO  net.syl.dandelion.web.WebApplication - The following 1 profile is active: "dev"
2022-09-03 18:50:05.614 [main] INFO  o.s.d.r.config.RepositoryConfigurationDelegate - Multiple Spring Data modules found, entering strict repository configuration mode!
2022-09-03 18:50:05.616 [main] INFO  o.s.d.r.config.RepositoryConfigurationDelegate - Bootstrapping Spring Data Redis repositories in DEFAULT mode.
2022-09-03 18:50:05.630 [main] INFO  o.s.d.r.config.RepositoryConfigurationDelegate - Finished Spring Data repository scanning in 4 ms. Found 0 Redis repository interfaces.
2022-09-03 18:50:05.776 [main] INFO  o.springframework.cloud.context.scope.GenericScope - BeanFactory id=7cb1e77d-a73e-3516-9fe1-6b89fd8fe0ad
2022-09-03 18:50:06.140 [main] INFO  o.s.boot.web.embedded.tomcat.TomcatWebServer - Tomcat initialized with port(s): 8080 (http)
2022-09-03 18:50:06.147 [main] INFO  org.apache.coyote.http11.Http11NioProtocol - Initializing ProtocolHandler ["http-nio-8080"]
2022-09-03 18:50:06.147 [main] INFO  org.apache.catalina.core.StandardService - Starting service [Tomcat]
2022-09-03 18:50:06.148 [main] INFO  org.apache.catalina.core.StandardEngine - Starting Servlet engine: [Apache Tomcat/9.0.62]
2022-09-03 18:50:06.252 [main] INFO  o.a.c.core.ContainerBase.[Tomcat].[localhost].[/] - Initializing Spring embedded WebApplicationContext
2022-09-03 18:50:06.252 [main] INFO  o.s.b.w.s.c.ServletWebServerApplicationContext - Root WebApplicationContext: initialization completed in 1044 ms
2022-09-03 18:50:06.315 [main] INFO  c.a.d.s.b.a.DruidDataSourceAutoConfigure - Init DruidDataSource
2022-09-03 18:50:06.669 [main] INFO  com.alibaba.druid.pool.DruidDataSource - {dataSource-1} inited
2022-09-03 18:50:07.199 [main] INFO  o.s.cloud.openfeign.FeignClientFactoryBean - For 'dandelion-cron' URL not provided. Will try picking an instance via load-balancing.
2022-09-03 18:50:08.723 [main] INFO  org.springframework.cloud.commons.util.InetUtils - Cannot determine local hostname
2022-09-03 18:50:09.911 [main] INFO  org.springframework.cloud.commons.util.InetUtils - Cannot determine local hostname
2022-09-03 18:50:10.108 [main] INFO  org.apache.coyote.http11.Http11NioProtocol - Starting ProtocolHandler ["http-nio-8080"]
2022-09-03 18:50:10.121 [main] INFO  o.s.boot.web.embedded.tomcat.TomcatWebServer - Tomcat started on port(s): 8080 (http) with context path ''
2022-09-03 18:50:10.126 [main] INFO  c.a.cloud.nacos.registry.NacosServiceRegistry - nacos registry, DEFAULT_GROUP dandelion-web 192.168.91.1:8080 register finished
2022-09-03 18:50:11.198 [main] INFO  org.springframework.cloud.commons.util.InetUtils - Cannot determine local hostname
2022-09-03 18:50:11.203 [main] INFO  net.syl.dandelion.web.WebApplication - Started WebApplication in 9.966 seconds (JVM running for 10.577)
2022-09-03 18:50:11.207 [main] INFO  c.a.cloud.nacos.refresh.NacosContextRefresher - listening config: dataId=dandelion-web, group=WEB
2022-09-03 18:50:11.211 [main] INFO  c.a.cloud.nacos.refresh.NacosContextRefresher - listening config: dataId=dandelion-web-dev.yaml, group=WEB
2022-09-03 18:50:11.211 [main] INFO  c.a.cloud.nacos.refresh.NacosContextRefresher - listening config: dataId=dandelion-web.yaml, group=WEB
2022-09-03 18:51:14.886 [http-nio-8080-exec-1] INFO  o.a.c.core.ContainerBase.[Tomcat].[localhost].[/] - Initializing Spring DispatcherServlet 'dispatcherServlet'
2022-09-03 18:51:15.893 [http-nio-8080-exec-1] INFO  org.springframework.web.servlet.DispatcherServlet - Initializing Servlet 'dispatcherServlet'
2022-09-03 18:51:15.895 [http-nio-8080-exec-1] INFO  org.springframework.web.servlet.DispatcherServlet - Completed initialization in 1 ms
2022-09-03 18:59:17.945 [com.alibaba.nacos.client.Worker.longPolling.fixed-192.168.91.129_8848-9aa836dd-c632-4bbb-a813-b6c5d464166f] INFO  org.springframework.cloud.commons.util.InetUtils - Cannot determine local hostname
2022-09-03 18:59:19.008 [com.alibaba.nacos.client.Worker.longPolling.fixed-192.168.91.129_8848-9aa836dd-c632-4bbb-a813-b6c5d464166f] INFO  o.s.c.b.c.PropertySourceBootstrapConfiguration - Located property source: [BootstrapPropertySource {name='bootstrapProperties-null-dev.yaml,WEB'}, BootstrapPropertySource {name='bootstrapProperties-null.yaml,WEB'}]
2022-09-03 18:59:19.009 [com.alibaba.nacos.client.Worker.longPolling.fixed-192.168.91.129_8848-9aa836dd-c632-4bbb-a813-b6c5d464166f] INFO  org.springframework.boot.SpringApplication - The following 1 profile is active: "dev"
2022-09-03 18:59:19.021 [com.alibaba.nacos.client.Worker.longPolling.fixed-192.168.91.129_8848-9aa836dd-c632-4bbb-a813-b6c5d464166f] INFO  org.springframework.boot.SpringApplication - Started application in 2.165 seconds (JVM running for 558.394)
2022-09-03 18:59:19.063 [com.alibaba.nacos.client.Worker.longPolling.fixed-192.168.91.129_8848-9aa836dd-c632-4bbb-a813-b6c5d464166f] INFO  o.s.cloud.endpoint.event.RefreshEventListener - Refresh keys changed: []
2022-09-03 19:00:06.329 [main] INFO  o.s.c.b.c.PropertySourceBootstrapConfiguration - Located property source: [BootstrapPropertySource {name='bootstrapProperties-dandelion-web-dev.yaml,WEB'}, BootstrapPropertySource {name='bootstrapProperties-dandelion-web.yaml,WEB'}, BootstrapPropertySource {name='bootstrapProperties-dandelion-web,WEB'}]
2022-09-03 19:00:06.333 [main] INFO  net.syl.dandelion.web.WebApplication - The following 1 profile is active: "dev"
2022-09-03 19:00:06.754 [main] INFO  o.s.d.r.config.RepositoryConfigurationDelegate - Multiple Spring Data modules found, entering strict repository configuration mode!
2022-09-03 19:00:06.756 [main] INFO  o.s.d.r.config.RepositoryConfigurationDelegate - Bootstrapping Spring Data Redis repositories in DEFAULT mode.
2022-09-03 19:00:06.772 [main] INFO  o.s.d.r.config.RepositoryConfigurationDelegate - Finished Spring Data repository scanning in 5 ms. Found 0 Redis repository interfaces.
2022-09-03 19:00:06.913 [main] INFO  o.springframework.cloud.context.scope.GenericScope - BeanFactory id=7cb1e77d-a73e-3516-9fe1-6b89fd8fe0ad
2022-09-03 19:00:07.275 [main] INFO  o.s.boot.web.embedded.tomcat.TomcatWebServer - Tomcat initialized with port(s): 8080 (http)
2022-09-03 19:00:07.282 [main] INFO  org.apache.coyote.http11.Http11NioProtocol - Initializing ProtocolHandler ["http-nio-8080"]
2022-09-03 19:00:07.282 [main] INFO  org.apache.catalina.core.StandardService - Starting service [Tomcat]
2022-09-03 19:00:07.283 [main] INFO  org.apache.catalina.core.StandardEngine - Starting Servlet engine: [Apache Tomcat/9.0.62]
2022-09-03 19:00:07.389 [main] INFO  o.a.c.core.ContainerBase.[Tomcat].[localhost].[/] - Initializing Spring embedded WebApplicationContext
2022-09-03 19:00:07.389 [main] INFO  o.s.b.w.s.c.ServletWebServerApplicationContext - Root WebApplicationContext: initialization completed in 1041 ms
2022-09-03 19:00:07.450 [main] INFO  c.a.d.s.b.a.DruidDataSourceAutoConfigure - Init DruidDataSource
2022-09-03 19:00:07.804 [main] INFO  com.alibaba.druid.pool.DruidDataSource - {dataSource-1} inited
2022-09-03 19:00:08.278 [main] INFO  o.s.cloud.openfeign.FeignClientFactoryBean - For 'dandelion-cron' URL not provided. Will try picking an instance via load-balancing.
2022-09-03 19:00:09.743 [main] INFO  org.springframework.cloud.commons.util.InetUtils - Cannot determine local hostname
2022-09-03 19:00:10.931 [main] INFO  org.springframework.cloud.commons.util.InetUtils - Cannot determine local hostname
2022-09-03 19:00:11.135 [main] INFO  org.apache.coyote.http11.Http11NioProtocol - Starting ProtocolHandler ["http-nio-8080"]
2022-09-03 19:00:11.149 [main] INFO  o.s.boot.web.embedded.tomcat.TomcatWebServer - Tomcat started on port(s): 8080 (http) with context path ''
2022-09-03 19:00:11.154 [main] INFO  c.a.cloud.nacos.registry.NacosServiceRegistry - nacos registry, DEFAULT_GROUP dandelion-web 192.168.91.1:8080 register finished
2022-09-03 19:00:12.231 [main] INFO  org.springframework.cloud.commons.util.InetUtils - Cannot determine local hostname
2022-09-03 19:00:12.238 [main] INFO  net.syl.dandelion.web.WebApplication - Started WebApplication in 9.865 seconds (JVM running for 10.504)
2022-09-03 19:00:12.241 [main] INFO  c.a.cloud.nacos.refresh.NacosContextRefresher - listening config: dataId=dandelion-web, group=WEB
2022-09-03 19:00:12.243 [main] INFO  c.a.cloud.nacos.refresh.NacosContextRefresher - listening config: dataId=dandelion-web-dev.yaml, group=WEB
2022-09-03 19:00:12.243 [main] INFO  c.a.cloud.nacos.refresh.NacosContextRefresher - listening config: dataId=dandelion-web.yaml, group=WEB
2022-09-03 19:00:22.007 [http-nio-8080-exec-1] INFO  o.a.c.core.ContainerBase.[Tomcat].[localhost].[/] - Initializing Spring DispatcherServlet 'dispatcherServlet'
2022-09-03 19:00:23.021 [http-nio-8080-exec-1] INFO  org.springframework.web.servlet.DispatcherServlet - Initializing Servlet 'dispatcherServlet'
2022-09-03 19:00:23.022 [http-nio-8080-exec-1] INFO  org.springframework.web.servlet.DispatcherServlet - Completed initialization in 1 ms
2022-09-03 19:13:49.622 [com.alibaba.nacos.client.Worker.longPolling.fixed-192.168.91.129_8848-9aa836dd-c632-4bbb-a813-b6c5d464166f] INFO  org.springframework.cloud.commons.util.InetUtils - Cannot determine local hostname
2022-09-03 19:13:50.678 [com.alibaba.nacos.client.Worker.longPolling.fixed-192.168.91.129_8848-9aa836dd-c632-4bbb-a813-b6c5d464166f] INFO  o.s.c.b.c.PropertySourceBootstrapConfiguration - Located property source: [BootstrapPropertySource {name='bootstrapProperties-null-dev.yaml,WEB'}, BootstrapPropertySource {name='bootstrapProperties-null.yaml,WEB'}]
2022-09-03 19:13:50.679 [com.alibaba.nacos.client.Worker.longPolling.fixed-192.168.91.129_8848-9aa836dd-c632-4bbb-a813-b6c5d464166f] INFO  org.springframework.boot.SpringApplication - The following 1 profile is active: "dev"
2022-09-03 19:13:50.686 [com.alibaba.nacos.client.Worker.longPolling.fixed-192.168.91.129_8848-9aa836dd-c632-4bbb-a813-b6c5d464166f] INFO  org.springframework.boot.SpringApplication - Started application in 2.149 seconds (JVM running for 828.952)
2022-09-03 19:13:50.727 [com.alibaba.nacos.client.Worker.longPolling.fixed-192.168.91.129_8848-9aa836dd-c632-4bbb-a813-b6c5d464166f] INFO  o.s.cloud.endpoint.event.RefreshEventListener - Refresh keys changed: []
2022-09-03 19:14:01.747 [main] INFO  o.s.c.b.c.PropertySourceBootstrapConfiguration - Located property source: [BootstrapPropertySource {name='bootstrapProperties-dandelion-web-dev.yaml,WEB'}, BootstrapPropertySource {name='bootstrapProperties-dandelion-web.yaml,WEB'}, BootstrapPropertySource {name='bootstrapProperties-dandelion-web,WEB'}]
2022-09-03 19:14:01.752 [main] INFO  net.syl.dandelion.web.WebApplication - The following 1 profile is active: "dev"
2022-09-03 19:14:02.223 [main] INFO  o.s.d.r.config.RepositoryConfigurationDelegate - Multiple Spring Data modules found, entering strict repository configuration mode!
2022-09-03 19:14:02.225 [main] INFO  o.s.d.r.config.RepositoryConfigurationDelegate - Bootstrapping Spring Data Redis repositories in DEFAULT mode.
2022-09-03 19:14:02.239 [main] INFO  o.s.d.r.config.RepositoryConfigurationDelegate - Finished Spring Data repository scanning in 4 ms. Found 0 Redis repository interfaces.
2022-09-03 19:14:02.381 [main] INFO  o.springframework.cloud.context.scope.GenericScope - BeanFactory id=6821c3f4-6181-3651-bc22-304c8fdf8f52
2022-09-03 19:14:02.732 [main] INFO  o.s.boot.web.embedded.tomcat.TomcatWebServer - Tomcat initialized with port(s): 8080 (http)
2022-09-03 19:14:02.739 [main] INFO  org.apache.coyote.http11.Http11NioProtocol - Initializing ProtocolHandler ["http-nio-8080"]
2022-09-03 19:14:02.740 [main] INFO  org.apache.catalina.core.StandardService - Starting service [Tomcat]
2022-09-03 19:14:02.740 [main] INFO  org.apache.catalina.core.StandardEngine - Starting Servlet engine: [Apache Tomcat/9.0.62]
2022-09-03 19:14:02.845 [main] INFO  o.a.c.core.ContainerBase.[Tomcat].[localhost].[/] - Initializing Spring embedded WebApplicationContext
2022-09-03 19:14:02.845 [main] INFO  o.s.b.w.s.c.ServletWebServerApplicationContext - Root WebApplicationContext: initialization completed in 1080 ms
2022-09-03 19:14:02.915 [main] INFO  org.apache.catalina.core.StandardService - Stopping service [Tomcat]
2022-09-03 19:14:02.928 [main] INFO  o.s.b.a.l.ConditionEvaluationReportLoggingListener - 

Error starting ApplicationContext. To display the conditions report re-run your application with 'debug' enabled.
2022-09-03 21:51:00.886 [main] INFO  o.s.c.b.c.PropertySourceBootstrapConfiguration - Located property source: [BootstrapPropertySource {name='bootstrapProperties-dandelion-web-dev.yaml,WEB'}, BootstrapPropertySource {name='bootstrapProperties-dandelion-web.yaml,WEB'}, BootstrapPropertySource {name='bootstrapProperties-dandelion-web,WEB'}]
2022-09-03 21:51:00.889 [main] INFO  net.syl.dandelion.web.WebApplication - The following 1 profile is active: "dev"
2022-09-03 21:51:01.340 [main] INFO  o.s.d.r.config.RepositoryConfigurationDelegate - Multiple Spring Data modules found, entering strict repository configuration mode!
2022-09-03 21:51:01.342 [main] INFO  o.s.d.r.config.RepositoryConfigurationDelegate - Bootstrapping Spring Data Redis repositories in DEFAULT mode.
2022-09-03 21:51:01.359 [main] INFO  o.s.d.r.config.RepositoryConfigurationDelegate - Finished Spring Data repository scanning in 5 ms. Found 0 Redis repository interfaces.
2022-09-03 21:51:01.514 [main] INFO  o.springframework.cloud.context.scope.GenericScope - BeanFactory id=6821c3f4-6181-3651-bc22-304c8fdf8f52
2022-09-03 21:51:01.935 [main] INFO  o.s.boot.web.embedded.tomcat.TomcatWebServer - Tomcat initialized with port(s): 8080 (http)
2022-09-03 21:51:01.943 [main] INFO  org.apache.coyote.http11.Http11NioProtocol - Initializing ProtocolHandler ["http-nio-8080"]
2022-09-03 21:51:01.944 [main] INFO  org.apache.catalina.core.StandardService - Starting service [Tomcat]
2022-09-03 21:51:01.944 [main] INFO  org.apache.catalina.core.StandardEngine - Starting Servlet engine: [Apache Tomcat/9.0.62]
2022-09-03 21:51:02.065 [main] INFO  o.a.c.core.ContainerBase.[Tomcat].[localhost].[/] - Initializing Spring embedded WebApplicationContext
2022-09-03 21:51:02.065 [main] INFO  o.s.b.w.s.c.ServletWebServerApplicationContext - Root WebApplicationContext: initialization completed in 1160 ms
2022-09-03 21:51:02.133 [main] INFO  org.apache.catalina.core.StandardService - Stopping service [Tomcat]
2022-09-03 21:51:02.149 [main] INFO  o.s.b.a.l.ConditionEvaluationReportLoggingListener - 

Error starting ApplicationContext. To display the conditions report re-run your application with 'debug' enabled.
2022-09-03 22:00:50.117 [main] INFO  o.s.c.b.c.PropertySourceBootstrapConfiguration - Located property source: [BootstrapPropertySource {name='bootstrapProperties-dandelion-web-dev.yaml,WEB'}, BootstrapPropertySource {name='bootstrapProperties-dandelion-web.yaml,WEB'}, BootstrapPropertySource {name='bootstrapProperties-dandelion-web,WEB'}]
2022-09-03 22:00:50.121 [main] INFO  net.syl.dandelion.web.WebApplication - The following 1 profile is active: "dev"
2022-09-03 22:00:50.541 [main] INFO  o.s.d.r.config.RepositoryConfigurationDelegate - Multiple Spring Data modules found, entering strict repository configuration mode!
2022-09-03 22:00:50.542 [main] INFO  o.s.d.r.config.RepositoryConfigurationDelegate - Bootstrapping Spring Data Redis repositories in DEFAULT mode.
2022-09-03 22:00:50.557 [main] INFO  o.s.d.r.config.RepositoryConfigurationDelegate - Finished Spring Data repository scanning in 4 ms. Found 0 Redis repository interfaces.
2022-09-03 22:00:50.700 [main] INFO  o.springframework.cloud.context.scope.GenericScope - BeanFactory id=6821c3f4-6181-3651-bc22-304c8fdf8f52
2022-09-03 22:00:51.056 [main] INFO  o.s.boot.web.embedded.tomcat.TomcatWebServer - Tomcat initialized with port(s): 8080 (http)
2022-09-03 22:00:51.063 [main] INFO  org.apache.coyote.http11.Http11NioProtocol - Initializing ProtocolHandler ["http-nio-8080"]
2022-09-03 22:00:51.063 [main] INFO  org.apache.catalina.core.StandardService - Starting service [Tomcat]
2022-09-03 22:00:51.064 [main] INFO  org.apache.catalina.core.StandardEngine - Starting Servlet engine: [Apache Tomcat/9.0.62]
2022-09-03 22:00:51.167 [main] INFO  o.a.c.core.ContainerBase.[Tomcat].[localhost].[/] - Initializing Spring embedded WebApplicationContext
2022-09-03 22:00:51.167 [main] INFO  o.s.b.w.s.c.ServletWebServerApplicationContext - Root WebApplicationContext: initialization completed in 1033 ms
2022-09-03 22:00:51.432 [main] INFO  c.a.d.s.b.a.DruidDataSourceAutoConfigure - Init DruidDataSource
2022-09-03 22:00:51.488 [main] INFO  org.apache.catalina.core.StandardService - Stopping service [Tomcat]
2022-09-03 22:00:51.502 [main] INFO  o.s.b.a.l.ConditionEvaluationReportLoggingListener - 

Error starting ApplicationContext. To display the conditions report re-run your application with 'debug' enabled.
2022-09-03 22:02:02.318 [main] INFO  o.s.c.b.c.PropertySourceBootstrapConfiguration - Located property source: [BootstrapPropertySource {name='bootstrapProperties-dandelion-web-dev.yaml,WEB'}, BootstrapPropertySource {name='bootstrapProperties-dandelion-web.yaml,WEB'}, BootstrapPropertySource {name='bootstrapProperties-dandelion-web,WEB'}]
2022-09-03 22:02:02.324 [main] INFO  net.syl.dandelion.web.WebApplication - The following 1 profile is active: "dev"
2022-09-03 22:02:02.752 [main] INFO  o.s.d.r.config.RepositoryConfigurationDelegate - Multiple Spring Data modules found, entering strict repository configuration mode!
2022-09-03 22:02:02.754 [main] INFO  o.s.d.r.config.RepositoryConfigurationDelegate - Bootstrapping Spring Data Redis repositories in DEFAULT mode.
2022-09-03 22:02:02.769 [main] INFO  o.s.d.r.config.RepositoryConfigurationDelegate - Finished Spring Data repository scanning in 5 ms. Found 0 Redis repository interfaces.
2022-09-03 22:02:02.914 [main] INFO  o.springframework.cloud.context.scope.GenericScope - BeanFactory id=6821c3f4-6181-3651-bc22-304c8fdf8f52
2022-09-03 22:02:03.274 [main] INFO  o.s.boot.web.embedded.tomcat.TomcatWebServer - Tomcat initialized with port(s): 8080 (http)
2022-09-03 22:02:03.281 [main] INFO  org.apache.coyote.http11.Http11NioProtocol - Initializing ProtocolHandler ["http-nio-8080"]
2022-09-03 22:02:03.281 [main] INFO  org.apache.catalina.core.StandardService - Starting service [Tomcat]
2022-09-03 22:02:03.281 [main] INFO  org.apache.catalina.core.StandardEngine - Starting Servlet engine: [Apache Tomcat/9.0.62]
2022-09-03 22:02:03.387 [main] INFO  o.a.c.core.ContainerBase.[Tomcat].[localhost].[/] - Initializing Spring embedded WebApplicationContext
2022-09-03 22:02:03.388 [main] INFO  o.s.b.w.s.c.ServletWebServerApplicationContext - Root WebApplicationContext: initialization completed in 1051 ms
2022-09-03 22:02:03.632 [main] INFO  c.a.d.s.b.a.DruidDataSourceAutoConfigure - Init DruidDataSource
2022-09-03 22:02:04.031 [main] INFO  com.alibaba.druid.pool.DruidDataSource - {dataSource-1} inited
2022-09-03 22:02:04.527 [main] INFO  o.s.cloud.openfeign.FeignClientFactoryBean - For 'dandelion-cron' URL not provided. Will try picking an instance via load-balancing.
2022-09-03 22:02:05.835 [main] INFO  org.springframework.cloud.commons.util.InetUtils - Cannot determine local hostname
2022-09-03 22:02:07.051 [main] INFO  org.springframework.cloud.commons.util.InetUtils - Cannot determine local hostname
2022-09-03 22:02:07.248 [main] INFO  org.apache.coyote.http11.Http11NioProtocol - Starting ProtocolHandler ["http-nio-8080"]
2022-09-03 22:02:07.262 [main] INFO  o.s.boot.web.embedded.tomcat.TomcatWebServer - Tomcat started on port(s): 8080 (http) with context path ''
2022-09-03 22:02:07.268 [main] INFO  c.a.cloud.nacos.registry.NacosServiceRegistry - nacos registry, DEFAULT_GROUP dandelion-web 192.168.91.1:8080 register finished
2022-09-03 22:02:08.351 [main] INFO  org.springframework.cloud.commons.util.InetUtils - Cannot determine local hostname
2022-09-03 22:02:08.361 [main] INFO  net.syl.dandelion.web.WebApplication - Started WebApplication in 10.018 seconds (JVM running for 10.621)
2022-09-03 22:02:08.365 [main] INFO  c.a.cloud.nacos.refresh.NacosContextRefresher - listening config: dataId=dandelion-web, group=WEB
2022-09-03 22:02:08.371 [main] INFO  c.a.cloud.nacos.refresh.NacosContextRefresher - listening config: dataId=dandelion-web-dev.yaml, group=WEB
2022-09-03 22:02:08.371 [main] INFO  c.a.cloud.nacos.refresh.NacosContextRefresher - listening config: dataId=dandelion-web.yaml, group=WEB
