2022-09-07 12:35:59.349 [main] INFO  o.s.c.b.c.PropertySourceBootstrapConfiguration - Located property source: [BootstrapPropertySource {name='bootstrapProperties-dandelion-handler-dev.yaml,HANDLER'}, BootstrapPropertySource {name='bootstrapProperties-dandelion-handler.yaml,HANDLER'}, BootstrapPropertySource {name='bootstrapProperties-dandelion-handler,HANDLER'}, BootstrapPropertySource {name='bootstrapProperties-sms-dev.yaml,HANDLER'}, BootstrapPropertySource {name='bootstrapProperties-email-dev.yaml,HANDLER'}, BootstrapPropertySource {name='bootstrapProperties-deduplicaiton-dev.yaml,HANDLER'}, BootstrapPropertySource {name='bootstrapProperties-discard-dev.yaml,HANDLER'}]
2022-09-07 12:35:59.354 [main] INFO  net.syl.dandelion.handler.HandlerApplication - The following 1 profile is active: "dev"
2022-09-07 12:35:59.996 [main] INFO  o.s.d.r.config.RepositoryConfigurationDelegate - Multiple Spring Data modules found, entering strict repository configuration mode!
2022-09-07 12:35:59.997 [main] INFO  o.s.d.r.config.RepositoryConfigurationDelegate - Bootstrapping Spring Data Redis repositories in DEFAULT mode.
2022-09-07 12:36:00.015 [main] INFO  o.s.d.r.config.RepositoryConfigurationDelegate - Finished Spring Data repository scanning in 7 ms. Found 0 Redis repository interfaces.
2022-09-07 12:36:00.149 [main] INFO  o.springframework.cloud.context.scope.GenericScope - BeanFactory id=30d63df8-eaab-36ca-8f8a-6f522ed3af56
2022-09-07 12:36:00.536 [main] INFO  o.s.boot.web.embedded.tomcat.TomcatWebServer - Tomcat initialized with port(s): 8082 (http)
2022-09-07 12:36:00.544 [main] INFO  org.apache.coyote.http11.Http11NioProtocol - Initializing ProtocolHandler ["http-nio-8082"]
2022-09-07 12:36:00.544 [main] INFO  org.apache.catalina.core.StandardService - Starting service [Tomcat]
2022-09-07 12:36:00.544 [main] INFO  org.apache.catalina.core.StandardEngine - Starting Servlet engine: [Apache Tomcat/9.0.62]
2022-09-07 12:36:00.685 [main] INFO  o.a.c.core.ContainerBase.[Tomcat].[localhost].[/] - Initializing Spring embedded WebApplicationContext
2022-09-07 12:36:00.686 [main] INFO  o.s.b.w.s.c.ServletWebServerApplicationContext - Root WebApplicationContext: initialization completed in 1318 ms
2022-09-07 12:36:01.173 [main] INFO  c.a.d.s.b.a.DruidDataSourceAutoConfigure - Init DruidDataSource
2022-09-07 12:36:01.424 [main] INFO  com.alibaba.druid.pool.DruidDataSource - {dataSource-1} inited
2022-09-07 12:36:03.054 [main] INFO  org.springframework.cloud.commons.util.InetUtils - Cannot determine local hostname
2022-09-07 12:36:04.310 [main] INFO  org.springframework.cloud.commons.util.InetUtils - Cannot determine local hostname
2022-09-07 12:36:04.543 [main] INFO  org.apache.coyote.http11.Http11NioProtocol - Starting ProtocolHandler ["http-nio-8082"]
2022-09-07 12:36:04.558 [main] INFO  o.s.boot.web.embedded.tomcat.TomcatWebServer - Tomcat started on port(s): 8082 (http) with context path ''
2022-09-07 12:36:04.565 [main] INFO  c.a.cloud.nacos.registry.NacosServiceRegistry - nacos registry, DEFAULT_GROUP dandelion-handler 192.168.91.1:8082 register finished
2022-09-07 12:36:05.632 [main] INFO  org.springframework.cloud.commons.util.InetUtils - Cannot determine local hostname
2022-09-07 12:36:05.633 [main] INFO  o.s.a.rabbit.connection.CachingConnectionFactory - Attempting to connect to: [192.168.91.129:5672]
2022-09-07 12:36:05.685 [main] INFO  o.s.a.rabbit.connection.CachingConnectionFactory - Created new connection: rabbitConnectionFactory#7523a3dc:0/SimpleConnection@3d88ce0e [delegate=amqp://admin@192.168.91.129:5672/, localPort= 60041]
2022-09-07 12:36:05.749 [main] INFO  net.syl.dandelion.handler.HandlerApplication - Started HandlerApplication in 9.333 seconds (JVM running for 9.942)
2022-09-07 12:36:05.757 [main] INFO  c.a.cloud.nacos.refresh.NacosContextRefresher - listening config: dataId=sms-dev.yaml, group=HANDLER
2022-09-07 12:36:05.761 [main] INFO  c.a.cloud.nacos.refresh.NacosContextRefresher - listening config: dataId=email-dev.yaml, group=HANDLER
2022-09-07 12:36:05.765 [main] INFO  c.a.cloud.nacos.refresh.NacosContextRefresher - listening config: dataId=deduplicaiton-dev.yaml, group=HANDLER
2022-09-07 12:36:05.766 [main] INFO  c.a.cloud.nacos.refresh.NacosContextRefresher - listening config: dataId=dandelion-handler, group=HANDLER
2022-09-07 12:36:05.766 [main] INFO  c.a.cloud.nacos.refresh.NacosContextRefresher - listening config: dataId=dandelion-handler.yaml, group=HANDLER
2022-09-07 12:36:05.770 [main] INFO  c.a.cloud.nacos.refresh.NacosContextRefresher - listening config: dataId=dandelion-handler-dev.yaml, group=HANDLER
2022-09-07 12:36:05.775 [main] INFO  c.a.cloud.nacos.refresh.NacosContextRefresher - listening config: dataId=discard-dev.yaml, group=HANDLER
