2022-09-15 10:02:24.179 [main] INFO  o.s.c.b.c.PropertySourceBootstrapConfiguration - Located property source: [BootstrapPropertySource {name='bootstrapProperties-dandelion-web-dev.yaml,WEB'}, BootstrapPropertySource {name='bootstrapProperties-dandelion-web.yaml,WEB'}, BootstrapPropertySource {name='bootstrapProperties-dandelion-web,WEB'}]
2022-09-15 10:02:24.184 [main] INFO  net.syl.dandelion.web.WebApplication - The following 1 profile is active: "dev"
2022-09-15 10:02:24.998 [main] INFO  o.s.d.r.config.RepositoryConfigurationDelegate - Multiple Spring Data modules found, entering strict repository configuration mode!
2022-09-15 10:02:25.000 [main] INFO  o.s.d.r.config.RepositoryConfigurationDelegate - Bootstrapping Spring Data Redis repositories in DEFAULT mode.
2022-09-15 10:02:25.018 [main] INFO  o.s.d.r.config.RepositoryConfigurationDelegate - Finished Spring Data repository scanning in 5 ms. Found 0 Redis repository interfaces.
2022-09-15 10:02:25.215 [main] INFO  o.springframework.cloud.context.scope.GenericScope - BeanFactory id=ae2910bf-18dc-32ce-819f-9062e04a50fe
2022-09-15 10:02:25.634 [main] INFO  o.s.boot.web.embedded.tomcat.TomcatWebServer - Tomcat initialized with port(s): 8080 (http)
2022-09-15 10:02:25.643 [main] INFO  org.apache.coyote.http11.Http11NioProtocol - Initializing ProtocolHandler ["http-nio-8080"]
2022-09-15 10:02:25.644 [main] INFO  org.apache.catalina.core.StandardService - Starting service [Tomcat]
2022-09-15 10:02:25.644 [main] INFO  org.apache.catalina.core.StandardEngine - Starting Servlet engine: [Apache Tomcat/9.0.62]
2022-09-15 10:02:25.785 [main] INFO  o.a.c.core.ContainerBase.[Tomcat].[localhost].[/] - Initializing Spring embedded WebApplicationContext
2022-09-15 10:02:25.785 [main] INFO  o.s.b.w.s.c.ServletWebServerApplicationContext - Root WebApplicationContext: initialization completed in 1584 ms
2022-09-15 10:02:26.094 [main] INFO  c.a.d.s.b.a.DruidDataSourceAutoConfigure - Init DruidDataSource
2022-09-15 10:02:26.537 [main] INFO  com.alibaba.druid.pool.DruidDataSource - {dataSource-1} inited
2022-09-15 10:02:27.439 [main] INFO  o.s.cloud.openfeign.FeignClientFactoryBean - For 'dandelion-cron' URL not provided. Will try picking an instance via load-balancing.
2022-09-15 10:02:28.910 [main] INFO  org.springframework.cloud.commons.util.InetUtils - Cannot determine local hostname
2022-09-15 10:02:30.229 [main] INFO  org.springframework.cloud.commons.util.InetUtils - Cannot determine local hostname
2022-09-15 10:02:42.402 [main] INFO  org.apache.coyote.http11.Http11NioProtocol - Starting ProtocolHandler ["http-nio-8080"]
2022-09-15 10:02:42.426 [main] INFO  o.s.boot.web.embedded.tomcat.TomcatWebServer - Tomcat started on port(s): 8080 (http) with context path ''
2022-09-15 10:02:50.620 [http-nio-8080-exec-1] INFO  o.a.c.core.ContainerBase.[Tomcat].[localhost].[/] - Initializing Spring DispatcherServlet 'dispatcherServlet'
2022-09-15 10:02:50.621 [http-nio-8080-exec-1] INFO  org.springframework.web.servlet.DispatcherServlet - Initializing Servlet 'dispatcherServlet'
2022-09-15 10:02:50.623 [http-nio-8080-exec-1] INFO  org.springframework.web.servlet.DispatcherServlet - Completed initialization in 2 ms
2022-09-15 10:03:02.592 [main] INFO  com.alibaba.druid.pool.DruidDataSource - {dataSource-1} closing ...
2022-09-15 10:03:02.594 [main] INFO  com.alibaba.druid.pool.DruidDataSource - {dataSource-1} closed
2022-09-15 10:03:02.774 [main] INFO  org.apache.coyote.http11.Http11NioProtocol - Pausing ProtocolHandler ["http-nio-8080"]
2022-09-15 10:03:02.775 [main] INFO  org.apache.catalina.core.StandardService - Stopping service [Tomcat]
2022-09-15 10:03:02.775 [main] INFO  o.a.c.core.ContainerBase.[Tomcat].[localhost].[/] - Destroying Spring FrameworkServlet 'dispatcherServlet'
2022-09-15 10:03:02.778 [main] INFO  org.apache.coyote.http11.Http11NioProtocol - Stopping ProtocolHandler ["http-nio-8080"]
2022-09-15 10:03:02.780 [main] INFO  org.apache.coyote.http11.Http11NioProtocol - Destroying ProtocolHandler ["http-nio-8080"]
2022-09-15 10:03:02.786 [main] INFO  o.s.b.a.l.ConditionEvaluationReportLoggingListener - 

Error starting ApplicationContext. To display the conditions report re-run your application with 'debug' enabled.
2022-09-15 10:07:01.635 [main] INFO  o.s.c.b.c.PropertySourceBootstrapConfiguration - Located property source: [BootstrapPropertySource {name='bootstrapProperties-dandelion-web-dev.yaml,WEB'}, BootstrapPropertySource {name='bootstrapProperties-dandelion-web.yaml,WEB'}, BootstrapPropertySource {name='bootstrapProperties-dandelion-web,WEB'}]
2022-09-15 10:07:01.639 [main] INFO  net.syl.dandelion.web.WebApplication - The following 1 profile is active: "dev"
2022-09-15 10:07:02.083 [main] INFO  o.s.d.r.config.RepositoryConfigurationDelegate - Multiple Spring Data modules found, entering strict repository configuration mode!
2022-09-15 10:07:02.085 [main] INFO  o.s.d.r.config.RepositoryConfigurationDelegate - Bootstrapping Spring Data Redis repositories in DEFAULT mode.
2022-09-15 10:07:02.101 [main] INFO  o.s.d.r.config.RepositoryConfigurationDelegate - Finished Spring Data repository scanning in 4 ms. Found 0 Redis repository interfaces.
2022-09-15 10:07:02.243 [main] INFO  o.springframework.cloud.context.scope.GenericScope - BeanFactory id=ae2910bf-18dc-32ce-819f-9062e04a50fe
2022-09-15 10:07:02.634 [main] INFO  o.s.boot.web.embedded.tomcat.TomcatWebServer - Tomcat initialized with port(s): 8080 (http)
2022-09-15 10:07:02.640 [main] INFO  org.apache.coyote.http11.Http11NioProtocol - Initializing ProtocolHandler ["http-nio-8080"]
2022-09-15 10:07:02.641 [main] INFO  org.apache.catalina.core.StandardService - Starting service [Tomcat]
2022-09-15 10:07:02.641 [main] INFO  org.apache.catalina.core.StandardEngine - Starting Servlet engine: [Apache Tomcat/9.0.62]
2022-09-15 10:07:02.750 [main] INFO  o.a.c.core.ContainerBase.[Tomcat].[localhost].[/] - Initializing Spring embedded WebApplicationContext
2022-09-15 10:07:02.750 [main] INFO  o.s.b.w.s.c.ServletWebServerApplicationContext - Root WebApplicationContext: initialization completed in 1096 ms
2022-09-15 10:07:03.013 [main] INFO  c.a.d.s.b.a.DruidDataSourceAutoConfigure - Init DruidDataSource
2022-09-15 10:07:03.379 [main] INFO  com.alibaba.druid.pool.DruidDataSource - {dataSource-1} inited
2022-09-15 10:07:03.845 [main] INFO  o.s.cloud.openfeign.FeignClientFactoryBean - For 'dandelion-cron' URL not provided. Will try picking an instance via load-balancing.
2022-09-15 10:07:05.170 [main] INFO  org.springframework.cloud.commons.util.InetUtils - Cannot determine local hostname
2022-09-15 10:07:06.370 [main] INFO  org.springframework.cloud.commons.util.InetUtils - Cannot determine local hostname
2022-09-15 10:07:06.595 [main] INFO  org.apache.coyote.http11.Http11NioProtocol - Starting ProtocolHandler ["http-nio-8080"]
2022-09-15 10:07:06.609 [main] INFO  o.s.boot.web.embedded.tomcat.TomcatWebServer - Tomcat started on port(s): 8080 (http) with context path ''
2022-09-15 10:07:06.620 [main] INFO  c.a.cloud.nacos.registry.NacosServiceRegistry - nacos registry, DEFAULT_GROUP dandelion-web 192.168.91.1:8080 register finished
2022-09-15 10:07:07.696 [main] INFO  org.springframework.cloud.commons.util.InetUtils - Cannot determine local hostname
2022-09-15 10:07:07.719 [main] INFO  net.syl.dandelion.web.WebApplication - Started WebApplication in 9.571 seconds (JVM running for 10.224)
2022-09-15 10:07:07.722 [main] INFO  c.a.cloud.nacos.refresh.NacosContextRefresher - listening config: dataId=dandelion-web, group=WEB
2022-09-15 10:07:07.726 [main] INFO  c.a.cloud.nacos.refresh.NacosContextRefresher - listening config: dataId=dandelion-web-dev.yaml, group=WEB
2022-09-15 10:07:07.727 [main] INFO  c.a.cloud.nacos.refresh.NacosContextRefresher - listening config: dataId=dandelion-web.yaml, group=WEB
2022-09-15 10:07:17.298 [http-nio-8080-exec-1] INFO  o.a.c.core.ContainerBase.[Tomcat].[localhost].[/] - Initializing Spring DispatcherServlet 'dispatcherServlet'
2022-09-15 10:07:17.298 [http-nio-8080-exec-1] INFO  org.springframework.web.servlet.DispatcherServlet - Initializing Servlet 'dispatcherServlet'
2022-09-15 10:07:17.299 [http-nio-8080-exec-1] INFO  org.springframework.web.servlet.DispatcherServlet - Completed initialization in 0 ms
2022-09-15 10:08:23.826 [main] INFO  o.s.c.b.c.PropertySourceBootstrapConfiguration - Located property source: [BootstrapPropertySource {name='bootstrapProperties-dandelion-handler-dev.yaml,HANDLER'}, BootstrapPropertySource {name='bootstrapProperties-dandelion-handler.yaml,HANDLER'}, BootstrapPropertySource {name='bootstrapProperties-dandelion-handler,HANDLER'}, BootstrapPropertySource {name='bootstrapProperties-sms-dev.yaml,HANDLER'}, BootstrapPropertySource {name='bootstrapProperties-email-dev.yaml,HANDLER'}, BootstrapPropertySource {name='bootstrapProperties-deduplicaiton-dev.yaml,HANDLER'}, BootstrapPropertySource {name='bootstrapProperties-discard-dev.yaml,HANDLER'}]
2022-09-15 10:08:23.831 [main] INFO  net.syl.dandelion.handler.HandlerApplication - The following 1 profile is active: "dev"
2022-09-15 10:08:24.425 [main] INFO  o.s.d.r.config.RepositoryConfigurationDelegate - Multiple Spring Data modules found, entering strict repository configuration mode!
2022-09-15 10:08:24.427 [main] INFO  o.s.d.r.config.RepositoryConfigurationDelegate - Bootstrapping Spring Data Redis repositories in DEFAULT mode.
2022-09-15 10:08:24.445 [main] INFO  o.s.d.r.config.RepositoryConfigurationDelegate - Finished Spring Data repository scanning in 7 ms. Found 0 Redis repository interfaces.
2022-09-15 10:08:24.576 [main] INFO  o.springframework.cloud.context.scope.GenericScope - BeanFactory id=30d63df8-eaab-36ca-8f8a-6f522ed3af56
2022-09-15 10:08:24.917 [main] INFO  o.s.boot.web.embedded.tomcat.TomcatWebServer - Tomcat initialized with port(s): 8082 (http)
2022-09-15 10:08:24.923 [main] INFO  org.apache.coyote.http11.Http11NioProtocol - Initializing ProtocolHandler ["http-nio-8082"]
2022-09-15 10:08:24.924 [main] INFO  org.apache.catalina.core.StandardService - Starting service [Tomcat]
2022-09-15 10:08:24.924 [main] INFO  org.apache.catalina.core.StandardEngine - Starting Servlet engine: [Apache Tomcat/9.0.62]
2022-09-15 10:08:25.030 [main] INFO  o.a.c.core.ContainerBase.[Tomcat].[localhost].[/] - Initializing Spring embedded WebApplicationContext
2022-09-15 10:08:25.030 [main] INFO  o.s.b.w.s.c.ServletWebServerApplicationContext - Root WebApplicationContext: initialization completed in 1182 ms
2022-09-15 10:08:25.520 [main] INFO  c.a.d.s.b.a.DruidDataSourceAutoConfigure - Init DruidDataSource
2022-09-15 10:08:25.788 [main] INFO  com.alibaba.druid.pool.DruidDataSource - {dataSource-1} inited
2022-09-15 10:08:27.396 [main] INFO  org.springframework.cloud.commons.util.InetUtils - Cannot determine local hostname
2022-09-15 10:08:28.641 [main] INFO  org.springframework.cloud.commons.util.InetUtils - Cannot determine local hostname
2022-09-15 10:08:28.873 [main] INFO  org.apache.coyote.http11.Http11NioProtocol - Starting ProtocolHandler ["http-nio-8082"]
2022-09-15 10:08:28.900 [main] INFO  o.s.boot.web.embedded.tomcat.TomcatWebServer - Tomcat started on port(s): 8082 (http) with context path ''
2022-09-15 10:08:28.907 [main] INFO  c.a.cloud.nacos.registry.NacosServiceRegistry - nacos registry, DEFAULT_GROUP dandelion-handler 192.168.91.1:8082 register finished
2022-09-15 10:08:29.976 [main] INFO  org.springframework.cloud.commons.util.InetUtils - Cannot determine local hostname
2022-09-15 10:08:29.977 [main] INFO  o.s.a.rabbit.connection.CachingConnectionFactory - Attempting to connect to: [192.168.91.129:5672]
2022-09-15 10:08:30.070 [main] INFO  o.s.a.rabbit.connection.CachingConnectionFactory - Created new connection: rabbitConnectionFactory#1f3b992:0/SimpleConnection@6ac756b [delegate=amqp://admin@192.168.91.129:5672/, localPort= 64811]
2022-09-15 10:08:30.135 [main] INFO  net.syl.dandelion.handler.HandlerApplication - Started HandlerApplication in 9.344 seconds (JVM running for 10.066)
2022-09-15 10:08:30.142 [main] INFO  c.a.cloud.nacos.refresh.NacosContextRefresher - listening config: dataId=sms-dev.yaml, group=HANDLER
2022-09-15 10:08:30.146 [main] INFO  c.a.cloud.nacos.refresh.NacosContextRefresher - listening config: dataId=email-dev.yaml, group=HANDLER
2022-09-15 10:08:30.149 [main] INFO  c.a.cloud.nacos.refresh.NacosContextRefresher - listening config: dataId=deduplicaiton-dev.yaml, group=HANDLER
2022-09-15 10:08:30.150 [main] INFO  c.a.cloud.nacos.refresh.NacosContextRefresher - listening config: dataId=dandelion-handler, group=HANDLER
2022-09-15 10:08:30.150 [main] INFO  c.a.cloud.nacos.refresh.NacosContextRefresher - listening config: dataId=dandelion-handler.yaml, group=HANDLER
2022-09-15 10:08:30.154 [main] INFO  c.a.cloud.nacos.refresh.NacosContextRefresher - listening config: dataId=dandelion-handler-dev.yaml, group=HANDLER
2022-09-15 10:08:30.158 [main] INFO  c.a.cloud.nacos.refresh.NacosContextRefresher - listening config: dataId=discard-dev.yaml, group=HANDLER
2022-09-15 10:09:06.350 [sms.notice-1] INFO  n.s.d.support.aop.service.impl.RabbitMQListener - {"@type":"net.syl.dandelion.support.aop.AnchorLog","bizId":1570233211953410048,"localDateTime":"2022-09-15T10:09:06.339","receivers":Set["17722819947"],"response":{"data":null,"msg":"消息接收成功","status":"H0010"},"tag":"receiver","templateId":4}
2022-09-15 10:09:06.864 [pool-3-thread-1] INFO  n.s.d.support.aop.service.impl.RabbitMQListener - {"@type":"net.syl.dandelion.support.aop.AnchorLog","bizId":1570233211953410048,"localDateTime":"2022-09-15T10:09:06.863","receivers":Set["17722819947"],"response":{"data":null,"msg":"消息下发失败","status":"H0042"},"tag":"handler","templateId":4}
2022-09-15 10:09:21.588 [main] INFO  o.a.f.r.taskexecutor.TaskExecutorResourceUtils - The configuration option taskmanager.cpu.cores required for local execution is not set, setting it to the maximal possible value.
2022-09-15 10:09:21.591 [main] INFO  o.a.f.r.taskexecutor.TaskExecutorResourceUtils - The configuration option taskmanager.memory.task.heap.size required for local execution is not set, setting it to the maximal possible value.
2022-09-15 10:09:21.591 [main] INFO  o.a.f.r.taskexecutor.TaskExecutorResourceUtils - The configuration option taskmanager.memory.task.off-heap.size required for local execution is not set, setting it to the maximal possible value.
2022-09-15 10:09:21.592 [main] INFO  o.a.f.r.taskexecutor.TaskExecutorResourceUtils - The configuration option taskmanager.memory.network.min required for local execution is not set, setting it to its default value 64 mb.
2022-09-15 10:09:21.592 [main] INFO  o.a.f.r.taskexecutor.TaskExecutorResourceUtils - The configuration option taskmanager.memory.network.max required for local execution is not set, setting it to its default value 64 mb.
2022-09-15 10:09:21.592 [main] INFO  o.a.f.r.taskexecutor.TaskExecutorResourceUtils - The configuration option taskmanager.memory.managed.size required for local execution is not set, setting it to its default value 128 mb.
2022-09-15 10:09:21.596 [main] INFO  org.apache.flink.runtime.minicluster.MiniCluster - Starting Flink Mini Cluster
2022-09-15 10:09:21.977 [main] INFO  org.apache.flink.runtime.minicluster.MiniCluster - Starting Metrics Registry
2022-09-15 10:09:22.011 [main] INFO  o.apache.flink.runtime.metrics.MetricRegistryImpl - No metrics reporter configured, no metrics will be exposed/reported.
2022-09-15 10:09:22.012 [main] INFO  org.apache.flink.runtime.minicluster.MiniCluster - Starting RPC Service(s)
2022-09-15 10:09:22.022 [main] INFO  o.a.flink.runtime.rpc.akka.AkkaRpcServiceUtils - Trying to start local actor system
2022-09-15 10:09:22.520 [flink-akka.actor.default-dispatcher-4] INFO  akka.event.slf4j.Slf4jLogger - Slf4jLogger started
2022-09-15 10:09:22.601 [main] INFO  o.a.flink.runtime.rpc.akka.AkkaRpcServiceUtils - Actor system started at akka://flink
2022-09-15 10:09:22.614 [main] INFO  o.a.flink.runtime.rpc.akka.AkkaRpcServiceUtils - Trying to start local actor system
2022-09-15 10:09:22.624 [flink-metrics-7] INFO  akka.event.slf4j.Slf4jLogger - Slf4jLogger started
2022-09-15 10:09:22.631 [main] INFO  o.a.flink.runtime.rpc.akka.AkkaRpcServiceUtils - Actor system started at akka://flink-metrics
2022-09-15 10:09:22.641 [main] INFO  org.apache.flink.runtime.rpc.akka.AkkaRpcService - Starting RPC endpoint for org.apache.flink.runtime.metrics.dump.MetricQueryService at akka://flink-metrics/user/rpc/MetricQueryService .
2022-09-15 10:09:22.690 [main] INFO  org.apache.flink.runtime.minicluster.MiniCluster - Starting high-availability services
2022-09-15 10:09:22.703 [main] INFO  org.apache.flink.runtime.blob.BlobServer - Created BLOB server storage directory C:\Users\22935\AppData\Local\Temp\blobStore-6dc98b9b-b9b0-44a9-b11a-072ab5c65a70
2022-09-15 10:09:22.707 [main] INFO  org.apache.flink.runtime.blob.BlobServer - Started BLOB server at 0.0.0.0:64897 - max concurrent requests: 50 - max backlog: 1000
2022-09-15 10:09:22.715 [main] INFO  org.apache.flink.runtime.blob.PermanentBlobCache - Created BLOB cache storage directory C:\Users\22935\AppData\Local\Temp\blobStore-4f076515-118f-4145-a58a-25a04258cf42
2022-09-15 10:09:22.716 [main] INFO  org.apache.flink.runtime.blob.TransientBlobCache - Created BLOB cache storage directory C:\Users\22935\AppData\Local\Temp\blobStore-82843358-51cb-4eec-a081-8745ff5f5843
2022-09-15 10:09:22.716 [main] INFO  org.apache.flink.runtime.minicluster.MiniCluster - Starting 1 TaskManager(s)
2022-09-15 10:09:22.721 [main] INFO  o.a.flink.runtime.taskexecutor.TaskManagerRunner - Starting TaskManager with ResourceID: 2bfd97e6-1b06-4648-abaf-9712b0055bac
2022-09-15 10:09:22.737 [main] INFO  o.a.flink.runtime.taskexecutor.TaskManagerServices - Temporary file directory 'C:\Users\22935\AppData\Local\Temp': total 153 GB, usable 65 GB (42.48% usable)
2022-09-15 10:09:22.742 [main] INFO  o.apache.flink.runtime.io.disk.iomanager.IOManager - Created a new FileChannelManager for spilling of task related data to disk (joins, sorting, ...). Used directories:
	C:\Users\22935\AppData\Local\Temp\flink-io-5ef89002-1555-40b8-8dd2-9b4bccebaaf3
2022-09-15 10:09:22.755 [main] INFO  o.a.f.r.io.network.NettyShuffleServiceFactory - Created a new FileChannelManager for storing result partitions of BLOCKING shuffles. Used directories:
	C:\Users\22935\AppData\Local\Temp\flink-netty-shuffle-eb2acc95-10f2-4aff-bede-cd68894da61e
2022-09-15 10:09:22.786 [main] INFO  o.a.f.runtime.io.network.buffer.NetworkBufferPool - Allocated 64 MB for network buffer pool (number of memory segments: 2048, bytes per segment: 32768).
2022-09-15 10:09:22.799 [main] INFO  o.a.f.runtime.io.network.NettyShuffleEnvironment - Starting the network environment and its components.
2022-09-15 10:09:22.801 [main] INFO  o.apache.flink.runtime.taskexecutor.KvStateService - Starting the kvState service and its components.
2022-09-15 10:09:22.816 [main] INFO  org.apache.flink.configuration.Configuration - Config uses fallback configuration key 'akka.ask.timeout' instead of key 'taskmanager.slot.timeout'
2022-09-15 10:09:22.838 [main] INFO  org.apache.flink.runtime.rpc.akka.AkkaRpcService - Starting RPC endpoint for org.apache.flink.runtime.taskexecutor.TaskExecutor at akka://flink/user/rpc/taskmanager_0 .
2022-09-15 10:09:22.853 [flink-akka.actor.default-dispatcher-4] INFO  o.a.f.runtime.taskexecutor.DefaultJobLeaderService - Start job leader service.
2022-09-15 10:09:22.855 [flink-akka.actor.default-dispatcher-4] INFO  org.apache.flink.runtime.filecache.FileCache - User file cache uses directory C:\Users\22935\AppData\Local\Temp\flink-dist-cache-7bced201-4c62-40df-b760-0e70e7d79375
2022-09-15 10:09:22.909 [main] INFO  o.a.f.runtime.dispatcher.DispatcherRestEndpoint - Starting rest endpoint.
2022-09-15 10:09:22.912 [main] INFO  o.a.f.runtime.dispatcher.DispatcherRestEndpoint - Failed to load web based job submission extension. Probable reason: flink-runtime-web is not in the classpath.
2022-09-15 10:09:23.579 [main] INFO  o.a.f.runtime.dispatcher.DispatcherRestEndpoint - Rest endpoint listening at localhost:64927
2022-09-15 10:09:23.580 [main] INFO  o.a.f.r.h.nonha.embedded.EmbeddedLeaderService - Proposing leadership to contender http://localhost:64927
2022-09-15 10:09:23.581 [mini-cluster-io-thread-1] INFO  o.a.f.runtime.dispatcher.DispatcherRestEndpoint - http://localhost:64927 was granted leadership with leaderSessionID=e5729cc4-4565-406d-85dd-a23c258f5f7a
2022-09-15 10:09:23.581 [mini-cluster-io-thread-1] INFO  o.a.f.r.h.nonha.embedded.EmbeddedLeaderService - Received confirmation of leadership for leader http://localhost:64927 , session=e5729cc4-4565-406d-85dd-a23c258f5f7a
2022-09-15 10:09:23.594 [main] INFO  o.a.f.r.h.nonha.embedded.EmbeddedLeaderService - Proposing leadership to contender LeaderContender: DefaultDispatcherRunner
2022-09-15 10:09:23.594 [main] INFO  o.a.f.r.resourcemanager.ResourceManagerServiceImpl - Starting resource manager service.
2022-09-15 10:09:23.594 [main] INFO  o.a.f.r.h.nonha.embedded.EmbeddedLeaderService - Proposing leadership to contender LeaderContender: ResourceManagerServiceImpl
2022-09-15 10:09:23.594 [mini-cluster-io-thread-2] INFO  o.a.f.r.dispatcher.runner.DefaultDispatcherRunner - DefaultDispatcherRunner was granted leadership with leader id 68513a15-aab6-41d8-a8aa-1a9d14f203ce. Creating new DispatcherLeaderProcess.
2022-09-15 10:09:23.594 [pool-3-thread-1] INFO  o.a.f.r.resourcemanager.ResourceManagerServiceImpl - Resource manager service is granted leadership with session id c2288faf-a839-464e-a582-4cfba25ad448.
2022-09-15 10:09:23.597 [main] INFO  org.apache.flink.runtime.minicluster.MiniCluster - Flink Mini Cluster started successfully
2022-09-15 10:09:23.598 [mini-cluster-io-thread-2] INFO  o.a.f.r.d.runner.SessionDispatcherLeaderProcess - Start SessionDispatcherLeaderProcess.
2022-09-15 10:09:23.600 [mini-cluster-io-thread-1] INFO  o.a.f.r.d.runner.SessionDispatcherLeaderProcess - Recover all persisted job graphs.
2022-09-15 10:09:23.600 [mini-cluster-io-thread-1] INFO  o.a.f.r.d.runner.SessionDispatcherLeaderProcess - Successfully recovered 0 persisted job graphs.
2022-09-15 10:09:23.608 [mini-cluster-io-thread-1] INFO  org.apache.flink.runtime.rpc.akka.AkkaRpcService - Starting RPC endpoint for org.apache.flink.runtime.dispatcher.StandaloneDispatcher at akka://flink/user/rpc/dispatcher_1 .
2022-09-15 10:09:23.613 [pool-3-thread-1] INFO  org.apache.flink.runtime.rpc.akka.AkkaRpcService - Starting RPC endpoint for org.apache.flink.runtime.resourcemanager.StandaloneResourceManager at akka://flink/user/rpc/resourcemanager_2 .
2022-09-15 10:09:23.616 [mini-cluster-io-thread-1] INFO  o.a.f.r.h.nonha.embedded.EmbeddedLeaderService - Received confirmation of leadership for leader akka://flink/user/rpc/dispatcher_1 , session=68513a15-aab6-41d8-a8aa-1a9d14f203ce
2022-09-15 10:09:23.621 [flink-akka.actor.default-dispatcher-4] INFO  o.a.f.r.resourcemanager.StandaloneResourceManager - Starting the resource manager.
2022-09-15 10:09:23.630 [mini-cluster-io-thread-2] INFO  o.a.f.r.h.nonha.embedded.EmbeddedLeaderService - Received confirmation of leadership for leader akka://flink/user/rpc/resourcemanager_2 , session=c2288faf-a839-464e-a582-4cfba25ad448
2022-09-15 10:09:23.631 [flink-akka.actor.default-dispatcher-4] INFO  org.apache.flink.runtime.taskexecutor.TaskExecutor - Connecting to ResourceManager akka://flink/user/rpc/resourcemanager_2(a5824cfba25ad448c2288fafa839464e).
2022-09-15 10:09:23.639 [flink-akka.actor.default-dispatcher-6] INFO  org.apache.flink.runtime.taskexecutor.TaskExecutor - Resolved ResourceManager address, beginning registration
2022-09-15 10:09:23.645 [flink-akka.actor.default-dispatcher-4] INFO  o.a.f.r.resourcemanager.StandaloneResourceManager - Registering TaskManager with ResourceID 2bfd97e6-1b06-4648-abaf-9712b0055bac (akka://flink/user/rpc/taskmanager_0) at ResourceManager
2022-09-15 10:09:23.647 [flink-akka.actor.default-dispatcher-4] INFO  o.a.flink.runtime.dispatcher.StandaloneDispatcher - Received JobGraph submission 'Flink Streaming Job' (05623c86c99c9181686e1a11594c3be4).
2022-09-15 10:09:23.647 [flink-akka.actor.default-dispatcher-8] INFO  org.apache.flink.runtime.taskexecutor.TaskExecutor - Successful registration at resource manager akka://flink/user/rpc/resourcemanager_2 under registration id a3014127c5f3b8c159fc9e4544f1178f.
2022-09-15 10:09:23.648 [flink-akka.actor.default-dispatcher-4] INFO  o.a.flink.runtime.dispatcher.StandaloneDispatcher - Submitting job 'Flink Streaming Job' (05623c86c99c9181686e1a11594c3be4).
2022-09-15 10:09:23.666 [flink-akka.actor.default-dispatcher-4] INFO  o.a.f.r.h.nonha.embedded.EmbeddedLeaderService - Proposing leadership to contender LeaderContender: JobMasterServiceLeadershipRunner
2022-09-15 10:09:23.677 [jobmanager-io-thread-1] INFO  org.apache.flink.runtime.rpc.akka.AkkaRpcService - Starting RPC endpoint for org.apache.flink.runtime.jobmaster.JobMaster at akka://flink/user/rpc/jobmanager_3 .
2022-09-15 10:09:23.685 [jobmanager-io-thread-1] INFO  org.apache.flink.runtime.jobmaster.JobMaster - Initializing job 'Flink Streaming Job' (05623c86c99c9181686e1a11594c3be4).
2022-09-15 10:09:23.709 [jobmanager-io-thread-1] INFO  org.apache.flink.runtime.jobmaster.JobMaster - Using restart back off time strategy NoRestartBackoffTimeStrategy for Flink Streaming Job (05623c86c99c9181686e1a11594c3be4).
2022-09-15 10:09:23.754 [jobmanager-io-thread-1] INFO  org.apache.flink.runtime.jobmaster.JobMaster - Running initialization on master for job Flink Streaming Job (05623c86c99c9181686e1a11594c3be4).
2022-09-15 10:09:23.754 [jobmanager-io-thread-1] INFO  org.apache.flink.runtime.jobmaster.JobMaster - Successfully ran initialization on master in 0 ms.
2022-09-15 10:09:23.775 [jobmanager-io-thread-1] INFO  o.a.f.r.scheduler.adapter.DefaultExecutionTopology - Built 1 pipelined regions in 0 ms
2022-09-15 10:09:23.827 [jobmanager-io-thread-1] INFO  org.apache.flink.runtime.jobmaster.JobMaster - No state backend has been configured, using default (HashMap) org.apache.flink.runtime.state.hashmap.HashMapStateBackend@22c4c3f6
2022-09-15 10:09:23.827 [jobmanager-io-thread-1] INFO  org.apache.flink.runtime.state.StateBackendLoader - State backend loader loads the state backend as HashMapStateBackend
2022-09-15 10:09:23.828 [jobmanager-io-thread-1] INFO  org.apache.flink.runtime.jobmaster.JobMaster - Checkpoint storage is set to 'jobmanager'
2022-09-15 10:09:23.845 [jobmanager-io-thread-1] INFO  o.a.flink.runtime.checkpoint.CheckpointCoordinator - No checkpoint found during restore.
2022-09-15 10:09:23.849 [jobmanager-io-thread-1] INFO  org.apache.flink.runtime.jobmaster.JobMaster - Using failover strategy org.apache.flink.runtime.executiongraph.failover.flip1.RestartPipelinedRegionFailoverStrategy@1bccb8c1 for Flink Streaming Job (05623c86c99c9181686e1a11594c3be4).
2022-09-15 10:09:23.858 [jobmanager-io-thread-1] INFO  o.a.f.r.h.nonha.embedded.EmbeddedLeaderService - Received confirmation of leadership for leader akka://flink/user/rpc/jobmanager_3 , session=1ea19d08-19d8-43d6-a7b8-a562f48a7644
2022-09-15 10:09:23.860 [flink-akka.actor.default-dispatcher-4] INFO  org.apache.flink.runtime.jobmaster.JobMaster - Starting execution of job 'Flink Streaming Job' (05623c86c99c9181686e1a11594c3be4) under job master id a7b8a562f48a76441ea19d0819d843d6.
2022-09-15 10:09:23.861 [flink-akka.actor.default-dispatcher-4] INFO  org.apache.flink.runtime.jobmaster.JobMaster - Starting scheduling with scheduling strategy [org.apache.flink.runtime.scheduler.strategy.PipelinedRegionSchedulingStrategy]
2022-09-15 10:09:23.861 [flink-akka.actor.default-dispatcher-4] INFO  o.a.flink.runtime.executiongraph.ExecutionGraph - Job Flink Streaming Job (05623c86c99c9181686e1a11594c3be4) switched from state CREATED to RUNNING.
2022-09-15 10:09:23.864 [flink-akka.actor.default-dispatcher-4] INFO  o.a.flink.runtime.executiongraph.ExecutionGraph - Source: Custom Source -> Timestamps/Watermarks (1/1) (7c93415ac6f30adb41ce7f5992803532) switched from CREATED to SCHEDULED.
2022-09-15 10:09:23.864 [flink-akka.actor.default-dispatcher-4] INFO  o.a.flink.runtime.executiongraph.ExecutionGraph - Flat Map (1/6) (9c35645e7e211cc13a5380c61e8a1361) switched from CREATED to SCHEDULED.
2022-09-15 10:09:23.864 [flink-akka.actor.default-dispatcher-4] INFO  o.a.flink.runtime.executiongraph.ExecutionGraph - Flat Map (2/6) (637e9b2fa3e04b020694ccdb23115423) switched from CREATED to SCHEDULED.
2022-09-15 10:09:23.864 [flink-akka.actor.default-dispatcher-4] INFO  o.a.flink.runtime.executiongraph.ExecutionGraph - Flat Map (3/6) (136de12344d2a3f235d2343418b8af0e) switched from CREATED to SCHEDULED.
2022-09-15 10:09:23.864 [flink-akka.actor.default-dispatcher-4] INFO  o.a.flink.runtime.executiongraph.ExecutionGraph - Flat Map (4/6) (338b4d7206a8c14b64b70c2bdec3e7eb) switched from CREATED to SCHEDULED.
2022-09-15 10:09:23.864 [flink-akka.actor.default-dispatcher-4] INFO  o.a.flink.runtime.executiongraph.ExecutionGraph - Flat Map (5/6) (5d800184f693531dd77990c6829754cd) switched from CREATED to SCHEDULED.
2022-09-15 10:09:23.865 [flink-akka.actor.default-dispatcher-4] INFO  o.a.flink.runtime.executiongraph.ExecutionGraph - Flat Map (6/6) (b3483772af4de6032a7400d129613164) switched from CREATED to SCHEDULED.
2022-09-15 10:09:23.865 [flink-akka.actor.default-dispatcher-4] INFO  o.a.flink.runtime.executiongraph.ExecutionGraph - Sink: Unnamed (1/6) (269934c91c5358976ff0d846c8b45392) switched from CREATED to SCHEDULED.
2022-09-15 10:09:23.865 [flink-akka.actor.default-dispatcher-4] INFO  o.a.flink.runtime.executiongraph.ExecutionGraph - Sink: Unnamed (2/6) (e16d258903dfb4277995ccf5a741153f) switched from CREATED to SCHEDULED.
2022-09-15 10:09:23.865 [flink-akka.actor.default-dispatcher-4] INFO  o.a.flink.runtime.executiongraph.ExecutionGraph - Sink: Unnamed (3/6) (9e432374cb6a5ca8146f716244528769) switched from CREATED to SCHEDULED.
2022-09-15 10:09:23.865 [flink-akka.actor.default-dispatcher-4] INFO  o.a.flink.runtime.executiongraph.ExecutionGraph - Sink: Unnamed (4/6) (22c1ed8c857ecbea5259a1e84083427e) switched from CREATED to SCHEDULED.
2022-09-15 10:09:23.865 [flink-akka.actor.default-dispatcher-4] INFO  o.a.flink.runtime.executiongraph.ExecutionGraph - Sink: Unnamed (5/6) (ad5013d4a3894c0da89f2025c57e67ed) switched from CREATED to SCHEDULED.
2022-09-15 10:09:23.865 [flink-akka.actor.default-dispatcher-4] INFO  o.a.flink.runtime.executiongraph.ExecutionGraph - Sink: Unnamed (6/6) (561c9b59b5906533646d009a1ad6a8fa) switched from CREATED to SCHEDULED.
2022-09-15 10:09:23.879 [flink-akka.actor.default-dispatcher-4] INFO  org.apache.flink.runtime.jobmaster.JobMaster - Connecting to ResourceManager akka://flink/user/rpc/resourcemanager_2(a5824cfba25ad448c2288fafa839464e)
2022-09-15 10:09:23.880 [flink-akka.actor.default-dispatcher-4] INFO  org.apache.flink.runtime.jobmaster.JobMaster - Resolved ResourceManager address, beginning registration
2022-09-15 10:09:23.882 [flink-akka.actor.default-dispatcher-8] INFO  o.a.f.r.resourcemanager.StandaloneResourceManager - Registering job manager a7b8a562f48a76441ea19d0819d843d6@akka://flink/user/rpc/jobmanager_3 for job 05623c86c99c9181686e1a11594c3be4.
2022-09-15 10:09:23.885 [flink-akka.actor.default-dispatcher-4] INFO  o.a.f.r.resourcemanager.StandaloneResourceManager - Registered job manager a7b8a562f48a76441ea19d0819d843d6@akka://flink/user/rpc/jobmanager_3 for job 05623c86c99c9181686e1a11594c3be4.
2022-09-15 10:09:23.887 [flink-akka.actor.default-dispatcher-8] INFO  org.apache.flink.runtime.jobmaster.JobMaster - JobManager successfully registered at ResourceManager, leader id: a5824cfba25ad448c2288fafa839464e.
2022-09-15 10:09:23.889 [flink-akka.actor.default-dispatcher-4] INFO  o.a.f.r.r.slotmanager.DeclarativeSlotManager - Received resource requirements from job 05623c86c99c9181686e1a11594c3be4: [ResourceRequirement{resourceProfile=ResourceProfile{UNKNOWN}, numberOfRequiredSlots=6}]
2022-09-15 10:09:23.892 [flink-akka.actor.default-dispatcher-8] INFO  org.apache.flink.runtime.taskexecutor.TaskExecutor - Receive slot request a10aa41d35e7f0b54e0143cd6fcae83b for job 05623c86c99c9181686e1a11594c3be4 from resource manager with leader id a5824cfba25ad448c2288fafa839464e.
2022-09-15 10:09:23.896 [flink-akka.actor.default-dispatcher-8] INFO  org.apache.flink.runtime.taskexecutor.TaskExecutor - Allocated slot for a10aa41d35e7f0b54e0143cd6fcae83b.
2022-09-15 10:09:23.897 [flink-akka.actor.default-dispatcher-8] INFO  o.a.f.runtime.taskexecutor.DefaultJobLeaderService - Add job 05623c86c99c9181686e1a11594c3be4 for job leader monitoring.
2022-09-15 10:09:23.899 [mini-cluster-io-thread-4] INFO  o.a.f.runtime.taskexecutor.DefaultJobLeaderService - Try to register at job manager akka://flink/user/rpc/jobmanager_3 with leader id 1ea19d08-19d8-43d6-a7b8-a562f48a7644.
2022-09-15 10:09:23.899 [flink-akka.actor.default-dispatcher-8] INFO  org.apache.flink.runtime.taskexecutor.TaskExecutor - Receive slot request 31d3ad09a42a50d5ccc0b3ed182621d4 for job 05623c86c99c9181686e1a11594c3be4 from resource manager with leader id a5824cfba25ad448c2288fafa839464e.
2022-09-15 10:09:23.899 [flink-akka.actor.default-dispatcher-8] INFO  org.apache.flink.runtime.taskexecutor.TaskExecutor - Allocated slot for 31d3ad09a42a50d5ccc0b3ed182621d4.
2022-09-15 10:09:23.899 [flink-akka.actor.default-dispatcher-8] INFO  org.apache.flink.runtime.taskexecutor.TaskExecutor - Receive slot request b42a4999ade125cac97529dcd3a2d13f for job 05623c86c99c9181686e1a11594c3be4 from resource manager with leader id a5824cfba25ad448c2288fafa839464e.
2022-09-15 10:09:23.899 [flink-akka.actor.default-dispatcher-4] INFO  o.a.f.runtime.taskexecutor.DefaultJobLeaderService - Resolved JobManager address, beginning registration
2022-09-15 10:09:23.899 [flink-akka.actor.default-dispatcher-8] INFO  org.apache.flink.runtime.taskexecutor.TaskExecutor - Allocated slot for b42a4999ade125cac97529dcd3a2d13f.
2022-09-15 10:09:23.900 [flink-akka.actor.default-dispatcher-8] INFO  org.apache.flink.runtime.taskexecutor.TaskExecutor - Receive slot request d0eb4de732477b1102d4304184871379 for job 05623c86c99c9181686e1a11594c3be4 from resource manager with leader id a5824cfba25ad448c2288fafa839464e.
2022-09-15 10:09:23.900 [flink-akka.actor.default-dispatcher-8] INFO  org.apache.flink.runtime.taskexecutor.TaskExecutor - Allocated slot for d0eb4de732477b1102d4304184871379.
2022-09-15 10:09:23.900 [flink-akka.actor.default-dispatcher-8] INFO  org.apache.flink.runtime.taskexecutor.TaskExecutor - Receive slot request 832c6e75b408920c9dc36eff76720034 for job 05623c86c99c9181686e1a11594c3be4 from resource manager with leader id a5824cfba25ad448c2288fafa839464e.
2022-09-15 10:09:23.900 [flink-akka.actor.default-dispatcher-8] INFO  org.apache.flink.runtime.taskexecutor.TaskExecutor - Allocated slot for 832c6e75b408920c9dc36eff76720034.
2022-09-15 10:09:23.900 [flink-akka.actor.default-dispatcher-8] INFO  org.apache.flink.runtime.taskexecutor.TaskExecutor - Receive slot request 1ebbf674da1194f2f659151e10db97ea for job 05623c86c99c9181686e1a11594c3be4 from resource manager with leader id a5824cfba25ad448c2288fafa839464e.
2022-09-15 10:09:23.900 [flink-akka.actor.default-dispatcher-8] INFO  org.apache.flink.runtime.taskexecutor.TaskExecutor - Allocated slot for 1ebbf674da1194f2f659151e10db97ea.
2022-09-15 10:09:23.903 [flink-akka.actor.default-dispatcher-4] INFO  o.a.f.runtime.taskexecutor.DefaultJobLeaderService - Successful registration at job manager akka://flink/user/rpc/jobmanager_3 for job 05623c86c99c9181686e1a11594c3be4.
2022-09-15 10:09:23.903 [flink-akka.actor.default-dispatcher-4] INFO  org.apache.flink.runtime.taskexecutor.TaskExecutor - Establish JobManager connection for job 05623c86c99c9181686e1a11594c3be4.
2022-09-15 10:09:23.906 [flink-akka.actor.default-dispatcher-4] INFO  org.apache.flink.runtime.taskexecutor.TaskExecutor - Offer reserved slots to the leader of job 05623c86c99c9181686e1a11594c3be4.
2022-09-15 10:09:23.913 [flink-akka.actor.default-dispatcher-6] INFO  o.a.flink.runtime.executiongraph.ExecutionGraph - Source: Custom Source -> Timestamps/Watermarks (1/1) (7c93415ac6f30adb41ce7f5992803532) switched from SCHEDULED to DEPLOYING.
2022-09-15 10:09:23.914 [flink-akka.actor.default-dispatcher-6] INFO  o.a.flink.runtime.executiongraph.ExecutionGraph - Deploying Source: Custom Source -> Timestamps/Watermarks (1/1) (attempt #0) with attempt id 7c93415ac6f30adb41ce7f5992803532 to 2bfd97e6-1b06-4648-abaf-9712b0055bac @ activate.navicat.com (dataPort=-1) with allocation id 1ebbf674da1194f2f659151e10db97ea
2022-09-15 10:09:23.917 [flink-akka.actor.default-dispatcher-6] INFO  o.a.flink.runtime.executiongraph.ExecutionGraph - Flat Map (1/6) (9c35645e7e211cc13a5380c61e8a1361) switched from SCHEDULED to DEPLOYING.
2022-09-15 10:09:23.917 [flink-akka.actor.default-dispatcher-6] INFO  o.a.flink.runtime.executiongraph.ExecutionGraph - Deploying Flat Map (1/6) (attempt #0) with attempt id 9c35645e7e211cc13a5380c61e8a1361 to 2bfd97e6-1b06-4648-abaf-9712b0055bac @ activate.navicat.com (dataPort=-1) with allocation id 1ebbf674da1194f2f659151e10db97ea
2022-09-15 10:09:23.918 [flink-akka.actor.default-dispatcher-4] INFO  o.a.f.runtime.taskexecutor.slot.TaskSlotTableImpl - Activate slot 1ebbf674da1194f2f659151e10db97ea.
2022-09-15 10:09:23.921 [flink-akka.actor.default-dispatcher-6] INFO  o.a.flink.runtime.executiongraph.ExecutionGraph - Flat Map (2/6) (637e9b2fa3e04b020694ccdb23115423) switched from SCHEDULED to DEPLOYING.
2022-09-15 10:09:23.921 [flink-akka.actor.default-dispatcher-6] INFO  o.a.flink.runtime.executiongraph.ExecutionGraph - Deploying Flat Map (2/6) (attempt #0) with attempt id 637e9b2fa3e04b020694ccdb23115423 to 2bfd97e6-1b06-4648-abaf-9712b0055bac @ activate.navicat.com (dataPort=-1) with allocation id 31d3ad09a42a50d5ccc0b3ed182621d4
2022-09-15 10:09:23.921 [flink-akka.actor.default-dispatcher-6] INFO  o.a.flink.runtime.executiongraph.ExecutionGraph - Flat Map (3/6) (136de12344d2a3f235d2343418b8af0e) switched from SCHEDULED to DEPLOYING.
2022-09-15 10:09:23.921 [flink-akka.actor.default-dispatcher-6] INFO  o.a.flink.runtime.executiongraph.ExecutionGraph - Deploying Flat Map (3/6) (attempt #0) with attempt id 136de12344d2a3f235d2343418b8af0e to 2bfd97e6-1b06-4648-abaf-9712b0055bac @ activate.navicat.com (dataPort=-1) with allocation id 832c6e75b408920c9dc36eff76720034
2022-09-15 10:09:23.921 [flink-akka.actor.default-dispatcher-6] INFO  o.a.flink.runtime.executiongraph.ExecutionGraph - Flat Map (4/6) (338b4d7206a8c14b64b70c2bdec3e7eb) switched from SCHEDULED to DEPLOYING.
2022-09-15 10:09:23.921 [flink-akka.actor.default-dispatcher-6] INFO  o.a.flink.runtime.executiongraph.ExecutionGraph - Deploying Flat Map (4/6) (attempt #0) with attempt id 338b4d7206a8c14b64b70c2bdec3e7eb to 2bfd97e6-1b06-4648-abaf-9712b0055bac @ activate.navicat.com (dataPort=-1) with allocation id b42a4999ade125cac97529dcd3a2d13f
2022-09-15 10:09:23.922 [flink-akka.actor.default-dispatcher-6] INFO  o.a.flink.runtime.executiongraph.ExecutionGraph - Flat Map (5/6) (5d800184f693531dd77990c6829754cd) switched from SCHEDULED to DEPLOYING.
2022-09-15 10:09:23.922 [flink-akka.actor.default-dispatcher-6] INFO  o.a.flink.runtime.executiongraph.ExecutionGraph - Deploying Flat Map (5/6) (attempt #0) with attempt id 5d800184f693531dd77990c6829754cd to 2bfd97e6-1b06-4648-abaf-9712b0055bac @ activate.navicat.com (dataPort=-1) with allocation id d0eb4de732477b1102d4304184871379
2022-09-15 10:09:23.922 [flink-akka.actor.default-dispatcher-6] INFO  o.a.flink.runtime.executiongraph.ExecutionGraph - Flat Map (6/6) (b3483772af4de6032a7400d129613164) switched from SCHEDULED to DEPLOYING.
2022-09-15 10:09:23.922 [flink-akka.actor.default-dispatcher-6] INFO  o.a.flink.runtime.executiongraph.ExecutionGraph - Deploying Flat Map (6/6) (attempt #0) with attempt id b3483772af4de6032a7400d129613164 to 2bfd97e6-1b06-4648-abaf-9712b0055bac @ activate.navicat.com (dataPort=-1) with allocation id a10aa41d35e7f0b54e0143cd6fcae83b
2022-09-15 10:09:23.922 [flink-akka.actor.default-dispatcher-6] INFO  o.a.flink.runtime.executiongraph.ExecutionGraph - Sink: Unnamed (1/6) (269934c91c5358976ff0d846c8b45392) switched from SCHEDULED to DEPLOYING.
2022-09-15 10:09:23.922 [flink-akka.actor.default-dispatcher-6] INFO  o.a.flink.runtime.executiongraph.ExecutionGraph - Deploying Sink: Unnamed (1/6) (attempt #0) with attempt id 269934c91c5358976ff0d846c8b45392 to 2bfd97e6-1b06-4648-abaf-9712b0055bac @ activate.navicat.com (dataPort=-1) with allocation id 1ebbf674da1194f2f659151e10db97ea
2022-09-15 10:09:23.923 [flink-akka.actor.default-dispatcher-6] INFO  o.a.flink.runtime.executiongraph.ExecutionGraph - Sink: Unnamed (2/6) (e16d258903dfb4277995ccf5a741153f) switched from SCHEDULED to DEPLOYING.
2022-09-15 10:09:23.923 [flink-akka.actor.default-dispatcher-6] INFO  o.a.flink.runtime.executiongraph.ExecutionGraph - Deploying Sink: Unnamed (2/6) (attempt #0) with attempt id e16d258903dfb4277995ccf5a741153f to 2bfd97e6-1b06-4648-abaf-9712b0055bac @ activate.navicat.com (dataPort=-1) with allocation id 31d3ad09a42a50d5ccc0b3ed182621d4
2022-09-15 10:09:23.923 [flink-akka.actor.default-dispatcher-6] INFO  o.a.flink.runtime.executiongraph.ExecutionGraph - Sink: Unnamed (3/6) (9e432374cb6a5ca8146f716244528769) switched from SCHEDULED to DEPLOYING.
2022-09-15 10:09:23.923 [flink-akka.actor.default-dispatcher-6] INFO  o.a.flink.runtime.executiongraph.ExecutionGraph - Deploying Sink: Unnamed (3/6) (attempt #0) with attempt id 9e432374cb6a5ca8146f716244528769 to 2bfd97e6-1b06-4648-abaf-9712b0055bac @ activate.navicat.com (dataPort=-1) with allocation id 832c6e75b408920c9dc36eff76720034
2022-09-15 10:09:23.923 [flink-akka.actor.default-dispatcher-6] INFO  o.a.flink.runtime.executiongraph.ExecutionGraph - Sink: Unnamed (4/6) (22c1ed8c857ecbea5259a1e84083427e) switched from SCHEDULED to DEPLOYING.
2022-09-15 10:09:23.923 [flink-akka.actor.default-dispatcher-6] INFO  o.a.flink.runtime.executiongraph.ExecutionGraph - Deploying Sink: Unnamed (4/6) (attempt #0) with attempt id 22c1ed8c857ecbea5259a1e84083427e to 2bfd97e6-1b06-4648-abaf-9712b0055bac @ activate.navicat.com (dataPort=-1) with allocation id b42a4999ade125cac97529dcd3a2d13f
2022-09-15 10:09:23.923 [flink-akka.actor.default-dispatcher-6] INFO  o.a.flink.runtime.executiongraph.ExecutionGraph - Sink: Unnamed (5/6) (ad5013d4a3894c0da89f2025c57e67ed) switched from SCHEDULED to DEPLOYING.
2022-09-15 10:09:23.923 [flink-akka.actor.default-dispatcher-6] INFO  o.a.flink.runtime.executiongraph.ExecutionGraph - Deploying Sink: Unnamed (5/6) (attempt #0) with attempt id ad5013d4a3894c0da89f2025c57e67ed to 2bfd97e6-1b06-4648-abaf-9712b0055bac @ activate.navicat.com (dataPort=-1) with allocation id d0eb4de732477b1102d4304184871379
2022-09-15 10:09:23.923 [flink-akka.actor.default-dispatcher-6] INFO  o.a.flink.runtime.executiongraph.ExecutionGraph - Sink: Unnamed (6/6) (561c9b59b5906533646d009a1ad6a8fa) switched from SCHEDULED to DEPLOYING.
2022-09-15 10:09:23.923 [flink-akka.actor.default-dispatcher-6] INFO  o.a.flink.runtime.executiongraph.ExecutionGraph - Deploying Sink: Unnamed (6/6) (attempt #0) with attempt id 561c9b59b5906533646d009a1ad6a8fa to 2bfd97e6-1b06-4648-abaf-9712b0055bac @ activate.navicat.com (dataPort=-1) with allocation id a10aa41d35e7f0b54e0143cd6fcae83b
2022-09-15 10:09:23.930 [flink-akka.actor.default-dispatcher-4] INFO  o.a.f.r.s.changelog.StateChangelogStorageLoader - StateChangelogStorageLoader initialized with shortcut names {memory}.
2022-09-15 10:09:23.930 [flink-akka.actor.default-dispatcher-4] INFO  o.a.f.r.s.changelog.StateChangelogStorageLoader - Creating a changelog storage with name 'memory'.
2022-09-15 10:09:23.948 [flink-akka.actor.default-dispatcher-4] INFO  org.apache.flink.runtime.taskexecutor.TaskExecutor - Received task Source: Custom Source -> Timestamps/Watermarks (1/1)#0 (7c93415ac6f30adb41ce7f5992803532), deploy into slot with allocation id 1ebbf674da1194f2f659151e10db97ea.
2022-09-15 10:09:23.949 [Source: Custom Source -> Timestamps/Watermarks (1/1)#0] INFO  org.apache.flink.runtime.taskmanager.Task - Source: Custom Source -> Timestamps/Watermarks (1/1)#0 (7c93415ac6f30adb41ce7f5992803532) switched from CREATED to DEPLOYING.
2022-09-15 10:09:23.950 [flink-akka.actor.default-dispatcher-4] INFO  o.a.f.runtime.taskexecutor.slot.TaskSlotTableImpl - Activate slot 1ebbf674da1194f2f659151e10db97ea.
2022-09-15 10:09:23.953 [Source: Custom Source -> Timestamps/Watermarks (1/1)#0] INFO  org.apache.flink.runtime.taskmanager.Task - Loading JAR files for task Source: Custom Source -> Timestamps/Watermarks (1/1)#0 (7c93415ac6f30adb41ce7f5992803532) [DEPLOYING].
2022-09-15 10:09:23.962 [flink-akka.actor.default-dispatcher-4] INFO  org.apache.flink.runtime.taskexecutor.TaskExecutor - Received task Flat Map (1/6)#0 (9c35645e7e211cc13a5380c61e8a1361), deploy into slot with allocation id 1ebbf674da1194f2f659151e10db97ea.
2022-09-15 10:09:23.962 [flink-akka.actor.default-dispatcher-4] INFO  o.a.f.runtime.taskexecutor.slot.TaskSlotTableImpl - Activate slot 31d3ad09a42a50d5ccc0b3ed182621d4.
2022-09-15 10:09:23.962 [Flat Map (1/6)#0] INFO  org.apache.flink.runtime.taskmanager.Task - Flat Map (1/6)#0 (9c35645e7e211cc13a5380c61e8a1361) switched from CREATED to DEPLOYING.
2022-09-15 10:09:23.962 [Flat Map (1/6)#0] INFO  org.apache.flink.runtime.taskmanager.Task - Loading JAR files for task Flat Map (1/6)#0 (9c35645e7e211cc13a5380c61e8a1361) [DEPLOYING].
2022-09-15 10:09:23.964 [flink-akka.actor.default-dispatcher-4] INFO  org.apache.flink.runtime.taskexecutor.TaskExecutor - Received task Flat Map (2/6)#0 (637e9b2fa3e04b020694ccdb23115423), deploy into slot with allocation id 31d3ad09a42a50d5ccc0b3ed182621d4.
2022-09-15 10:09:23.965 [flink-akka.actor.default-dispatcher-4] INFO  o.a.f.runtime.taskexecutor.slot.TaskSlotTableImpl - Activate slot 832c6e75b408920c9dc36eff76720034.
2022-09-15 10:09:23.964 [Flat Map (2/6)#0] INFO  org.apache.flink.runtime.taskmanager.Task - Flat Map (2/6)#0 (637e9b2fa3e04b020694ccdb23115423) switched from CREATED to DEPLOYING.
2022-09-15 10:09:23.965 [Flat Map (2/6)#0] INFO  org.apache.flink.runtime.taskmanager.Task - Loading JAR files for task Flat Map (2/6)#0 (637e9b2fa3e04b020694ccdb23115423) [DEPLOYING].
2022-09-15 10:09:23.967 [flink-akka.actor.default-dispatcher-4] INFO  org.apache.flink.runtime.taskexecutor.TaskExecutor - Received task Flat Map (3/6)#0 (136de12344d2a3f235d2343418b8af0e), deploy into slot with allocation id 832c6e75b408920c9dc36eff76720034.
2022-09-15 10:09:23.967 [flink-akka.actor.default-dispatcher-4] INFO  o.a.f.runtime.taskexecutor.slot.TaskSlotTableImpl - Activate slot b42a4999ade125cac97529dcd3a2d13f.
2022-09-15 10:09:23.969 [Flat Map (3/6)#0] INFO  org.apache.flink.runtime.taskmanager.Task - Flat Map (3/6)#0 (136de12344d2a3f235d2343418b8af0e) switched from CREATED to DEPLOYING.
2022-09-15 10:09:23.969 [Flat Map (3/6)#0] INFO  org.apache.flink.runtime.taskmanager.Task - Loading JAR files for task Flat Map (3/6)#0 (136de12344d2a3f235d2343418b8af0e) [DEPLOYING].
2022-09-15 10:09:23.970 [flink-akka.actor.default-dispatcher-4] INFO  org.apache.flink.runtime.taskexecutor.TaskExecutor - Received task Flat Map (4/6)#0 (338b4d7206a8c14b64b70c2bdec3e7eb), deploy into slot with allocation id b42a4999ade125cac97529dcd3a2d13f.
2022-09-15 10:09:23.970 [flink-akka.actor.default-dispatcher-4] INFO  o.a.f.runtime.taskexecutor.slot.TaskSlotTableImpl - Activate slot d0eb4de732477b1102d4304184871379.
2022-09-15 10:09:23.972 [Flat Map (4/6)#0] INFO  org.apache.flink.runtime.taskmanager.Task - Flat Map (4/6)#0 (338b4d7206a8c14b64b70c2bdec3e7eb) switched from CREATED to DEPLOYING.
2022-09-15 10:09:23.972 [Flat Map (4/6)#0] INFO  org.apache.flink.runtime.taskmanager.Task - Loading JAR files for task Flat Map (4/6)#0 (338b4d7206a8c14b64b70c2bdec3e7eb) [DEPLOYING].
2022-09-15 10:09:23.974 [flink-akka.actor.default-dispatcher-4] INFO  org.apache.flink.runtime.taskexecutor.TaskExecutor - Received task Flat Map (5/6)#0 (5d800184f693531dd77990c6829754cd), deploy into slot with allocation id d0eb4de732477b1102d4304184871379.
2022-09-15 10:09:23.974 [flink-akka.actor.default-dispatcher-4] INFO  o.a.f.runtime.taskexecutor.slot.TaskSlotTableImpl - Activate slot a10aa41d35e7f0b54e0143cd6fcae83b.
2022-09-15 10:09:23.976 [flink-akka.actor.default-dispatcher-4] INFO  org.apache.flink.runtime.taskexecutor.TaskExecutor - Received task Flat Map (6/6)#0 (b3483772af4de6032a7400d129613164), deploy into slot with allocation id a10aa41d35e7f0b54e0143cd6fcae83b.
2022-09-15 10:09:23.977 [flink-akka.actor.default-dispatcher-4] INFO  o.a.f.runtime.taskexecutor.slot.TaskSlotTableImpl - Activate slot 1ebbf674da1194f2f659151e10db97ea.
2022-09-15 10:09:23.980 [Flat Map (6/6)#0] INFO  org.apache.flink.runtime.taskmanager.Task - Flat Map (6/6)#0 (b3483772af4de6032a7400d129613164) switched from CREATED to DEPLOYING.
2022-09-15 10:09:23.980 [Flat Map (6/6)#0] INFO  org.apache.flink.runtime.taskmanager.Task - Loading JAR files for task Flat Map (6/6)#0 (b3483772af4de6032a7400d129613164) [DEPLOYING].
2022-09-15 10:09:23.983 [flink-akka.actor.default-dispatcher-4] INFO  org.apache.flink.runtime.taskexecutor.TaskExecutor - Received task Sink: Unnamed (1/6)#0 (269934c91c5358976ff0d846c8b45392), deploy into slot with allocation id 1ebbf674da1194f2f659151e10db97ea.
2022-09-15 10:09:23.984 [Sink: Unnamed (1/6)#0] INFO  org.apache.flink.runtime.taskmanager.Task - Sink: Unnamed (1/6)#0 (269934c91c5358976ff0d846c8b45392) switched from CREATED to DEPLOYING.
2022-09-15 10:09:23.984 [Sink: Unnamed (1/6)#0] INFO  org.apache.flink.runtime.taskmanager.Task - Loading JAR files for task Sink: Unnamed (1/6)#0 (269934c91c5358976ff0d846c8b45392) [DEPLOYING].
2022-09-15 10:09:23.984 [flink-akka.actor.default-dispatcher-4] INFO  o.a.f.runtime.taskexecutor.slot.TaskSlotTableImpl - Activate slot 31d3ad09a42a50d5ccc0b3ed182621d4.
2022-09-15 10:09:23.985 [flink-akka.actor.default-dispatcher-4] INFO  org.apache.flink.runtime.taskexecutor.TaskExecutor - Received task Sink: Unnamed (2/6)#0 (e16d258903dfb4277995ccf5a741153f), deploy into slot with allocation id 31d3ad09a42a50d5ccc0b3ed182621d4.
2022-09-15 10:09:23.986 [flink-akka.actor.default-dispatcher-4] INFO  o.a.f.runtime.taskexecutor.slot.TaskSlotTableImpl - Activate slot 832c6e75b408920c9dc36eff76720034.
2022-09-15 10:09:23.986 [Flat Map (6/6)#0] INFO  o.apache.flink.streaming.runtime.tasks.StreamTask - No state backend has been configured, using default (HashMap) org.apache.flink.runtime.state.hashmap.HashMapStateBackend@6ba4cc6a
2022-09-15 10:09:23.986 [Flat Map (6/6)#0] INFO  org.apache.flink.runtime.state.StateBackendLoader - State backend loader loads the state backend as HashMapStateBackend
2022-09-15 10:09:23.986 [Flat Map (6/6)#0] INFO  o.apache.flink.streaming.runtime.tasks.StreamTask - Checkpoint storage is set to 'jobmanager'
2022-09-15 10:09:23.987 [flink-akka.actor.default-dispatcher-4] INFO  org.apache.flink.runtime.taskexecutor.TaskExecutor - Received task Sink: Unnamed (3/6)#0 (9e432374cb6a5ca8146f716244528769), deploy into slot with allocation id 832c6e75b408920c9dc36eff76720034.
2022-09-15 10:09:23.987 [flink-akka.actor.default-dispatcher-4] INFO  o.a.f.runtime.taskexecutor.slot.TaskSlotTableImpl - Activate slot b42a4999ade125cac97529dcd3a2d13f.
2022-09-15 10:09:23.988 [Source: Custom Source -> Timestamps/Watermarks (1/1)#0] INFO  o.apache.flink.streaming.runtime.tasks.StreamTask - No state backend has been configured, using default (HashMap) org.apache.flink.runtime.state.hashmap.HashMapStateBackend@70659db5
2022-09-15 10:09:23.988 [Source: Custom Source -> Timestamps/Watermarks (1/1)#0] INFO  org.apache.flink.runtime.state.StateBackendLoader - State backend loader loads the state backend as HashMapStateBackend
2022-09-15 10:09:23.988 [Source: Custom Source -> Timestamps/Watermarks (1/1)#0] INFO  o.apache.flink.streaming.runtime.tasks.StreamTask - Checkpoint storage is set to 'jobmanager'
2022-09-15 10:09:23.989 [Flat Map (3/6)#0] INFO  o.apache.flink.streaming.runtime.tasks.StreamTask - No state backend has been configured, using default (HashMap) org.apache.flink.runtime.state.hashmap.HashMapStateBackend@49fe22f9
2022-09-15 10:09:23.989 [flink-akka.actor.default-dispatcher-4] INFO  org.apache.flink.runtime.taskexecutor.TaskExecutor - Received task Sink: Unnamed (4/6)#0 (22c1ed8c857ecbea5259a1e84083427e), deploy into slot with allocation id b42a4999ade125cac97529dcd3a2d13f.
2022-09-15 10:09:23.989 [Flat Map (3/6)#0] INFO  org.apache.flink.runtime.state.StateBackendLoader - State backend loader loads the state backend as HashMapStateBackend
2022-09-15 10:09:23.989 [Flat Map (3/6)#0] INFO  o.apache.flink.streaming.runtime.tasks.StreamTask - Checkpoint storage is set to 'jobmanager'
2022-09-15 10:09:23.989 [flink-akka.actor.default-dispatcher-4] INFO  o.a.f.runtime.taskexecutor.slot.TaskSlotTableImpl - Activate slot d0eb4de732477b1102d4304184871379.
2022-09-15 10:09:23.989 [Flat Map (1/6)#0] INFO  o.apache.flink.streaming.runtime.tasks.StreamTask - No state backend has been configured, using default (HashMap) org.apache.flink.runtime.state.hashmap.HashMapStateBackend@5701d498
2022-09-15 10:09:23.989 [Flat Map (1/6)#0] INFO  org.apache.flink.runtime.state.StateBackendLoader - State backend loader loads the state backend as HashMapStateBackend
2022-09-15 10:09:23.989 [Flat Map (1/6)#0] INFO  o.apache.flink.streaming.runtime.tasks.StreamTask - Checkpoint storage is set to 'jobmanager'
2022-09-15 10:09:23.990 [Sink: Unnamed (1/6)#0] INFO  o.apache.flink.streaming.runtime.tasks.StreamTask - No state backend has been configured, using default (HashMap) org.apache.flink.runtime.state.hashmap.HashMapStateBackend@16375e95
2022-09-15 10:09:23.990 [Sink: Unnamed (1/6)#0] INFO  org.apache.flink.runtime.state.StateBackendLoader - State backend loader loads the state backend as HashMapStateBackend
2022-09-15 10:09:23.990 [Sink: Unnamed (1/6)#0] INFO  o.apache.flink.streaming.runtime.tasks.StreamTask - Checkpoint storage is set to 'jobmanager'
2022-09-15 10:09:23.990 [flink-akka.actor.default-dispatcher-4] INFO  org.apache.flink.runtime.taskexecutor.TaskExecutor - Received task Sink: Unnamed (5/6)#0 (ad5013d4a3894c0da89f2025c57e67ed), deploy into slot with allocation id d0eb4de732477b1102d4304184871379.
2022-09-15 10:09:23.991 [flink-akka.actor.default-dispatcher-4] INFO  o.a.f.runtime.taskexecutor.slot.TaskSlotTableImpl - Activate slot a10aa41d35e7f0b54e0143cd6fcae83b.
2022-09-15 10:09:23.991 [Sink: Unnamed (2/6)#0] INFO  org.apache.flink.runtime.taskmanager.Task - Sink: Unnamed (2/6)#0 (e16d258903dfb4277995ccf5a741153f) switched from CREATED to DEPLOYING.
2022-09-15 10:09:23.991 [Sink: Unnamed (2/6)#0] INFO  org.apache.flink.runtime.taskmanager.Task - Loading JAR files for task Sink: Unnamed (2/6)#0 (e16d258903dfb4277995ccf5a741153f) [DEPLOYING].
2022-09-15 10:09:23.991 [Sink: Unnamed (2/6)#0] INFO  o.apache.flink.streaming.runtime.tasks.StreamTask - No state backend has been configured, using default (HashMap) org.apache.flink.runtime.state.hashmap.HashMapStateBackend@22d27cf8
2022-09-15 10:09:23.991 [Sink: Unnamed (2/6)#0] INFO  org.apache.flink.runtime.state.StateBackendLoader - State backend loader loads the state backend as HashMapStateBackend
2022-09-15 10:09:23.992 [Sink: Unnamed (2/6)#0] INFO  o.apache.flink.streaming.runtime.tasks.StreamTask - Checkpoint storage is set to 'jobmanager'
2022-09-15 10:09:23.992 [flink-akka.actor.default-dispatcher-4] INFO  org.apache.flink.runtime.taskexecutor.TaskExecutor - Received task Sink: Unnamed (6/6)#0 (561c9b59b5906533646d009a1ad6a8fa), deploy into slot with allocation id a10aa41d35e7f0b54e0143cd6fcae83b.
2022-09-15 10:09:23.993 [flink-akka.actor.default-dispatcher-4] INFO  o.a.f.runtime.taskexecutor.slot.TaskSlotTableImpl - Activate slot a10aa41d35e7f0b54e0143cd6fcae83b.
2022-09-15 10:09:23.993 [flink-akka.actor.default-dispatcher-4] INFO  o.a.f.runtime.taskexecutor.slot.TaskSlotTableImpl - Activate slot d0eb4de732477b1102d4304184871379.
2022-09-15 10:09:23.993 [flink-akka.actor.default-dispatcher-4] INFO  o.a.f.runtime.taskexecutor.slot.TaskSlotTableImpl - Activate slot 31d3ad09a42a50d5ccc0b3ed182621d4.
2022-09-15 10:09:23.993 [flink-akka.actor.default-dispatcher-4] INFO  o.a.f.runtime.taskexecutor.slot.TaskSlotTableImpl - Activate slot 1ebbf674da1194f2f659151e10db97ea.
2022-09-15 10:09:23.993 [flink-akka.actor.default-dispatcher-4] INFO  o.a.f.runtime.taskexecutor.slot.TaskSlotTableImpl - Activate slot b42a4999ade125cac97529dcd3a2d13f.
2022-09-15 10:09:23.993 [flink-akka.actor.default-dispatcher-4] INFO  o.a.f.runtime.taskexecutor.slot.TaskSlotTableImpl - Activate slot 832c6e75b408920c9dc36eff76720034.
2022-09-15 10:09:23.993 [Sink: Unnamed (6/6)#0] INFO  org.apache.flink.runtime.taskmanager.Task - Sink: Unnamed (6/6)#0 (561c9b59b5906533646d009a1ad6a8fa) switched from CREATED to DEPLOYING.
2022-09-15 10:09:23.993 [Sink: Unnamed (6/6)#0] INFO  org.apache.flink.runtime.taskmanager.Task - Loading JAR files for task Sink: Unnamed (6/6)#0 (561c9b59b5906533646d009a1ad6a8fa) [DEPLOYING].
2022-09-15 10:09:23.994 [Sink: Unnamed (6/6)#0] INFO  o.apache.flink.streaming.runtime.tasks.StreamTask - No state backend has been configured, using default (HashMap) org.apache.flink.runtime.state.hashmap.HashMapStateBackend@21affd29
2022-09-15 10:09:23.994 [Sink: Unnamed (6/6)#0] INFO  org.apache.flink.runtime.state.StateBackendLoader - State backend loader loads the state backend as HashMapStateBackend
2022-09-15 10:09:23.994 [Sink: Unnamed (6/6)#0] INFO  o.apache.flink.streaming.runtime.tasks.StreamTask - Checkpoint storage is set to 'jobmanager'
2022-09-15 10:09:23.994 [Flat Map (4/6)#0] INFO  o.apache.flink.streaming.runtime.tasks.StreamTask - No state backend has been configured, using default (HashMap) org.apache.flink.runtime.state.hashmap.HashMapStateBackend@d4fe6a2
2022-09-15 10:09:23.994 [Flat Map (4/6)#0] INFO  org.apache.flink.runtime.state.StateBackendLoader - State backend loader loads the state backend as HashMapStateBackend
2022-09-15 10:09:23.994 [Flat Map (4/6)#0] INFO  o.apache.flink.streaming.runtime.tasks.StreamTask - Checkpoint storage is set to 'jobmanager'
2022-09-15 10:09:23.995 [Flat Map (2/6)#0] INFO  o.apache.flink.streaming.runtime.tasks.StreamTask - No state backend has been configured, using default (HashMap) org.apache.flink.runtime.state.hashmap.HashMapStateBackend@38d78024
2022-09-15 10:09:23.995 [Flat Map (2/6)#0] INFO  org.apache.flink.runtime.state.StateBackendLoader - State backend loader loads the state backend as HashMapStateBackend
2022-09-15 10:09:23.995 [Flat Map (2/6)#0] INFO  o.apache.flink.streaming.runtime.tasks.StreamTask - Checkpoint storage is set to 'jobmanager'
2022-09-15 10:09:23.995 [Sink: Unnamed (1/6)#0] INFO  org.apache.flink.runtime.taskmanager.Task - Sink: Unnamed (1/6)#0 (269934c91c5358976ff0d846c8b45392) switched from DEPLOYING to INITIALIZING.
2022-09-15 10:09:23.996 [Sink: Unnamed (6/6)#0] INFO  org.apache.flink.runtime.taskmanager.Task - Sink: Unnamed (6/6)#0 (561c9b59b5906533646d009a1ad6a8fa) switched from DEPLOYING to INITIALIZING.
2022-09-15 10:09:23.996 [Flat Map (2/6)#0] INFO  org.apache.flink.runtime.taskmanager.Task - Flat Map (2/6)#0 (637e9b2fa3e04b020694ccdb23115423) switched from DEPLOYING to INITIALIZING.
2022-09-15 10:09:23.996 [Flat Map (3/6)#0] INFO  org.apache.flink.runtime.taskmanager.Task - Flat Map (3/6)#0 (136de12344d2a3f235d2343418b8af0e) switched from DEPLOYING to INITIALIZING.
2022-09-15 10:09:23.997 [Flat Map (6/6)#0] INFO  org.apache.flink.runtime.taskmanager.Task - Flat Map (6/6)#0 (b3483772af4de6032a7400d129613164) switched from DEPLOYING to INITIALIZING.
2022-09-15 10:09:23.997 [Flat Map (1/6)#0] INFO  org.apache.flink.runtime.taskmanager.Task - Flat Map (1/6)#0 (9c35645e7e211cc13a5380c61e8a1361) switched from DEPLOYING to INITIALIZING.
2022-09-15 10:09:23.997 [Sink: Unnamed (2/6)#0] INFO  org.apache.flink.runtime.taskmanager.Task - Sink: Unnamed (2/6)#0 (e16d258903dfb4277995ccf5a741153f) switched from DEPLOYING to INITIALIZING.
2022-09-15 10:09:23.998 [Flat Map (4/6)#0] INFO  org.apache.flink.runtime.taskmanager.Task - Flat Map (4/6)#0 (338b4d7206a8c14b64b70c2bdec3e7eb) switched from DEPLOYING to INITIALIZING.
2022-09-15 10:09:23.998 [flink-akka.actor.default-dispatcher-8] INFO  o.a.flink.runtime.executiongraph.ExecutionGraph - Sink: Unnamed (1/6) (269934c91c5358976ff0d846c8b45392) switched from DEPLOYING to INITIALIZING.
2022-09-15 10:09:23.999 [Source: Custom Source -> Timestamps/Watermarks (1/1)#0] INFO  org.apache.flink.runtime.taskmanager.Task - Source: Custom Source -> Timestamps/Watermarks (1/1)#0 (7c93415ac6f30adb41ce7f5992803532) switched from DEPLOYING to INITIALIZING.
2022-09-15 10:09:23.999 [flink-akka.actor.default-dispatcher-8] INFO  o.a.flink.runtime.executiongraph.ExecutionGraph - Sink: Unnamed (6/6) (561c9b59b5906533646d009a1ad6a8fa) switched from DEPLOYING to INITIALIZING.
2022-09-15 10:09:23.999 [flink-akka.actor.default-dispatcher-8] INFO  o.a.flink.runtime.executiongraph.ExecutionGraph - Flat Map (2/6) (637e9b2fa3e04b020694ccdb23115423) switched from DEPLOYING to INITIALIZING.
2022-09-15 10:09:23.999 [flink-akka.actor.default-dispatcher-8] INFO  o.a.flink.runtime.executiongraph.ExecutionGraph - Flat Map (3/6) (136de12344d2a3f235d2343418b8af0e) switched from DEPLOYING to INITIALIZING.
2022-09-15 10:09:23.999 [flink-akka.actor.default-dispatcher-8] INFO  o.a.flink.runtime.executiongraph.ExecutionGraph - Flat Map (1/6) (9c35645e7e211cc13a5380c61e8a1361) switched from DEPLOYING to INITIALIZING.
2022-09-15 10:09:23.999 [flink-akka.actor.default-dispatcher-8] INFO  o.a.flink.runtime.executiongraph.ExecutionGraph - Flat Map (6/6) (b3483772af4de6032a7400d129613164) switched from DEPLOYING to INITIALIZING.
2022-09-15 10:09:24.000 [flink-akka.actor.default-dispatcher-8] INFO  o.a.flink.runtime.executiongraph.ExecutionGraph - Sink: Unnamed (2/6) (e16d258903dfb4277995ccf5a741153f) switched from DEPLOYING to INITIALIZING.
2022-09-15 10:09:24.000 [flink-akka.actor.default-dispatcher-8] INFO  o.a.flink.runtime.executiongraph.ExecutionGraph - Flat Map (4/6) (338b4d7206a8c14b64b70c2bdec3e7eb) switched from DEPLOYING to INITIALIZING.
2022-09-15 10:09:24.000 [flink-akka.actor.default-dispatcher-8] INFO  o.a.flink.runtime.executiongraph.ExecutionGraph - Source: Custom Source -> Timestamps/Watermarks (1/1) (7c93415ac6f30adb41ce7f5992803532) switched from DEPLOYING to INITIALIZING.
2022-09-15 10:09:24.007 [Sink: Unnamed (4/6)#0] INFO  org.apache.flink.runtime.taskmanager.Task - Sink: Unnamed (4/6)#0 (22c1ed8c857ecbea5259a1e84083427e) switched from CREATED to DEPLOYING.
2022-09-15 10:09:24.007 [Sink: Unnamed (3/6)#0] INFO  org.apache.flink.runtime.taskmanager.Task - Sink: Unnamed (3/6)#0 (9e432374cb6a5ca8146f716244528769) switched from CREATED to DEPLOYING.
2022-09-15 10:09:24.007 [Sink: Unnamed (4/6)#0] INFO  org.apache.flink.runtime.taskmanager.Task - Loading JAR files for task Sink: Unnamed (4/6)#0 (22c1ed8c857ecbea5259a1e84083427e) [DEPLOYING].
2022-09-15 10:09:24.007 [Sink: Unnamed (3/6)#0] INFO  org.apache.flink.runtime.taskmanager.Task - Loading JAR files for task Sink: Unnamed (3/6)#0 (9e432374cb6a5ca8146f716244528769) [DEPLOYING].
2022-09-15 10:09:24.008 [Sink: Unnamed (3/6)#0] INFO  o.apache.flink.streaming.runtime.tasks.StreamTask - No state backend has been configured, using default (HashMap) org.apache.flink.runtime.state.hashmap.HashMapStateBackend@9c003f8
2022-09-15 10:09:24.008 [Sink: Unnamed (3/6)#0] INFO  org.apache.flink.runtime.state.StateBackendLoader - State backend loader loads the state backend as HashMapStateBackend
2022-09-15 10:09:24.009 [Sink: Unnamed (3/6)#0] INFO  o.apache.flink.streaming.runtime.tasks.StreamTask - Checkpoint storage is set to 'jobmanager'
2022-09-15 10:09:24.009 [Sink: Unnamed (3/6)#0] INFO  org.apache.flink.runtime.taskmanager.Task - Sink: Unnamed (3/6)#0 (9e432374cb6a5ca8146f716244528769) switched from DEPLOYING to INITIALIZING.
2022-09-15 10:09:24.011 [Flat Map (5/6)#0] INFO  org.apache.flink.runtime.taskmanager.Task - Flat Map (5/6)#0 (5d800184f693531dd77990c6829754cd) switched from CREATED to DEPLOYING.
2022-09-15 10:09:24.011 [Flat Map (5/6)#0] INFO  org.apache.flink.runtime.taskmanager.Task - Loading JAR files for task Flat Map (5/6)#0 (5d800184f693531dd77990c6829754cd) [DEPLOYING].
2022-09-15 10:09:24.013 [Sink: Unnamed (4/6)#0] INFO  o.apache.flink.streaming.runtime.tasks.StreamTask - No state backend has been configured, using default (HashMap) org.apache.flink.runtime.state.hashmap.HashMapStateBackend@5596ae6b
2022-09-15 10:09:24.013 [Sink: Unnamed (4/6)#0] INFO  org.apache.flink.runtime.state.StateBackendLoader - State backend loader loads the state backend as HashMapStateBackend
2022-09-15 10:09:24.013 [Sink: Unnamed (4/6)#0] INFO  o.apache.flink.streaming.runtime.tasks.StreamTask - Checkpoint storage is set to 'jobmanager'
2022-09-15 10:09:24.013 [Sink: Unnamed (4/6)#0] INFO  org.apache.flink.runtime.taskmanager.Task - Sink: Unnamed (4/6)#0 (22c1ed8c857ecbea5259a1e84083427e) switched from DEPLOYING to INITIALIZING.
2022-09-15 10:09:24.014 [flink-akka.actor.default-dispatcher-7] INFO  o.a.flink.runtime.executiongraph.ExecutionGraph - Sink: Unnamed (3/6) (9e432374cb6a5ca8146f716244528769) switched from DEPLOYING to INITIALIZING.
2022-09-15 10:09:24.014 [flink-akka.actor.default-dispatcher-7] INFO  o.a.flink.runtime.executiongraph.ExecutionGraph - Sink: Unnamed (4/6) (22c1ed8c857ecbea5259a1e84083427e) switched from DEPLOYING to INITIALIZING.
2022-09-15 10:09:24.015 [Flat Map (5/6)#0] INFO  o.apache.flink.streaming.runtime.tasks.StreamTask - No state backend has been configured, using default (HashMap) org.apache.flink.runtime.state.hashmap.HashMapStateBackend@7f3d4b14
2022-09-15 10:09:24.015 [Flat Map (5/6)#0] INFO  org.apache.flink.runtime.state.StateBackendLoader - State backend loader loads the state backend as HashMapStateBackend
2022-09-15 10:09:24.015 [Flat Map (5/6)#0] INFO  o.apache.flink.streaming.runtime.tasks.StreamTask - Checkpoint storage is set to 'jobmanager'
2022-09-15 10:09:24.015 [Flat Map (5/6)#0] INFO  org.apache.flink.runtime.taskmanager.Task - Flat Map (5/6)#0 (5d800184f693531dd77990c6829754cd) switched from DEPLOYING to INITIALIZING.
2022-09-15 10:09:24.017 [flink-akka.actor.default-dispatcher-4] INFO  o.a.flink.runtime.executiongraph.ExecutionGraph - Flat Map (5/6) (5d800184f693531dd77990c6829754cd) switched from DEPLOYING to INITIALIZING.
2022-09-15 10:09:24.020 [Sink: Unnamed (5/6)#0] INFO  org.apache.flink.runtime.taskmanager.Task - Sink: Unnamed (5/6)#0 (ad5013d4a3894c0da89f2025c57e67ed) switched from CREATED to DEPLOYING.
2022-09-15 10:09:24.021 [Sink: Unnamed (5/6)#0] INFO  org.apache.flink.runtime.taskmanager.Task - Loading JAR files for task Sink: Unnamed (5/6)#0 (ad5013d4a3894c0da89f2025c57e67ed) [DEPLOYING].
2022-09-15 10:09:24.021 [Sink: Unnamed (5/6)#0] INFO  o.apache.flink.streaming.runtime.tasks.StreamTask - No state backend has been configured, using default (HashMap) org.apache.flink.runtime.state.hashmap.HashMapStateBackend@58cba1ab
2022-09-15 10:09:24.022 [Sink: Unnamed (5/6)#0] INFO  org.apache.flink.runtime.state.StateBackendLoader - State backend loader loads the state backend as HashMapStateBackend
2022-09-15 10:09:24.022 [Sink: Unnamed (5/6)#0] INFO  o.apache.flink.streaming.runtime.tasks.StreamTask - Checkpoint storage is set to 'jobmanager'
2022-09-15 10:09:24.022 [Sink: Unnamed (5/6)#0] INFO  org.apache.flink.runtime.taskmanager.Task - Sink: Unnamed (5/6)#0 (ad5013d4a3894c0da89f2025c57e67ed) switched from DEPLOYING to INITIALIZING.
2022-09-15 10:09:24.022 [flink-akka.actor.default-dispatcher-6] INFO  o.a.flink.runtime.executiongraph.ExecutionGraph - Sink: Unnamed (5/6) (ad5013d4a3894c0da89f2025c57e67ed) switched from DEPLOYING to INITIALIZING.
2022-09-15 10:09:24.089 [Sink: Unnamed (1/6)#0] INFO  o.a.f.r.state.heap.HeapKeyedStateBackendBuilder - Finished to build heap keyed state-backend.
2022-09-15 10:09:24.089 [Sink: Unnamed (6/6)#0] INFO  o.a.f.r.state.heap.HeapKeyedStateBackendBuilder - Finished to build heap keyed state-backend.
2022-09-15 10:09:24.089 [Sink: Unnamed (2/6)#0] INFO  o.a.f.r.state.heap.HeapKeyedStateBackendBuilder - Finished to build heap keyed state-backend.
2022-09-15 10:09:24.089 [Sink: Unnamed (5/6)#0] INFO  o.a.f.r.state.heap.HeapKeyedStateBackendBuilder - Finished to build heap keyed state-backend.
2022-09-15 10:09:24.090 [Sink: Unnamed (4/6)#0] INFO  o.a.f.r.state.heap.HeapKeyedStateBackendBuilder - Finished to build heap keyed state-backend.
2022-09-15 10:09:24.090 [Sink: Unnamed (3/6)#0] INFO  o.a.f.r.state.heap.HeapKeyedStateBackendBuilder - Finished to build heap keyed state-backend.
2022-09-15 10:09:24.091 [Flat Map (3/6)#0] INFO  org.apache.flink.runtime.taskmanager.Task - Flat Map (3/6)#0 (136de12344d2a3f235d2343418b8af0e) switched from INITIALIZING to RUNNING.
2022-09-15 10:09:24.092 [flink-akka.actor.default-dispatcher-6] INFO  o.a.flink.runtime.executiongraph.ExecutionGraph - Flat Map (3/6) (136de12344d2a3f235d2343418b8af0e) switched from INITIALIZING to RUNNING.
2022-09-15 10:09:24.093 [Flat Map (4/6)#0] INFO  org.apache.flink.runtime.taskmanager.Task - Flat Map (4/6)#0 (338b4d7206a8c14b64b70c2bdec3e7eb) switched from INITIALIZING to RUNNING.
2022-09-15 10:09:24.094 [flink-akka.actor.default-dispatcher-7] INFO  o.a.flink.runtime.executiongraph.ExecutionGraph - Flat Map (4/6) (338b4d7206a8c14b64b70c2bdec3e7eb) switched from INITIALIZING to RUNNING.
2022-09-15 10:09:24.098 [Source: Custom Source -> Timestamps/Watermarks (1/1)#0] INFO  o.a.f.s.a.f.source.MessageAcknowledgingSourceBase - No state to restore for the RMQSource.
2022-09-15 10:09:24.100 [Flat Map (5/6)#0] INFO  org.apache.flink.runtime.taskmanager.Task - Flat Map (5/6)#0 (5d800184f693531dd77990c6829754cd) switched from INITIALIZING to RUNNING.
2022-09-15 10:09:24.101 [Flat Map (6/6)#0] INFO  org.apache.flink.runtime.taskmanager.Task - Flat Map (6/6)#0 (b3483772af4de6032a7400d129613164) switched from INITIALIZING to RUNNING.
2022-09-15 10:09:24.101 [Flat Map (1/6)#0] INFO  org.apache.flink.runtime.taskmanager.Task - Flat Map (1/6)#0 (9c35645e7e211cc13a5380c61e8a1361) switched from INITIALIZING to RUNNING.
2022-09-15 10:09:24.100 [Sink: Unnamed (1/6)#0] INFO  o.a.flink.runtime.state.heap.HeapKeyedStateBackend - Initializing heap keyed state backend with stream factory.
2022-09-15 10:09:24.101 [Sink: Unnamed (2/6)#0] INFO  o.a.flink.runtime.state.heap.HeapKeyedStateBackend - Initializing heap keyed state backend with stream factory.
2022-09-15 10:09:24.102 [flink-akka.actor.default-dispatcher-6] INFO  o.a.flink.runtime.executiongraph.ExecutionGraph - Flat Map (6/6) (b3483772af4de6032a7400d129613164) switched from INITIALIZING to RUNNING.
2022-09-15 10:09:24.103 [flink-akka.actor.default-dispatcher-6] INFO  o.a.flink.runtime.executiongraph.ExecutionGraph - Flat Map (5/6) (5d800184f693531dd77990c6829754cd) switched from INITIALIZING to RUNNING.
2022-09-15 10:09:24.101 [Sink: Unnamed (6/6)#0] INFO  o.a.flink.runtime.state.heap.HeapKeyedStateBackend - Initializing heap keyed state backend with stream factory.
2022-09-15 10:09:24.104 [flink-akka.actor.default-dispatcher-6] INFO  o.a.flink.runtime.executiongraph.ExecutionGraph - Flat Map (1/6) (9c35645e7e211cc13a5380c61e8a1361) switched from INITIALIZING to RUNNING.
2022-09-15 10:09:24.105 [Sink: Unnamed (5/6)#0] INFO  o.a.flink.runtime.state.heap.HeapKeyedStateBackend - Initializing heap keyed state backend with stream factory.
2022-09-15 10:09:24.106 [Sink: Unnamed (4/6)#0] INFO  o.a.flink.runtime.state.heap.HeapKeyedStateBackend - Initializing heap keyed state backend with stream factory.
2022-09-15 10:09:24.106 [Sink: Unnamed (3/6)#0] INFO  o.a.flink.runtime.state.heap.HeapKeyedStateBackend - Initializing heap keyed state backend with stream factory.
2022-09-15 10:09:24.106 [Flat Map (2/6)#0] INFO  org.apache.flink.runtime.taskmanager.Task - Flat Map (2/6)#0 (637e9b2fa3e04b020694ccdb23115423) switched from INITIALIZING to RUNNING.
2022-09-15 10:09:24.107 [flink-akka.actor.default-dispatcher-8] INFO  o.a.flink.runtime.executiongraph.ExecutionGraph - Flat Map (2/6) (637e9b2fa3e04b020694ccdb23115423) switched from INITIALIZING to RUNNING.
2022-09-15 10:09:24.123 [Sink: Unnamed (1/6)#0] INFO  org.apache.flink.runtime.taskmanager.Task - Sink: Unnamed (1/6)#0 (269934c91c5358976ff0d846c8b45392) switched from INITIALIZING to RUNNING.
2022-09-15 10:09:24.123 [Sink: Unnamed (5/6)#0] INFO  org.apache.flink.runtime.taskmanager.Task - Sink: Unnamed (5/6)#0 (ad5013d4a3894c0da89f2025c57e67ed) switched from INITIALIZING to RUNNING.
2022-09-15 10:09:24.124 [flink-akka.actor.default-dispatcher-4] INFO  o.a.flink.runtime.executiongraph.ExecutionGraph - Sink: Unnamed (1/6) (269934c91c5358976ff0d846c8b45392) switched from INITIALIZING to RUNNING.
2022-09-15 10:09:24.125 [flink-akka.actor.default-dispatcher-4] INFO  o.a.flink.runtime.executiongraph.ExecutionGraph - Sink: Unnamed (5/6) (ad5013d4a3894c0da89f2025c57e67ed) switched from INITIALIZING to RUNNING.
2022-09-15 10:09:24.125 [Sink: Unnamed (3/6)#0] INFO  org.apache.flink.runtime.taskmanager.Task - Sink: Unnamed (3/6)#0 (9e432374cb6a5ca8146f716244528769) switched from INITIALIZING to RUNNING.
2022-09-15 10:09:24.126 [Sink: Unnamed (2/6)#0] INFO  org.apache.flink.runtime.taskmanager.Task - Sink: Unnamed (2/6)#0 (e16d258903dfb4277995ccf5a741153f) switched from INITIALIZING to RUNNING.
2022-09-15 10:09:24.126 [flink-akka.actor.default-dispatcher-6] INFO  o.a.flink.runtime.executiongraph.ExecutionGraph - Sink: Unnamed (3/6) (9e432374cb6a5ca8146f716244528769) switched from INITIALIZING to RUNNING.
2022-09-15 10:09:24.126 [flink-akka.actor.default-dispatcher-6] INFO  o.a.flink.runtime.executiongraph.ExecutionGraph - Sink: Unnamed (2/6) (e16d258903dfb4277995ccf5a741153f) switched from INITIALIZING to RUNNING.
2022-09-15 10:09:24.127 [Sink: Unnamed (6/6)#0] INFO  org.apache.flink.runtime.taskmanager.Task - Sink: Unnamed (6/6)#0 (561c9b59b5906533646d009a1ad6a8fa) switched from INITIALIZING to RUNNING.
2022-09-15 10:09:24.127 [flink-akka.actor.default-dispatcher-4] INFO  o.a.flink.runtime.executiongraph.ExecutionGraph - Sink: Unnamed (6/6) (561c9b59b5906533646d009a1ad6a8fa) switched from INITIALIZING to RUNNING.
2022-09-15 10:09:24.127 [Sink: Unnamed (4/6)#0] INFO  org.apache.flink.runtime.taskmanager.Task - Sink: Unnamed (4/6)#0 (22c1ed8c857ecbea5259a1e84083427e) switched from INITIALIZING to RUNNING.
2022-09-15 10:09:24.128 [flink-akka.actor.default-dispatcher-4] INFO  o.a.flink.runtime.executiongraph.ExecutionGraph - Sink: Unnamed (4/6) (22c1ed8c857ecbea5259a1e84083427e) switched from INITIALIZING to RUNNING.
2022-09-15 10:09:24.249 [Source: Custom Source -> Timestamps/Watermarks (1/1)#0] INFO  org.apache.flink.runtime.taskmanager.Task - Source: Custom Source -> Timestamps/Watermarks (1/1)#0 (7c93415ac6f30adb41ce7f5992803532) switched from INITIALIZING to RUNNING.
2022-09-15 10:09:24.249 [flink-akka.actor.default-dispatcher-6] INFO  o.a.flink.runtime.executiongraph.ExecutionGraph - Source: Custom Source -> Timestamps/Watermarks (1/1) (7c93415ac6f30adb41ce7f5992803532) switched from INITIALIZING to RUNNING.
